[0.009s] Invoking command in '/home/knn/USB_test/build/usb_v1': CMAKE_PREFIX_PATH=/home/knn/USB_test/install/serial:/home/knn/USB_test/install/usb_v1:/home/knn/abu2025_ws/install/ust_05ln_ros2:/home/knn/abu2025_ws/install/irob_maneuv3r:/home/knn/abu2025_ws/install/irob_launcher:/home/knn/abu2025_ws/install/irob_interface:/home/knn/abu2025_ws/install/irob_controller:/home/knn/abu2025_ws/install/irob_msgs:/home/knn/abu2025_ws/install/abu2025_ros2:/opt/ros/humble /usr/bin/cmake --build /home/knn/USB_test/build/usb_v1 -- -j12 -l12
[0.059s] [  2%] Built target usb_v1__cpp
[0.061s] [ 11%] Built target usb_v1__rosidl_generator_c
[0.066s] [ 20%] Built target listener
[0.066s] [ 20%] [32mBuilding CXX object CMakeFiles/talker.dir/src/USB_esp.cpp.o[0m
[0.067s] [ 20%] Built target ament_cmake_python_copy_usb_v1
[0.085s] [ 28%] Built target usb_v1__rosidl_typesupport_cpp
[0.088s] [ 45%] Built target usb_v1__rosidl_typesupport_fastrtps_cpp
[0.088s] [ 45%] Built target usb_v1__rosidl_typesupport_c
[0.090s] [ 62%] Built target usb_v1__rosidl_typesupport_introspection_c
[0.090s] [ 62%] Built target usb_v1__rosidl_typesupport_introspection_cpp
[0.091s] [ 71%] Built target usb_v1__rosidl_typesupport_fastrtps_c
[0.115s] [ 71%] Built target usb_v1
[0.136s] [ 74%] Built target usb_v1__py
[0.158s] [ 80%] Built target usb_v1__rosidl_generator_py
[0.185s] [ 94%] Built target usb_v1__rosidl_typesupport_fastrtps_c__pyext
[0.185s] [ 94%] Built target usb_v1__rosidl_typesupport_introspection_c__pyext
[0.185s] [ 97%] Built target usb_v1__rosidl_typesupport_c__pyext
[0.282s] running egg_info
[0.282s] writing usb_v1.egg-info/PKG-INFO
[0.282s] writing dependency_links to usb_v1.egg-info/dependency_links.txt
[0.283s] writing top-level names to usb_v1.egg-info/top_level.txt
[0.284s] reading manifest file 'usb_v1.egg-info/SOURCES.txt'
[0.285s] writing manifest file 'usb_v1.egg-info/SOURCES.txt'
[0.306s] [ 97%] Built target ament_cmake_python_build_usb_v1_egg
[2.569s] [100%] [32m[1mLinking CXX executable talker[0m
[2.697s] [100%] Built target talker
[2.705s] Invoked command in '/home/knn/USB_test/build/usb_v1' returned '0': CMAKE_PREFIX_PATH=/home/knn/USB_test/install/serial:/home/knn/USB_test/install/usb_v1:/home/knn/abu2025_ws/install/ust_05ln_ros2:/home/knn/abu2025_ws/install/irob_maneuv3r:/home/knn/abu2025_ws/install/irob_launcher:/home/knn/abu2025_ws/install/irob_interface:/home/knn/abu2025_ws/install/irob_controller:/home/knn/abu2025_ws/install/irob_msgs:/home/knn/abu2025_ws/install/abu2025_ros2:/opt/ros/humble /usr/bin/cmake --build /home/knn/USB_test/build/usb_v1 -- -j12 -l12
[2.707s] Invoking command in '/home/knn/USB_test/build/usb_v1': CMAKE_PREFIX_PATH=/home/knn/USB_test/install/serial:/home/knn/USB_test/install/usb_v1:/home/knn/abu2025_ws/install/ust_05ln_ros2:/home/knn/abu2025_ws/install/irob_maneuv3r:/home/knn/abu2025_ws/install/irob_launcher:/home/knn/abu2025_ws/install/irob_interface:/home/knn/abu2025_ws/install/irob_controller:/home/knn/abu2025_ws/install/irob_msgs:/home/knn/abu2025_ws/install/abu2025_ros2:/opt/ros/humble /usr/bin/cmake --install /home/knn/USB_test/build/usb_v1
[2.714s] -- Install configuration: ""
[2.714s] -- Installing: /home/knn/USB_test/install/usb_v1/lib/usb_v1/talker
[2.715s] -- Set runtime path of "/home/knn/USB_test/install/usb_v1/lib/usb_v1/talker" to ""
[2.715s] -- Up-to-date: /home/knn/USB_test/install/usb_v1/lib/usb_v1/listener
[2.715s] -- Up-to-date: /home/knn/USB_test/install/usb_v1/share/ament_index/resource_index/rosidl_interfaces/usb_v1
[2.715s] -- Up-to-date: /home/knn/USB_test/install/usb_v1/include/usb_v1/usb_v1
[2.715s] -- Up-to-date: /home/knn/USB_test/install/usb_v1/include/usb_v1/usb_v1/msg
[2.715s] -- Up-to-date: /home/knn/USB_test/install/usb_v1/include/usb_v1/usb_v1/msg/joy.h
[2.715s] -- Up-to-date: /home/knn/USB_test/install/usb_v1/include/usb_v1/usb_v1/msg/rosidl_generator_c__visibility_control.h
[2.715s] -- Up-to-date: /home/knn/USB_test/install/usb_v1/include/usb_v1/usb_v1/msg/detail
[2.715s] -- Up-to-date: /home/knn/USB_test/install/usb_v1/include/usb_v1/usb_v1/msg/detail/joy__functions.h
[2.715s] -- Up-to-date: /home/knn/USB_test/install/usb_v1/include/usb_v1/usb_v1/msg/detail/joy__type_support.h
[2.715s] -- Up-to-date: /home/knn/USB_test/install/usb_v1/include/usb_v1/usb_v1/msg/detail/joy__functions.c
[2.715s] -- Up-to-date: /home/knn/USB_test/install/usb_v1/include/usb_v1/usb_v1/msg/detail/joy__struct.h
[2.715s] -- Up-to-date: /home/knn/USB_test/install/usb_v1/share/usb_v1/environment/library_path.sh
[2.716s] -- Up-to-date: /home/knn/USB_test/install/usb_v1/share/usb_v1/environment/library_path.dsv
[2.716s] -- Up-to-date: /home/knn/USB_test/install/usb_v1/lib/libusb_v1__rosidl_generator_c.so
[2.716s] -- Up-to-date: /home/knn/USB_test/install/usb_v1/include/usb_v1/usb_v1
[2.716s] -- Up-to-date: /home/knn/USB_test/install/usb_v1/include/usb_v1/usb_v1/msg
[2.716s] -- Up-to-date: /home/knn/USB_test/install/usb_v1/include/usb_v1/usb_v1/msg/rosidl_typesupport_fastrtps_c__visibility_control.h
[2.716s] -- Up-to-date: /home/knn/USB_test/install/usb_v1/include/usb_v1/usb_v1/msg/detail
[2.716s] -- Up-to-date: /home/knn/USB_test/install/usb_v1/include/usb_v1/usb_v1/msg/detail/joy__rosidl_typesupport_fastrtps_c.h
[2.716s] -- Up-to-date: /home/knn/USB_test/install/usb_v1/lib/libusb_v1__rosidl_typesupport_fastrtps_c.so
[2.716s] -- Up-to-date: /home/knn/USB_test/install/usb_v1/include/usb_v1/usb_v1
[2.716s] -- Up-to-date: /home/knn/USB_test/install/usb_v1/include/usb_v1/usb_v1/msg
[2.716s] -- Up-to-date: /home/knn/USB_test/install/usb_v1/include/usb_v1/usb_v1/msg/rosidl_generator_cpp__visibility_control.hpp
[2.716s] -- Up-to-date: /home/knn/USB_test/install/usb_v1/include/usb_v1/usb_v1/msg/joy.hpp
[2.717s] -- Up-to-date: /home/knn/USB_test/install/usb_v1/include/usb_v1/usb_v1/msg/detail
[2.717s] -- Up-to-date: /home/knn/USB_test/install/usb_v1/include/usb_v1/usb_v1/msg/detail/joy__traits.hpp
[2.717s] -- Up-to-date: /home/knn/USB_test/install/usb_v1/include/usb_v1/usb_v1/msg/detail/joy__type_support.hpp
[2.717s] -- Up-to-date: /home/knn/USB_test/install/usb_v1/include/usb_v1/usb_v1/msg/detail/joy__struct.hpp
[2.717s] -- Up-to-date: /home/knn/USB_test/install/usb_v1/include/usb_v1/usb_v1/msg/detail/joy__builder.hpp
[2.717s] -- Up-to-date: /home/knn/USB_test/install/usb_v1/include/usb_v1/usb_v1
[2.717s] -- Up-to-date: /home/knn/USB_test/install/usb_v1/include/usb_v1/usb_v1/msg
[2.717s] -- Up-to-date: /home/knn/USB_test/install/usb_v1/include/usb_v1/usb_v1/msg/rosidl_typesupport_fastrtps_cpp__visibility_control.h
[2.717s] -- Up-to-date: /home/knn/USB_test/install/usb_v1/include/usb_v1/usb_v1/msg/detail
[2.717s] -- Up-to-date: /home/knn/USB_test/install/usb_v1/include/usb_v1/usb_v1/msg/detail/dds_fastrtps
[2.717s] -- Up-to-date: /home/knn/USB_test/install/usb_v1/include/usb_v1/usb_v1/msg/detail/joy__rosidl_typesupport_fastrtps_cpp.hpp
[2.717s] -- Up-to-date: /home/knn/USB_test/install/usb_v1/lib/libusb_v1__rosidl_typesupport_fastrtps_cpp.so
[2.718s] -- Up-to-date: /home/knn/USB_test/install/usb_v1/include/usb_v1/usb_v1
[2.718s] -- Up-to-date: /home/knn/USB_test/install/usb_v1/include/usb_v1/usb_v1/msg
[2.718s] -- Up-to-date: /home/knn/USB_test/install/usb_v1/include/usb_v1/usb_v1/msg/rosidl_typesupport_introspection_c__visibility_control.h
[2.718s] -- Up-to-date: /home/knn/USB_test/install/usb_v1/include/usb_v1/usb_v1/msg/detail
[2.718s] -- Up-to-date: /home/knn/USB_test/install/usb_v1/include/usb_v1/usb_v1/msg/detail/joy__type_support.c
[2.718s] -- Up-to-date: /home/knn/USB_test/install/usb_v1/include/usb_v1/usb_v1/msg/detail/joy__rosidl_typesupport_introspection_c.h
[2.718s] -- Up-to-date: /home/knn/USB_test/install/usb_v1/lib/libusb_v1__rosidl_typesupport_introspection_c.so
[2.718s] -- Up-to-date: /home/knn/USB_test/install/usb_v1/lib/libusb_v1__rosidl_typesupport_c.so
[2.718s] -- Up-to-date: /home/knn/USB_test/install/usb_v1/include/usb_v1/usb_v1
[2.718s] -- Up-to-date: /home/knn/USB_test/install/usb_v1/include/usb_v1/usb_v1/msg
[2.718s] -- Up-to-date: /home/knn/USB_test/install/usb_v1/include/usb_v1/usb_v1/msg/detail
[2.718s] -- Up-to-date: /home/knn/USB_test/install/usb_v1/include/usb_v1/usb_v1/msg/detail/joy__type_support.cpp
[2.718s] -- Up-to-date: /home/knn/USB_test/install/usb_v1/include/usb_v1/usb_v1/msg/detail/joy__rosidl_typesupport_introspection_cpp.hpp
[2.718s] -- Up-to-date: /home/knn/USB_test/install/usb_v1/lib/libusb_v1__rosidl_typesupport_introspection_cpp.so
[2.718s] -- Up-to-date: /home/knn/USB_test/install/usb_v1/lib/libusb_v1__rosidl_typesupport_cpp.so
[2.718s] -- Up-to-date: /home/knn/USB_test/install/usb_v1/share/usb_v1/environment/pythonpath.sh
[2.719s] -- Up-to-date: /home/knn/USB_test/install/usb_v1/share/usb_v1/environment/pythonpath.dsv
[2.719s] -- Up-to-date: /home/knn/USB_test/install/usb_v1/local/lib/python3.10/dist-packages/usb_v1-0.0.0-py3.10.egg-info
[2.719s] -- Installing: /home/knn/USB_test/install/usb_v1/local/lib/python3.10/dist-packages/usb_v1-0.0.0-py3.10.egg-info/top_level.txt
[2.719s] -- Installing: /home/knn/USB_test/install/usb_v1/local/lib/python3.10/dist-packages/usb_v1-0.0.0-py3.10.egg-info/dependency_links.txt
[2.719s] -- Installing: /home/knn/USB_test/install/usb_v1/local/lib/python3.10/dist-packages/usb_v1-0.0.0-py3.10.egg-info/SOURCES.txt
[2.719s] -- Installing: /home/knn/USB_test/install/usb_v1/local/lib/python3.10/dist-packages/usb_v1-0.0.0-py3.10.egg-info/PKG-INFO
[2.719s] -- Up-to-date: /home/knn/USB_test/install/usb_v1/local/lib/python3.10/dist-packages/usb_v1
[2.719s] -- Up-to-date: /home/knn/USB_test/install/usb_v1/local/lib/python3.10/dist-packages/usb_v1/usb_v1_s__rosidl_typesupport_c.cpython-310-x86_64-linux-gnu.so
[2.719s] -- Up-to-date: /home/knn/USB_test/install/usb_v1/local/lib/python3.10/dist-packages/usb_v1/msg
[2.719s] -- Up-to-date: /home/knn/USB_test/install/usb_v1/local/lib/python3.10/dist-packages/usb_v1/msg/_joy.py
[2.719s] -- Up-to-date: /home/knn/USB_test/install/usb_v1/local/lib/python3.10/dist-packages/usb_v1/msg/_joy_s.c
[2.719s] -- Up-to-date: /home/knn/USB_test/install/usb_v1/local/lib/python3.10/dist-packages/usb_v1/msg/__init__.py
[2.719s] -- Up-to-date: /home/knn/USB_test/install/usb_v1/local/lib/python3.10/dist-packages/usb_v1/_usb_v1_s.ep.rosidl_typesupport_fastrtps_c.c
[2.719s] -- Up-to-date: /home/knn/USB_test/install/usb_v1/local/lib/python3.10/dist-packages/usb_v1/_usb_v1_s.ep.rosidl_typesupport_introspection_c.c
[2.719s] -- Up-to-date: /home/knn/USB_test/install/usb_v1/local/lib/python3.10/dist-packages/usb_v1/usb_v1_s__rosidl_typesupport_introspection_c.cpython-310-x86_64-linux-gnu.so
[2.719s] -- Up-to-date: /home/knn/USB_test/install/usb_v1/local/lib/python3.10/dist-packages/usb_v1/usb_v1_s__rosidl_typesupport_fastrtps_c.cpython-310-x86_64-linux-gnu.so
[2.720s] -- Up-to-date: /home/knn/USB_test/install/usb_v1/local/lib/python3.10/dist-packages/usb_v1/__init__.py
[2.720s] -- Up-to-date: /home/knn/USB_test/install/usb_v1/local/lib/python3.10/dist-packages/usb_v1/_usb_v1_s.ep.rosidl_typesupport_c.c
[2.720s] -- Up-to-date: /home/knn/USB_test/install/usb_v1/local/lib/python3.10/dist-packages/usb_v1/libusb_v1__rosidl_generator_py.so
[2.743s] Listing '/home/knn/USB_test/install/usb_v1/local/lib/python3.10/dist-packages/usb_v1'...
[2.744s] Listing '/home/knn/USB_test/install/usb_v1/local/lib/python3.10/dist-packages/usb_v1/msg'...
[2.746s] -- Up-to-date: /home/knn/USB_test/install/usb_v1/local/lib/python3.10/dist-packages/usb_v1/usb_v1_s__rosidl_typesupport_fastrtps_c.cpython-310-x86_64-linux-gnu.so
[2.746s] -- Up-to-date: /home/knn/USB_test/install/usb_v1/local/lib/python3.10/dist-packages/usb_v1/usb_v1_s__rosidl_typesupport_introspection_c.cpython-310-x86_64-linux-gnu.so
[2.746s] -- Up-to-date: /home/knn/USB_test/install/usb_v1/local/lib/python3.10/dist-packages/usb_v1/usb_v1_s__rosidl_typesupport_c.cpython-310-x86_64-linux-gnu.so
[2.747s] -- Up-to-date: /home/knn/USB_test/install/usb_v1/lib/libusb_v1__rosidl_generator_py.so
[2.747s] -- Up-to-date: /home/knn/USB_test/install/usb_v1/share/usb_v1/msg/Joy.idl
[2.747s] -- Up-to-date: /home/knn/USB_test/install/usb_v1/share/usb_v1/msg/Joy.msg
[2.747s] -- Up-to-date: /home/knn/USB_test/install/usb_v1/share/ament_index/resource_index/package_run_dependencies/usb_v1
[2.747s] -- Up-to-date: /home/knn/USB_test/install/usb_v1/share/ament_index/resource_index/parent_prefix_path/usb_v1
[2.748s] -- Up-to-date: /home/knn/USB_test/install/usb_v1/share/usb_v1/environment/ament_prefix_path.sh
[2.748s] -- Up-to-date: /home/knn/USB_test/install/usb_v1/share/usb_v1/environment/ament_prefix_path.dsv
[2.748s] -- Up-to-date: /home/knn/USB_test/install/usb_v1/share/usb_v1/environment/path.sh
[2.748s] -- Up-to-date: /home/knn/USB_test/install/usb_v1/share/usb_v1/environment/path.dsv
[2.748s] -- Up-to-date: /home/knn/USB_test/install/usb_v1/share/usb_v1/local_setup.bash
[2.748s] -- Up-to-date: /home/knn/USB_test/install/usb_v1/share/usb_v1/local_setup.sh
[2.748s] -- Up-to-date: /home/knn/USB_test/install/usb_v1/share/usb_v1/local_setup.zsh
[2.748s] -- Up-to-date: /home/knn/USB_test/install/usb_v1/share/usb_v1/local_setup.dsv
[2.748s] -- Installing: /home/knn/USB_test/install/usb_v1/share/usb_v1/package.dsv
[2.748s] -- Up-to-date: /home/knn/USB_test/install/usb_v1/share/ament_index/resource_index/packages/usb_v1
[2.748s] -- Up-to-date: /home/knn/USB_test/install/usb_v1/share/usb_v1/cmake/export_usb_v1__rosidl_generator_cExport.cmake
[2.748s] -- Up-to-date: /home/knn/USB_test/install/usb_v1/share/usb_v1/cmake/export_usb_v1__rosidl_generator_cExport-noconfig.cmake
[2.748s] -- Up-to-date: /home/knn/USB_test/install/usb_v1/share/usb_v1/cmake/export_usb_v1__rosidl_typesupport_fastrtps_cExport.cmake
[2.748s] -- Up-to-date: /home/knn/USB_test/install/usb_v1/share/usb_v1/cmake/export_usb_v1__rosidl_typesupport_fastrtps_cExport-noconfig.cmake
[2.748s] -- Up-to-date: /home/knn/USB_test/install/usb_v1/share/usb_v1/cmake/export_usb_v1__rosidl_generator_cppExport.cmake
[2.749s] -- Up-to-date: /home/knn/USB_test/install/usb_v1/share/usb_v1/cmake/export_usb_v1__rosidl_typesupport_fastrtps_cppExport.cmake
[2.749s] -- Up-to-date: /home/knn/USB_test/install/usb_v1/share/usb_v1/cmake/export_usb_v1__rosidl_typesupport_fastrtps_cppExport-noconfig.cmake
[2.749s] -- Up-to-date: /home/knn/USB_test/install/usb_v1/share/usb_v1/cmake/usb_v1__rosidl_typesupport_introspection_cExport.cmake
[2.749s] -- Up-to-date: /home/knn/USB_test/install/usb_v1/share/usb_v1/cmake/usb_v1__rosidl_typesupport_introspection_cExport-noconfig.cmake
[2.749s] -- Up-to-date: /home/knn/USB_test/install/usb_v1/share/usb_v1/cmake/usb_v1__rosidl_typesupport_cExport.cmake
[2.749s] -- Up-to-date: /home/knn/USB_test/install/usb_v1/share/usb_v1/cmake/usb_v1__rosidl_typesupport_cExport-noconfig.cmake
[2.749s] -- Up-to-date: /home/knn/USB_test/install/usb_v1/share/usb_v1/cmake/usb_v1__rosidl_typesupport_introspection_cppExport.cmake
[2.749s] -- Up-to-date: /home/knn/USB_test/install/usb_v1/share/usb_v1/cmake/usb_v1__rosidl_typesupport_introspection_cppExport-noconfig.cmake
[2.749s] -- Up-to-date: /home/knn/USB_test/install/usb_v1/share/usb_v1/cmake/usb_v1__rosidl_typesupport_cppExport.cmake
[2.749s] -- Up-to-date: /home/knn/USB_test/install/usb_v1/share/usb_v1/cmake/usb_v1__rosidl_typesupport_cppExport-noconfig.cmake
[2.750s] -- Up-to-date: /home/knn/USB_test/install/usb_v1/share/usb_v1/cmake/export_usb_v1__rosidl_generator_pyExport.cmake
[2.750s] -- Up-to-date: /home/knn/USB_test/install/usb_v1/share/usb_v1/cmake/export_usb_v1__rosidl_generator_pyExport-noconfig.cmake
[2.750s] -- Up-to-date: /home/knn/USB_test/install/usb_v1/share/usb_v1/cmake/rosidl_cmake-extras.cmake
[2.750s] -- Up-to-date: /home/knn/USB_test/install/usb_v1/share/usb_v1/cmake/ament_cmake_export_dependencies-extras.cmake
[2.750s] -- Up-to-date: /home/knn/USB_test/install/usb_v1/share/usb_v1/cmake/ament_cmake_export_include_directories-extras.cmake
[2.750s] -- Up-to-date: /home/knn/USB_test/install/usb_v1/share/usb_v1/cmake/ament_cmake_export_libraries-extras.cmake
[2.750s] -- Up-to-date: /home/knn/USB_test/install/usb_v1/share/usb_v1/cmake/ament_cmake_export_targets-extras.cmake
[2.750s] -- Up-to-date: /home/knn/USB_test/install/usb_v1/share/usb_v1/cmake/rosidl_cmake_export_typesupport_targets-extras.cmake
[2.750s] -- Up-to-date: /home/knn/USB_test/install/usb_v1/share/usb_v1/cmake/rosidl_cmake_export_typesupport_libraries-extras.cmake
[2.750s] -- Up-to-date: /home/knn/USB_test/install/usb_v1/share/usb_v1/cmake/usb_v1Config.cmake
[2.751s] -- Up-to-date: /home/knn/USB_test/install/usb_v1/share/usb_v1/cmake/usb_v1Config-version.cmake
[2.751s] -- Up-to-date: /home/knn/USB_test/install/usb_v1/share/usb_v1/package.xml
[2.751s] Invoked command in '/home/knn/USB_test/build/usb_v1' returned '0': CMAKE_PREFIX_PATH=/home/knn/USB_test/install/serial:/home/knn/USB_test/install/usb_v1:/home/knn/abu2025_ws/install/ust_05ln_ros2:/home/knn/abu2025_ws/install/irob_maneuv3r:/home/knn/abu2025_ws/install/irob_launcher:/home/knn/abu2025_ws/install/irob_interface:/home/knn/abu2025_ws/install/irob_controller:/home/knn/abu2025_ws/install/irob_msgs:/home/knn/abu2025_ws/install/abu2025_ros2:/opt/ros/humble /usr/bin/cmake --install /home/knn/USB_test/build/usb_v1
