[0.011s] Invoking command in '/home/knn/USB_test/build/usb_v1': AMENT_PREFIX_PATH=/home/knn/USB_test/install/serial:${AMENT_PREFIX_PATH} CMAKE_PREFIX_PATH=/home/knn/USB_test/install/serial:/home/knn/abu2025_ws/install/ust_05ln_ros2:/home/knn/abu2025_ws/install/irob_maneuv3r:/home/knn/abu2025_ws/install/irob_launcher:/home/knn/abu2025_ws/install/irob_interface:/home/knn/abu2025_ws/install/irob_controller:/home/knn/abu2025_ws/install/irob_msgs:/home/knn/abu2025_ws/install/abu2025_ros2:/opt/ros/humble LD_LIBRARY_PATH=/home/knn/USB_test/install/serial/lib:${LD_LIBRARY_PATH} /usr/bin/cmake --build /home/knn/USB_test/build/usb_v1 -- -j12 -l12
[0.045s] -- Found ament_cmake: 1.3.11 (/opt/ros/humble/share/ament_cmake/cmake)
[0.140s] -- Found rclcpp: 16.0.11 (/opt/ros/humble/share/rclcpp/cmake)
[0.163s] -- Found rosidl_generator_c: 3.1.6 (/opt/ros/humble/share/rosidl_generator_c/cmake)
[0.165s] -- Found rosidl_adapter: 3.1.6 (/opt/ros/humble/share/rosidl_adapter/cmake)
[0.170s] -- Found rosidl_generator_cpp: 3.1.6 (/opt/ros/humble/share/rosidl_generator_cpp/cmake)
[0.177s] -- Using all available rosidl_typesupport_c: rosidl_typesupport_fastrtps_c;rosidl_typesupport_introspection_c
[0.186s] -- Using all available rosidl_typesupport_cpp: rosidl_typesupport_fastrtps_cpp;rosidl_typesupport_introspection_cpp
[0.212s] -- Found rmw_implementation_cmake: 6.1.2 (/opt/ros/humble/share/rmw_implementation_cmake/cmake)
[0.213s] -- Found rmw_fastrtps_cpp: 6.2.7 (/opt/ros/humble/share/rmw_fastrtps_cpp/cmake)
[0.288s] -- Using RMW implementation 'rmw_fastrtps_cpp' as default
[0.329s] -- Found serial: 1.2.0 (/home/knn/USB_test/install/serial/share/serial/cmake)
[0.330s] -- Found geometry_msgs: 4.2.4 (/opt/ros/humble/share/geometry_msgs/cmake)
[0.338s] -- Found rosidl_default_generators: 1.2.0 (/opt/ros/humble/share/rosidl_default_generators/cmake)
[0.343s] -- Found usb_v1: 0.0.0 (/home/knn/USB_test/install/usb_v1/share/usb_v1/cmake)
[0.546s] -- Found ament_cmake_ros: 0.10.0 (/opt/ros/humble/share/ament_cmake_ros/cmake)
[0.838s] -- Using all available rosidl_typesupport_c: rosidl_typesupport_fastrtps_c;rosidl_typesupport_introspection_c
[0.958s] -- Using all available rosidl_typesupport_cpp: rosidl_typesupport_fastrtps_cpp;rosidl_typesupport_introspection_cpp
[0.974s] -- Found python_cmake_module: 0.10.0 (/opt/ros/humble/share/python_cmake_module/cmake)
[0.997s] -- Using PYTHON_EXECUTABLE: /usr/bin/python3
[0.997s] -- Using PYTHON_INCLUDE_DIRS: /usr/include/python3.10
[0.997s] -- Using PYTHON_LIBRARIES: /usr/lib/x86_64-linux-gnu/libpython3.10.so
[1.027s] -- Configuring done
[1.061s] -- Generating done
[1.070s] -- Build files have been written to: /home/knn/USB_test/build/usb_v1
[1.094s] [35m[1mConsolidate compiler generated dependencies of target listener[0m
[1.094s] [35m[1mConsolidate compiler generated dependencies of target talker[0m
[1.095s] [35m[1mConsolidate compiler generated dependencies of target usb_v1__rosidl_generator_c[0m
[1.105s] [  2%] Built target usb_v1__cpp
[1.111s] [ 11%] Built target usb_v1__rosidl_generator_c
[1.116s] [ 11%] Built target ament_cmake_python_copy_usb_v1
[1.117s] [35m[1mConsolidate compiler generated dependencies of target usb_v1__rosidl_typesupport_cpp[0m
[1.119s] [ 14%] [32mBuilding CXX object CMakeFiles/listener.dir/src/Print_Data.cpp.o[0m
[1.119s] [ 17%] [32mBuilding CXX object CMakeFiles/talker.dir/src/USB_esp.cpp.o[0m
[1.119s] [35m[1mConsolidate compiler generated dependencies of target usb_v1__rosidl_typesupport_introspection_cpp[0m
[1.120s] [35m[1mConsolidate compiler generated dependencies of target usb_v1__rosidl_typesupport_fastrtps_cpp[0m
[1.123s] [35m[1mConsolidate compiler generated dependencies of target usb_v1__rosidl_typesupport_introspection_c[0m
[1.124s] [35m[1mConsolidate compiler generated dependencies of target usb_v1__rosidl_typesupport_fastrtps_c[0m
[1.124s] [35m[1mConsolidate compiler generated dependencies of target usb_v1__rosidl_typesupport_c[0m
[1.134s] [ 25%] Built target usb_v1__rosidl_typesupport_cpp
[1.136s] [ 34%] Built target usb_v1__rosidl_typesupport_fastrtps_cpp
[1.138s] [ 60%] Built target usb_v1__rosidl_typesupport_introspection_c
[1.138s] [ 60%] Built target usb_v1__rosidl_typesupport_c
[1.138s] [ 60%] Built target usb_v1__rosidl_typesupport_introspection_cpp
[1.139s] [ 68%] Built target usb_v1__rosidl_typesupport_fastrtps_c
[1.162s] [ 68%] Built target usb_v1
[1.184s] [ 71%] Built target usb_v1__py
[1.197s] [35m[1mConsolidate compiler generated dependencies of target usb_v1__rosidl_generator_py[0m
[1.212s] [ 77%] Built target usb_v1__rosidl_generator_py
[1.225s] [35m[1mConsolidate compiler generated dependencies of target usb_v1__rosidl_typesupport_introspection_c__pyext[0m
[1.225s] [35m[1mConsolidate compiler generated dependencies of target usb_v1__rosidl_typesupport_fastrtps_c__pyext[0m
[1.226s] [35m[1mConsolidate compiler generated dependencies of target usb_v1__rosidl_typesupport_c__pyext[0m
[1.237s] [ 88%] Built target usb_v1__rosidl_typesupport_fastrtps_c__pyext
[1.237s] [ 88%] Built target usb_v1__rosidl_typesupport_c__pyext
[1.240s] [ 94%] Built target usb_v1__rosidl_typesupport_introspection_c__pyext
[1.339s] running egg_info
[1.340s] writing usb_v1.egg-info/PKG-INFO
[1.340s] writing dependency_links to usb_v1.egg-info/dependency_links.txt
[1.340s] writing top-level names to usb_v1.egg-info/top_level.txt
[1.342s] reading manifest file 'usb_v1.egg-info/SOURCES.txt'
[1.343s] writing manifest file 'usb_v1.egg-info/SOURCES.txt'
[1.365s] [ 94%] Built target ament_cmake_python_build_usb_v1_egg
[2.769s] In file included from [01m[K/opt/ros/humble/include/rclcpp/rclcpp/logging.hpp:24[m[K,
[2.769s]                  from [01m[K/opt/ros/humble/include/rclcpp/rclcpp/client.hpp:40[m[K,
[2.769s]                  from [01m[K/opt/ros/humble/include/rclcpp/rclcpp/callback_group.hpp:24[m[K,
[2.769s]                  from [01m[K/opt/ros/humble/include/rclcpp/rclcpp/any_executable.hpp:20[m[K,
[2.769s]                  from [01m[K/opt/ros/humble/include/rclcpp/rclcpp/memory_strategy.hpp:25[m[K,
[2.769s]                  from [01m[K/opt/ros/humble/include/rclcpp/rclcpp/memory_strategies.hpp:18[m[K,
[2.770s]                  from [01m[K/opt/ros/humble/include/rclcpp/rclcpp/executor_options.hpp:20[m[K,
[2.770s]                  from [01m[K/opt/ros/humble/include/rclcpp/rclcpp/executor.hpp:37[m[K,
[2.770s]                  from [01m[K/opt/ros/humble/include/rclcpp/rclcpp/executors/multi_threaded_executor.hpp:25[m[K,
[2.770s]                  from [01m[K/opt/ros/humble/include/rclcpp/rclcpp/executors.hpp:21[m[K,
[2.770s]                  from [01m[K/opt/ros/humble/include/rclcpp/rclcpp/rclcpp.hpp:155[m[K,
[2.770s]                  from [01m[K/home/knn/USB_test/src/usb_v1/src/Print_Data.cpp:9[m[K:
[2.770s] [01m[K/home/knn/USB_test/src/usb_v1/src/Print_Data.cpp:[m[K In member function ‘[01m[Kvoid PrintData::topic_callback(const Joy&)[m[K’:
[2.770s] [01m[K/home/knn/USB_test/src/usb_v1/src/Print_Data.cpp:75:21:[m[K [01;35m[Kwarning: [m[KISO C++11 does not support the ‘[01m[K%C[m[K’ gnu_printf format [[01;35m[K]8;;https://gcc.gnu.org/onlinedocs/gcc/Warning-Options.html#index-Wformat=-Wformat=]8;;[m[K]
[2.770s]    75 |                     [01;35m[K"Header: [%C %C] ,"[m[K
[2.771s]       |                     [01;35m[K^~~~~~~~~~~~~~~~~~~[m[K
[2.771s]    76 | [01;35m[K                    "Move: [%d %d %d %d | set1:%d set2:%d], "[m[K
[2.771s]       |                     [01;35m[K~~~~~~~~~~~~~~~~~~~~~~~~~~~~~~~~~~~~~~~~~[m[K
[2.771s]    77 | [01;35m[K                    "Attack: [%d %d %d %d], "[m[K
[2.771s]       |                     [01;35m[K~~~~~~~~~~~~~~~~~~~~~~~~~[m[K
[2.771s]    78 | [01;35m[K                    "Sticks: [LX:%d LY:%d RX:%d RY:%d]"[m[K,
[2.771s]       |                     [01;35m[K~~~~~~~~~~~~~~~~~~~~~~~~~~~~~~~~~~~[m[K
[2.771s] [01m[K/home/knn/USB_test/src/usb_v1/src/Print_Data.cpp:75:32:[m[K [01;36m[Knote: [m[Kformat string is defined here
[2.771s]    75 |                     "Header: [%[01;36m[KC[m[K %C] ,"
[2.771s]       |                                [01;36m[K^[m[K
[2.771s] In file included from [01m[K/opt/ros/humble/include/rclcpp/rclcpp/logging.hpp:24[m[K,
[2.771s]                  from [01m[K/opt/ros/humble/include/rclcpp/rclcpp/client.hpp:40[m[K,
[2.771s]                  from [01m[K/opt/ros/humble/include/rclcpp/rclcpp/callback_group.hpp:24[m[K,
[2.771s]                  from [01m[K/opt/ros/humble/include/rclcpp/rclcpp/any_executable.hpp:20[m[K,
[2.771s]                  from [01m[K/opt/ros/humble/include/rclcpp/rclcpp/memory_strategy.hpp:25[m[K,
[2.771s]                  from [01m[K/opt/ros/humble/include/rclcpp/rclcpp/memory_strategies.hpp:18[m[K,
[2.772s]                  from [01m[K/opt/ros/humble/include/rclcpp/rclcpp/executor_options.hpp:20[m[K,
[2.772s]                  from [01m[K/opt/ros/humble/include/rclcpp/rclcpp/executor.hpp:37[m[K,
[2.772s]                  from [01m[K/opt/ros/humble/include/rclcpp/rclcpp/executors/multi_threaded_executor.hpp:25[m[K,
[2.772s]                  from [01m[K/opt/ros/humble/include/rclcpp/rclcpp/executors.hpp:21[m[K,
[2.772s]                  from [01m[K/opt/ros/humble/include/rclcpp/rclcpp/rclcpp.hpp:155[m[K,
[2.772s]                  from [01m[K/home/knn/USB_test/src/usb_v1/src/Print_Data.cpp:9[m[K:
[2.772s] [01m[K/home/knn/USB_test/src/usb_v1/src/Print_Data.cpp:75:21:[m[K [01;35m[Kwarning: [m[KISO C++11 does not support the ‘[01m[K%C[m[K’ gnu_printf format [[01;35m[K]8;;https://gcc.gnu.org/onlinedocs/gcc/Warning-Options.html#index-Wformat=-Wformat=]8;;[m[K]
[2.772s]    75 |                     [01;35m[K"Header: [%C %C] ,"[m[K
[2.772s]       |                     [01;35m[K^~~~~~~~~~~~~~~~~~~[m[K
[2.772s]    76 | [01;35m[K                    "Move: [%d %d %d %d | set1:%d set2:%d], "[m[K
[2.772s]       |                     [01;35m[K~~~~~~~~~~~~~~~~~~~~~~~~~~~~~~~~~~~~~~~~~[m[K
[2.772s]    77 | [01;35m[K                    "Attack: [%d %d %d %d], "[m[K
[2.772s]       |                     [01;35m[K~~~~~~~~~~~~~~~~~~~~~~~~~[m[K
[2.772s]    78 | [01;35m[K                    "Sticks: [LX:%d LY:%d RX:%d RY:%d]"[m[K,
[2.772s]       |                     [01;35m[K~~~~~~~~~~~~~~~~~~~~~~~~~~~~~~~~~~~[m[K
[2.772s] [01m[K/home/knn/USB_test/src/usb_v1/src/Print_Data.cpp:75:35:[m[K [01;36m[Knote: [m[Kformat string is defined here
[2.773s]    75 |                     "Header: [%C %[01;36m[KC[m[K] ,"
[2.773s]       |                                   [01;36m[K^[m[K
[4.080s] [ 97%] [32m[1mLinking CXX executable talker[0m
[4.264s] [ 97%] Built target talker
[6.163s] [100%] [32m[1mLinking CXX executable listener[0m
[6.389s] [100%] Built target listener
[6.397s] Invoked command in '/home/knn/USB_test/build/usb_v1' returned '0': AMENT_PREFIX_PATH=/home/knn/USB_test/install/serial:${AMENT_PREFIX_PATH} CMAKE_PREFIX_PATH=/home/knn/USB_test/install/serial:/home/knn/abu2025_ws/install/ust_05ln_ros2:/home/knn/abu2025_ws/install/irob_maneuv3r:/home/knn/abu2025_ws/install/irob_launcher:/home/knn/abu2025_ws/install/irob_interface:/home/knn/abu2025_ws/install/irob_controller:/home/knn/abu2025_ws/install/irob_msgs:/home/knn/abu2025_ws/install/abu2025_ros2:/opt/ros/humble LD_LIBRARY_PATH=/home/knn/USB_test/install/serial/lib:${LD_LIBRARY_PATH} /usr/bin/cmake --build /home/knn/USB_test/build/usb_v1 -- -j12 -l12
[6.399s] Invoking command in '/home/knn/USB_test/build/usb_v1': AMENT_PREFIX_PATH=/home/knn/USB_test/install/serial:${AMENT_PREFIX_PATH} CMAKE_PREFIX_PATH=/home/knn/USB_test/install/serial:/home/knn/abu2025_ws/install/ust_05ln_ros2:/home/knn/abu2025_ws/install/irob_maneuv3r:/home/knn/abu2025_ws/install/irob_launcher:/home/knn/abu2025_ws/install/irob_interface:/home/knn/abu2025_ws/install/irob_controller:/home/knn/abu2025_ws/install/irob_msgs:/home/knn/abu2025_ws/install/abu2025_ros2:/opt/ros/humble LD_LIBRARY_PATH=/home/knn/USB_test/install/serial/lib:${LD_LIBRARY_PATH} /usr/bin/cmake --install /home/knn/USB_test/build/usb_v1
[6.406s] -- Install configuration: ""
[6.406s] -- Installing: /home/knn/USB_test/install/usb_v1/lib/usb_v1/talker
[6.407s] -- Set runtime path of "/home/knn/USB_test/install/usb_v1/lib/usb_v1/talker" to ""
[6.407s] -- Installing: /home/knn/USB_test/install/usb_v1/lib/usb_v1/listener
[6.409s] -- Set runtime path of "/home/knn/USB_test/install/usb_v1/lib/usb_v1/listener" to ""
[6.409s] -- Up-to-date: /home/knn/USB_test/install/usb_v1/share/ament_index/resource_index/rosidl_interfaces/usb_v1
[6.409s] -- Up-to-date: /home/knn/USB_test/install/usb_v1/include/usb_v1/usb_v1
[6.409s] -- Up-to-date: /home/knn/USB_test/install/usb_v1/include/usb_v1/usb_v1/msg
[6.409s] -- Up-to-date: /home/knn/USB_test/install/usb_v1/include/usb_v1/usb_v1/msg/joy.h
[6.409s] -- Up-to-date: /home/knn/USB_test/install/usb_v1/include/usb_v1/usb_v1/msg/rosidl_generator_c__visibility_control.h
[6.409s] -- Up-to-date: /home/knn/USB_test/install/usb_v1/include/usb_v1/usb_v1/msg/detail
[6.409s] -- Up-to-date: /home/knn/USB_test/install/usb_v1/include/usb_v1/usb_v1/msg/detail/joy__functions.h
[6.409s] -- Up-to-date: /home/knn/USB_test/install/usb_v1/include/usb_v1/usb_v1/msg/detail/joy__type_support.h
[6.409s] -- Up-to-date: /home/knn/USB_test/install/usb_v1/include/usb_v1/usb_v1/msg/detail/joy__functions.c
[6.409s] -- Up-to-date: /home/knn/USB_test/install/usb_v1/include/usb_v1/usb_v1/msg/detail/joy__struct.h
[6.410s] -- Up-to-date: /home/knn/USB_test/install/usb_v1/share/usb_v1/environment/library_path.sh
[6.410s] -- Installing: /home/knn/USB_test/install/usb_v1/share/usb_v1/environment/library_path.dsv
[6.410s] -- Up-to-date: /home/knn/USB_test/install/usb_v1/lib/libusb_v1__rosidl_generator_c.so
[6.410s] -- Up-to-date: /home/knn/USB_test/install/usb_v1/include/usb_v1/usb_v1
[6.410s] -- Up-to-date: /home/knn/USB_test/install/usb_v1/include/usb_v1/usb_v1/msg
[6.410s] -- Up-to-date: /home/knn/USB_test/install/usb_v1/include/usb_v1/usb_v1/msg/rosidl_typesupport_fastrtps_c__visibility_control.h
[6.410s] -- Up-to-date: /home/knn/USB_test/install/usb_v1/include/usb_v1/usb_v1/msg/detail
[6.410s] -- Up-to-date: /home/knn/USB_test/install/usb_v1/include/usb_v1/usb_v1/msg/detail/joy__rosidl_typesupport_fastrtps_c.h
[6.410s] -- Up-to-date: /home/knn/USB_test/install/usb_v1/lib/libusb_v1__rosidl_typesupport_fastrtps_c.so
[6.410s] -- Up-to-date: /home/knn/USB_test/install/usb_v1/include/usb_v1/usb_v1
[6.411s] -- Up-to-date: /home/knn/USB_test/install/usb_v1/include/usb_v1/usb_v1/msg
[6.411s] -- Up-to-date: /home/knn/USB_test/install/usb_v1/include/usb_v1/usb_v1/msg/rosidl_generator_cpp__visibility_control.hpp
[6.411s] -- Up-to-date: /home/knn/USB_test/install/usb_v1/include/usb_v1/usb_v1/msg/joy.hpp
[6.411s] -- Up-to-date: /home/knn/USB_test/install/usb_v1/include/usb_v1/usb_v1/msg/detail
[6.411s] -- Up-to-date: /home/knn/USB_test/install/usb_v1/include/usb_v1/usb_v1/msg/detail/joy__traits.hpp
[6.411s] -- Up-to-date: /home/knn/USB_test/install/usb_v1/include/usb_v1/usb_v1/msg/detail/joy__type_support.hpp
[6.411s] -- Up-to-date: /home/knn/USB_test/install/usb_v1/include/usb_v1/usb_v1/msg/detail/joy__struct.hpp
[6.411s] -- Up-to-date: /home/knn/USB_test/install/usb_v1/include/usb_v1/usb_v1/msg/detail/joy__builder.hpp
[6.411s] -- Up-to-date: /home/knn/USB_test/install/usb_v1/include/usb_v1/usb_v1
[6.411s] -- Up-to-date: /home/knn/USB_test/install/usb_v1/include/usb_v1/usb_v1/msg
[6.411s] -- Up-to-date: /home/knn/USB_test/install/usb_v1/include/usb_v1/usb_v1/msg/rosidl_typesupport_fastrtps_cpp__visibility_control.h
[6.411s] -- Up-to-date: /home/knn/USB_test/install/usb_v1/include/usb_v1/usb_v1/msg/detail
[6.411s] -- Up-to-date: /home/knn/USB_test/install/usb_v1/include/usb_v1/usb_v1/msg/detail/dds_fastrtps
[6.412s] -- Up-to-date: /home/knn/USB_test/install/usb_v1/include/usb_v1/usb_v1/msg/detail/joy__rosidl_typesupport_fastrtps_cpp.hpp
[6.412s] -- Up-to-date: /home/knn/USB_test/install/usb_v1/lib/libusb_v1__rosidl_typesupport_fastrtps_cpp.so
[6.412s] -- Up-to-date: /home/knn/USB_test/install/usb_v1/include/usb_v1/usb_v1
[6.412s] -- Up-to-date: /home/knn/USB_test/install/usb_v1/include/usb_v1/usb_v1/msg
[6.412s] -- Up-to-date: /home/knn/USB_test/install/usb_v1/include/usb_v1/usb_v1/msg/rosidl_typesupport_introspection_c__visibility_control.h
[6.412s] -- Up-to-date: /home/knn/USB_test/install/usb_v1/include/usb_v1/usb_v1/msg/detail
[6.412s] -- Up-to-date: /home/knn/USB_test/install/usb_v1/include/usb_v1/usb_v1/msg/detail/joy__type_support.c
[6.412s] -- Up-to-date: /home/knn/USB_test/install/usb_v1/include/usb_v1/usb_v1/msg/detail/joy__rosidl_typesupport_introspection_c.h
[6.412s] -- Up-to-date: /home/knn/USB_test/install/usb_v1/lib/libusb_v1__rosidl_typesupport_introspection_c.so
[6.412s] -- Up-to-date: /home/knn/USB_test/install/usb_v1/lib/libusb_v1__rosidl_typesupport_c.so
[6.412s] -- Up-to-date: /home/knn/USB_test/install/usb_v1/include/usb_v1/usb_v1
[6.412s] -- Up-to-date: /home/knn/USB_test/install/usb_v1/include/usb_v1/usb_v1/msg
[6.412s] -- Up-to-date: /home/knn/USB_test/install/usb_v1/include/usb_v1/usb_v1/msg/detail
[6.413s] -- Up-to-date: /home/knn/USB_test/install/usb_v1/include/usb_v1/usb_v1/msg/detail/joy__type_support.cpp
[6.413s] -- Up-to-date: /home/knn/USB_test/install/usb_v1/include/usb_v1/usb_v1/msg/detail/joy__rosidl_typesupport_introspection_cpp.hpp
[6.413s] -- Up-to-date: /home/knn/USB_test/install/usb_v1/lib/libusb_v1__rosidl_typesupport_introspection_cpp.so
[6.413s] -- Up-to-date: /home/knn/USB_test/install/usb_v1/lib/libusb_v1__rosidl_typesupport_cpp.so
[6.413s] -- Up-to-date: /home/knn/USB_test/install/usb_v1/share/usb_v1/environment/pythonpath.sh
[6.413s] -- Installing: /home/knn/USB_test/install/usb_v1/share/usb_v1/environment/pythonpath.dsv
[6.413s] -- Up-to-date: /home/knn/USB_test/install/usb_v1/local/lib/python3.10/dist-packages/usb_v1-0.0.0-py3.10.egg-info
[6.413s] -- Installing: /home/knn/USB_test/install/usb_v1/local/lib/python3.10/dist-packages/usb_v1-0.0.0-py3.10.egg-info/top_level.txt
[6.413s] -- Installing: /home/knn/USB_test/install/usb_v1/local/lib/python3.10/dist-packages/usb_v1-0.0.0-py3.10.egg-info/dependency_links.txt
[6.413s] -- Installing: /home/knn/USB_test/install/usb_v1/local/lib/python3.10/dist-packages/usb_v1-0.0.0-py3.10.egg-info/SOURCES.txt
[6.413s] -- Installing: /home/knn/USB_test/install/usb_v1/local/lib/python3.10/dist-packages/usb_v1-0.0.0-py3.10.egg-info/PKG-INFO
[6.413s] -- Up-to-date: /home/knn/USB_test/install/usb_v1/local/lib/python3.10/dist-packages/usb_v1
[6.413s] -- Up-to-date: /home/knn/USB_test/install/usb_v1/local/lib/python3.10/dist-packages/usb_v1/usb_v1_s__rosidl_typesupport_c.cpython-310-x86_64-linux-gnu.so
[6.413s] -- Up-to-date: /home/knn/USB_test/install/usb_v1/local/lib/python3.10/dist-packages/usb_v1/msg
[6.413s] -- Up-to-date: /home/knn/USB_test/install/usb_v1/local/lib/python3.10/dist-packages/usb_v1/msg/_joy.py
[6.413s] -- Up-to-date: /home/knn/USB_test/install/usb_v1/local/lib/python3.10/dist-packages/usb_v1/msg/_joy_s.c
[6.414s] -- Up-to-date: /home/knn/USB_test/install/usb_v1/local/lib/python3.10/dist-packages/usb_v1/msg/__init__.py
[6.414s] -- Up-to-date: /home/knn/USB_test/install/usb_v1/local/lib/python3.10/dist-packages/usb_v1/_usb_v1_s.ep.rosidl_typesupport_fastrtps_c.c
[6.414s] -- Up-to-date: /home/knn/USB_test/install/usb_v1/local/lib/python3.10/dist-packages/usb_v1/_usb_v1_s.ep.rosidl_typesupport_introspection_c.c
[6.414s] -- Up-to-date: /home/knn/USB_test/install/usb_v1/local/lib/python3.10/dist-packages/usb_v1/usb_v1_s__rosidl_typesupport_introspection_c.cpython-310-x86_64-linux-gnu.so
[6.414s] -- Up-to-date: /home/knn/USB_test/install/usb_v1/local/lib/python3.10/dist-packages/usb_v1/usb_v1_s__rosidl_typesupport_fastrtps_c.cpython-310-x86_64-linux-gnu.so
[6.414s] -- Installing: /home/knn/USB_test/install/usb_v1/local/lib/python3.10/dist-packages/usb_v1/__init__.py
[6.414s] -- Up-to-date: /home/knn/USB_test/install/usb_v1/local/lib/python3.10/dist-packages/usb_v1/_usb_v1_s.ep.rosidl_typesupport_c.c
[6.414s] -- Up-to-date: /home/knn/USB_test/install/usb_v1/local/lib/python3.10/dist-packages/usb_v1/libusb_v1__rosidl_generator_py.so
[6.437s] Listing '/home/knn/USB_test/install/usb_v1/local/lib/python3.10/dist-packages/usb_v1'...
[6.437s] Compiling '/home/knn/USB_test/install/usb_v1/local/lib/python3.10/dist-packages/usb_v1/__init__.py'...
[6.437s] Listing '/home/knn/USB_test/install/usb_v1/local/lib/python3.10/dist-packages/usb_v1/msg'...
[6.443s] -- Up-to-date: /home/knn/USB_test/install/usb_v1/local/lib/python3.10/dist-packages/usb_v1/usb_v1_s__rosidl_typesupport_fastrtps_c.cpython-310-x86_64-linux-gnu.so
[6.443s] -- Up-to-date: /home/knn/USB_test/install/usb_v1/local/lib/python3.10/dist-packages/usb_v1/usb_v1_s__rosidl_typesupport_introspection_c.cpython-310-x86_64-linux-gnu.so
[6.443s] -- Up-to-date: /home/knn/USB_test/install/usb_v1/local/lib/python3.10/dist-packages/usb_v1/usb_v1_s__rosidl_typesupport_c.cpython-310-x86_64-linux-gnu.so
[6.444s] -- Up-to-date: /home/knn/USB_test/install/usb_v1/lib/libusb_v1__rosidl_generator_py.so
[6.444s] -- Up-to-date: /home/knn/USB_test/install/usb_v1/share/usb_v1/msg/Joy.idl
[6.444s] -- Up-to-date: /home/knn/USB_test/install/usb_v1/share/usb_v1/msg/Joy.msg
[6.445s] -- Up-to-date: /home/knn/USB_test/install/usb_v1/share/ament_index/resource_index/package_run_dependencies/usb_v1
[6.445s] -- Up-to-date: /home/knn/USB_test/install/usb_v1/share/ament_index/resource_index/parent_prefix_path/usb_v1
[6.445s] -- Up-to-date: /home/knn/USB_test/install/usb_v1/share/usb_v1/environment/ament_prefix_path.sh
[6.445s] -- Installing: /home/knn/USB_test/install/usb_v1/share/usb_v1/environment/ament_prefix_path.dsv
[6.445s] -- Up-to-date: /home/knn/USB_test/install/usb_v1/share/usb_v1/environment/path.sh
[6.445s] -- Installing: /home/knn/USB_test/install/usb_v1/share/usb_v1/environment/path.dsv
[6.445s] -- Up-to-date: /home/knn/USB_test/install/usb_v1/share/usb_v1/local_setup.bash
[6.445s] -- Up-to-date: /home/knn/USB_test/install/usb_v1/share/usb_v1/local_setup.sh
[6.445s] -- Up-to-date: /home/knn/USB_test/install/usb_v1/share/usb_v1/local_setup.zsh
[6.445s] -- Installing: /home/knn/USB_test/install/usb_v1/share/usb_v1/local_setup.dsv
[6.445s] -- Installing: /home/knn/USB_test/install/usb_v1/share/usb_v1/package.dsv
[6.446s] -- Up-to-date: /home/knn/USB_test/install/usb_v1/share/ament_index/resource_index/packages/usb_v1
[6.446s] -- Up-to-date: /home/knn/USB_test/install/usb_v1/share/usb_v1/cmake/export_usb_v1__rosidl_generator_cExport.cmake
[6.446s] -- Up-to-date: /home/knn/USB_test/install/usb_v1/share/usb_v1/cmake/export_usb_v1__rosidl_generator_cExport-noconfig.cmake
[6.446s] -- Up-to-date: /home/knn/USB_test/install/usb_v1/share/usb_v1/cmake/export_usb_v1__rosidl_typesupport_fastrtps_cExport.cmake
[6.446s] -- Up-to-date: /home/knn/USB_test/install/usb_v1/share/usb_v1/cmake/export_usb_v1__rosidl_typesupport_fastrtps_cExport-noconfig.cmake
[6.446s] -- Up-to-date: /home/knn/USB_test/install/usb_v1/share/usb_v1/cmake/export_usb_v1__rosidl_generator_cppExport.cmake
[6.446s] -- Up-to-date: /home/knn/USB_test/install/usb_v1/share/usb_v1/cmake/export_usb_v1__rosidl_typesupport_fastrtps_cppExport.cmake
[6.446s] -- Up-to-date: /home/knn/USB_test/install/usb_v1/share/usb_v1/cmake/export_usb_v1__rosidl_typesupport_fastrtps_cppExport-noconfig.cmake
[6.446s] -- Up-to-date: /home/knn/USB_test/install/usb_v1/share/usb_v1/cmake/usb_v1__rosidl_typesupport_introspection_cExport.cmake
[6.446s] -- Up-to-date: /home/knn/USB_test/install/usb_v1/share/usb_v1/cmake/usb_v1__rosidl_typesupport_introspection_cExport-noconfig.cmake
[6.446s] -- Up-to-date: /home/knn/USB_test/install/usb_v1/share/usb_v1/cmake/usb_v1__rosidl_typesupport_cExport.cmake
[6.447s] -- Up-to-date: /home/knn/USB_test/install/usb_v1/share/usb_v1/cmake/usb_v1__rosidl_typesupport_cExport-noconfig.cmake
[6.447s] -- Up-to-date: /home/knn/USB_test/install/usb_v1/share/usb_v1/cmake/usb_v1__rosidl_typesupport_introspection_cppExport.cmake
[6.447s] -- Up-to-date: /home/knn/USB_test/install/usb_v1/share/usb_v1/cmake/usb_v1__rosidl_typesupport_introspection_cppExport-noconfig.cmake
[6.447s] -- Up-to-date: /home/knn/USB_test/install/usb_v1/share/usb_v1/cmake/usb_v1__rosidl_typesupport_cppExport.cmake
[6.447s] -- Up-to-date: /home/knn/USB_test/install/usb_v1/share/usb_v1/cmake/usb_v1__rosidl_typesupport_cppExport-noconfig.cmake
[6.447s] -- Up-to-date: /home/knn/USB_test/install/usb_v1/share/usb_v1/cmake/export_usb_v1__rosidl_generator_pyExport.cmake
[6.447s] -- Up-to-date: /home/knn/USB_test/install/usb_v1/share/usb_v1/cmake/export_usb_v1__rosidl_generator_pyExport-noconfig.cmake
[6.447s] -- Up-to-date: /home/knn/USB_test/install/usb_v1/share/usb_v1/cmake/rosidl_cmake-extras.cmake
[6.447s] -- Up-to-date: /home/knn/USB_test/install/usb_v1/share/usb_v1/cmake/ament_cmake_export_dependencies-extras.cmake
[6.447s] -- Up-to-date: /home/knn/USB_test/install/usb_v1/share/usb_v1/cmake/ament_cmake_export_include_directories-extras.cmake
[6.447s] -- Up-to-date: /home/knn/USB_test/install/usb_v1/share/usb_v1/cmake/ament_cmake_export_libraries-extras.cmake
[6.447s] -- Up-to-date: /home/knn/USB_test/install/usb_v1/share/usb_v1/cmake/ament_cmake_export_targets-extras.cmake
[6.447s] -- Up-to-date: /home/knn/USB_test/install/usb_v1/share/usb_v1/cmake/rosidl_cmake_export_typesupport_targets-extras.cmake
[6.447s] -- Up-to-date: /home/knn/USB_test/install/usb_v1/share/usb_v1/cmake/rosidl_cmake_export_typesupport_libraries-extras.cmake
[6.447s] -- Up-to-date: /home/knn/USB_test/install/usb_v1/share/usb_v1/cmake/usb_v1Config.cmake
[6.447s] -- Up-to-date: /home/knn/USB_test/install/usb_v1/share/usb_v1/cmake/usb_v1Config-version.cmake
[6.447s] -- Up-to-date: /home/knn/USB_test/install/usb_v1/share/usb_v1/package.xml
[6.449s] Invoked command in '/home/knn/USB_test/build/usb_v1' returned '0': AMENT_PREFIX_PATH=/home/knn/USB_test/install/serial:${AMENT_PREFIX_PATH} CMAKE_PREFIX_PATH=/home/knn/USB_test/install/serial:/home/knn/abu2025_ws/install/ust_05ln_ros2:/home/knn/abu2025_ws/install/irob_maneuv3r:/home/knn/abu2025_ws/install/irob_launcher:/home/knn/abu2025_ws/install/irob_interface:/home/knn/abu2025_ws/install/irob_controller:/home/knn/abu2025_ws/install/irob_msgs:/home/knn/abu2025_ws/install/abu2025_ros2:/opt/ros/humble LD_LIBRARY_PATH=/home/knn/USB_test/install/serial/lib:${LD_LIBRARY_PATH} /usr/bin/cmake --install /home/knn/USB_test/build/usb_v1
