[0.010s] Invoking command in '/home/knn/USB_test/build/usb_v1': CMAKE_PREFIX_PATH=/home/knn/USB_test/install/serial:/home/knn/USB_test/install/usb_v1:/home/knn/abu2025_ws/install/ust_05ln_ros2:/home/knn/abu2025_ws/install/irob_maneuv3r:/home/knn/abu2025_ws/install/irob_launcher:/home/knn/abu2025_ws/install/irob_interface:/home/knn/abu2025_ws/install/irob_controller:/home/knn/abu2025_ws/install/irob_msgs:/home/knn/abu2025_ws/install/abu2025_ros2:/opt/ros/humble /usr/bin/cmake --build /home/knn/USB_test/build/usb_v1 -- -j12 -l12
[0.052s] [35m[1mConsolidate compiler generated dependencies of target talker[0m
[0.061s] [  8%] Built target usb_v1__rosidl_generator_c
[0.063s] [ 11%] Built target usb_v1__cpp
[0.064s] [ 11%] Built target ament_cmake_python_copy_usb_v1
[0.068s] [ 17%] Built target talker
[0.068s] [ 20%] [32mBuilding CXX object CMakeFiles/listener.dir/src/Print_Data.cpp.o[0m
[0.086s] [ 28%] Built target usb_v1__rosidl_typesupport_c
[0.087s] [ 37%] Built target usb_v1__rosidl_typesupport_cpp
[0.087s] [ 45%] Built target usb_v1__rosidl_typesupport_introspection_c
[0.088s] [ 54%] Built target usb_v1__rosidl_typesupport_fastrtps_c
[0.090s] [ 62%] Built target usb_v1__rosidl_typesupport_introspection_cpp
[0.095s] [ 71%] Built target usb_v1__rosidl_typesupport_fastrtps_cpp
[0.121s] [ 71%] Built target usb_v1
[0.144s] [ 74%] Built target usb_v1__py
[0.168s] [ 80%] Built target usb_v1__rosidl_generator_py
[0.194s] [ 88%] Built target usb_v1__rosidl_typesupport_fastrtps_c__pyext
[0.194s] [ 91%] Built target usb_v1__rosidl_typesupport_introspection_c__pyext
[0.194s] [ 97%] Built target usb_v1__rosidl_typesupport_c__pyext
[0.253s] running egg_info
[0.253s] writing usb_v1.egg-info/PKG-INFO
[0.254s] writing dependency_links to usb_v1.egg-info/dependency_links.txt
[0.254s] writing top-level names to usb_v1.egg-info/top_level.txt
[0.255s] reading manifest file 'usb_v1.egg-info/SOURCES.txt'
[0.256s] writing manifest file 'usb_v1.egg-info/SOURCES.txt'
[0.277s] [ 97%] Built target ament_cmake_python_build_usb_v1_egg
[1.408s] In file included from [01m[K/opt/ros/humble/include/rclcpp/rclcpp/logging.hpp:24[m[K,
[1.409s]                  from [01m[K/opt/ros/humble/include/rclcpp/rclcpp/client.hpp:40[m[K,
[1.409s]                  from [01m[K/opt/ros/humble/include/rclcpp/rclcpp/callback_group.hpp:24[m[K,
[1.409s]                  from [01m[K/opt/ros/humble/include/rclcpp/rclcpp/any_executable.hpp:20[m[K,
[1.409s]                  from [01m[K/opt/ros/humble/include/rclcpp/rclcpp/memory_strategy.hpp:25[m[K,
[1.409s]                  from [01m[K/opt/ros/humble/include/rclcpp/rclcpp/memory_strategies.hpp:18[m[K,
[1.409s]                  from [01m[K/opt/ros/humble/include/rclcpp/rclcpp/executor_options.hpp:20[m[K,
[1.409s]                  from [01m[K/opt/ros/humble/include/rclcpp/rclcpp/executor.hpp:37[m[K,
[1.409s]                  from [01m[K/opt/ros/humble/include/rclcpp/rclcpp/executors/multi_threaded_executor.hpp:25[m[K,
[1.409s]                  from [01m[K/opt/ros/humble/include/rclcpp/rclcpp/executors.hpp:21[m[K,
[1.409s]                  from [01m[K/opt/ros/humble/include/rclcpp/rclcpp/rclcpp.hpp:155[m[K,
[1.409s]                  from [01m[K/home/knn/USB_test/src/usb_v1/src/Print_Data.cpp:9[m[K:
[1.409s] [01m[K/home/knn/USB_test/src/usb_v1/src/Print_Data.cpp:[m[K In member function ‘[01m[Kvoid PrintData::topic_callback(const Joy&)[m[K’:
[1.409s] [01m[K/home/knn/USB_test/src/usb_v1/src/Print_Data.cpp:75:21:[m[K [01;35m[Kwarning: [m[KISO C++11 does not support the ‘[01m[K%C[m[K’ gnu_printf format [[01;35m[K]8;;https://gcc.gnu.org/onlinedocs/gcc/Warning-Options.html#index-Wformat=-Wformat=]8;;[m[K]
[1.409s]    75 |                     [01;35m[K"Header: [%C %C] ,"[m[K
[1.409s]       |                     [01;35m[K^~~~~~~~~~~~~~~~~~~[m[K
[1.409s]    76 | [01;35m[K                    "Move: [%d %d %d %d | set1:%d set2:%d], "[m[K
[1.409s]       |                     [01;35m[K~~~~~~~~~~~~~~~~~~~~~~~~~~~~~~~~~~~~~~~~~[m[K
[1.409s]    77 | [01;35m[K                    "Attack: [%d %d %d %d], "[m[K
[1.409s]       |                     [01;35m[K~~~~~~~~~~~~~~~~~~~~~~~~~[m[K
[1.409s]    78 | [01;35m[K                    "Sticks: [LX:%d LY:%d RX:%d RY:%d]"[m[K,
[1.409s]       |                     [01;35m[K~~~~~~~~~~~~~~~~~~~~~~~~~~~~~~~~~~~[m[K
[1.409s] [01m[K/home/knn/USB_test/src/usb_v1/src/Print_Data.cpp:75:32:[m[K [01;36m[Knote: [m[Kformat string is defined here
[1.409s]    75 |                     "Header: [%[01;36m[KC[m[K %C] ,"
[1.409s]       |                                [01;36m[K^[m[K
[1.409s] In file included from [01m[K/opt/ros/humble/include/rclcpp/rclcpp/logging.hpp:24[m[K,
[1.409s]                  from [01m[K/opt/ros/humble/include/rclcpp/rclcpp/client.hpp:40[m[K,
[1.409s]                  from [01m[K/opt/ros/humble/include/rclcpp/rclcpp/callback_group.hpp:24[m[K,
[1.409s]                  from [01m[K/opt/ros/humble/include/rclcpp/rclcpp/any_executable.hpp:20[m[K,
[1.409s]                  from [01m[K/opt/ros/humble/include/rclcpp/rclcpp/memory_strategy.hpp:25[m[K,
[1.409s]                  from [01m[K/opt/ros/humble/include/rclcpp/rclcpp/memory_strategies.hpp:18[m[K,
[1.409s]                  from [01m[K/opt/ros/humble/include/rclcpp/rclcpp/executor_options.hpp:20[m[K,
[1.409s]                  from [01m[K/opt/ros/humble/include/rclcpp/rclcpp/executor.hpp:37[m[K,
[1.409s]                  from [01m[K/opt/ros/humble/include/rclcpp/rclcpp/executors/multi_threaded_executor.hpp:25[m[K,
[1.409s]                  from [01m[K/opt/ros/humble/include/rclcpp/rclcpp/executors.hpp:21[m[K,
[1.409s]                  from [01m[K/opt/ros/humble/include/rclcpp/rclcpp/rclcpp.hpp:155[m[K,
[1.409s]                  from [01m[K/home/knn/USB_test/src/usb_v1/src/Print_Data.cpp:9[m[K:
[1.410s] [01m[K/home/knn/USB_test/src/usb_v1/src/Print_Data.cpp:75:21:[m[K [01;35m[Kwarning: [m[KISO C++11 does not support the ‘[01m[K%C[m[K’ gnu_printf format [[01;35m[K]8;;https://gcc.gnu.org/onlinedocs/gcc/Warning-Options.html#index-Wformat=-Wformat=]8;;[m[K]
[1.410s]    75 |                     [01;35m[K"Header: [%C %C] ,"[m[K
[1.410s]       |                     [01;35m[K^~~~~~~~~~~~~~~~~~~[m[K
[1.410s]    76 | [01;35m[K                    "Move: [%d %d %d %d | set1:%d set2:%d], "[m[K
[1.410s]       |                     [01;35m[K~~~~~~~~~~~~~~~~~~~~~~~~~~~~~~~~~~~~~~~~~[m[K
[1.410s]    77 | [01;35m[K                    "Attack: [%d %d %d %d], "[m[K
[1.410s]       |                     [01;35m[K~~~~~~~~~~~~~~~~~~~~~~~~~[m[K
[1.410s]    78 | [01;35m[K                    "Sticks: [LX:%d LY:%d RX:%d RY:%d]"[m[K,
[1.410s]       |                     [01;35m[K~~~~~~~~~~~~~~~~~~~~~~~~~~~~~~~~~~~[m[K
[1.410s] [01m[K/home/knn/USB_test/src/usb_v1/src/Print_Data.cpp:75:35:[m[K [01;36m[Knote: [m[Kformat string is defined here
[1.410s]    75 |                     "Header: [%C %[01;36m[KC[m[K] ,"
[1.410s]       |                                   [01;36m[K^[m[K
[4.697s] [100%] [32m[1mLinking CXX executable listener[0m
[4.929s] [100%] Built target listener
[4.941s] Invoked command in '/home/knn/USB_test/build/usb_v1' returned '0': CMAKE_PREFIX_PATH=/home/knn/USB_test/install/serial:/home/knn/USB_test/install/usb_v1:/home/knn/abu2025_ws/install/ust_05ln_ros2:/home/knn/abu2025_ws/install/irob_maneuv3r:/home/knn/abu2025_ws/install/irob_launcher:/home/knn/abu2025_ws/install/irob_interface:/home/knn/abu2025_ws/install/irob_controller:/home/knn/abu2025_ws/install/irob_msgs:/home/knn/abu2025_ws/install/abu2025_ros2:/opt/ros/humble /usr/bin/cmake --build /home/knn/USB_test/build/usb_v1 -- -j12 -l12
[4.942s] Invoking command in '/home/knn/USB_test/build/usb_v1': CMAKE_PREFIX_PATH=/home/knn/USB_test/install/serial:/home/knn/USB_test/install/usb_v1:/home/knn/abu2025_ws/install/ust_05ln_ros2:/home/knn/abu2025_ws/install/irob_maneuv3r:/home/knn/abu2025_ws/install/irob_launcher:/home/knn/abu2025_ws/install/irob_interface:/home/knn/abu2025_ws/install/irob_controller:/home/knn/abu2025_ws/install/irob_msgs:/home/knn/abu2025_ws/install/abu2025_ros2:/opt/ros/humble /usr/bin/cmake --install /home/knn/USB_test/build/usb_v1
[4.948s] -- Install configuration: ""
[4.948s] -- Up-to-date: /home/knn/USB_test/install/usb_v1/lib/usb_v1/talker
[4.948s] -- Installing: /home/knn/USB_test/install/usb_v1/lib/usb_v1/listener
[4.950s] -- Set runtime path of "/home/knn/USB_test/install/usb_v1/lib/usb_v1/listener" to ""
[4.950s] -- Up-to-date: /home/knn/USB_test/install/usb_v1/share/ament_index/resource_index/rosidl_interfaces/usb_v1
[4.950s] -- Up-to-date: /home/knn/USB_test/install/usb_v1/include/usb_v1/usb_v1
[4.950s] -- Up-to-date: /home/knn/USB_test/install/usb_v1/include/usb_v1/usb_v1/msg
[4.950s] -- Up-to-date: /home/knn/USB_test/install/usb_v1/include/usb_v1/usb_v1/msg/joy.h
[4.950s] -- Up-to-date: /home/knn/USB_test/install/usb_v1/include/usb_v1/usb_v1/msg/rosidl_generator_c__visibility_control.h
[4.950s] -- Up-to-date: /home/knn/USB_test/install/usb_v1/include/usb_v1/usb_v1/msg/detail
[4.950s] -- Up-to-date: /home/knn/USB_test/install/usb_v1/include/usb_v1/usb_v1/msg/detail/joy__functions.h
[4.950s] -- Up-to-date: /home/knn/USB_test/install/usb_v1/include/usb_v1/usb_v1/msg/detail/joy__type_support.h
[4.951s] -- Up-to-date: /home/knn/USB_test/install/usb_v1/include/usb_v1/usb_v1/msg/detail/joy__functions.c
[4.951s] -- Up-to-date: /home/knn/USB_test/install/usb_v1/include/usb_v1/usb_v1/msg/detail/joy__struct.h
[4.951s] -- Up-to-date: /home/knn/USB_test/install/usb_v1/share/usb_v1/environment/library_path.sh
[4.951s] -- Up-to-date: /home/knn/USB_test/install/usb_v1/share/usb_v1/environment/library_path.dsv
[4.951s] -- Up-to-date: /home/knn/USB_test/install/usb_v1/lib/libusb_v1__rosidl_generator_c.so
[4.951s] -- Up-to-date: /home/knn/USB_test/install/usb_v1/include/usb_v1/usb_v1
[4.951s] -- Up-to-date: /home/knn/USB_test/install/usb_v1/include/usb_v1/usb_v1/msg
[4.951s] -- Up-to-date: /home/knn/USB_test/install/usb_v1/include/usb_v1/usb_v1/msg/rosidl_typesupport_fastrtps_c__visibility_control.h
[4.951s] -- Up-to-date: /home/knn/USB_test/install/usb_v1/include/usb_v1/usb_v1/msg/detail
[4.951s] -- Up-to-date: /home/knn/USB_test/install/usb_v1/include/usb_v1/usb_v1/msg/detail/joy__rosidl_typesupport_fastrtps_c.h
[4.951s] -- Up-to-date: /home/knn/USB_test/install/usb_v1/lib/libusb_v1__rosidl_typesupport_fastrtps_c.so
[4.951s] -- Up-to-date: /home/knn/USB_test/install/usb_v1/include/usb_v1/usb_v1
[4.952s] -- Up-to-date: /home/knn/USB_test/install/usb_v1/include/usb_v1/usb_v1/msg
[4.952s] -- Up-to-date: /home/knn/USB_test/install/usb_v1/include/usb_v1/usb_v1/msg/rosidl_generator_cpp__visibility_control.hpp
[4.952s] -- Up-to-date: /home/knn/USB_test/install/usb_v1/include/usb_v1/usb_v1/msg/joy.hpp
[4.952s] -- Up-to-date: /home/knn/USB_test/install/usb_v1/include/usb_v1/usb_v1/msg/detail
[4.952s] -- Up-to-date: /home/knn/USB_test/install/usb_v1/include/usb_v1/usb_v1/msg/detail/joy__traits.hpp
[4.952s] -- Up-to-date: /home/knn/USB_test/install/usb_v1/include/usb_v1/usb_v1/msg/detail/joy__type_support.hpp
[4.952s] -- Up-to-date: /home/knn/USB_test/install/usb_v1/include/usb_v1/usb_v1/msg/detail/joy__struct.hpp
[4.952s] -- Up-to-date: /home/knn/USB_test/install/usb_v1/include/usb_v1/usb_v1/msg/detail/joy__builder.hpp
[4.952s] -- Up-to-date: /home/knn/USB_test/install/usb_v1/include/usb_v1/usb_v1
[4.952s] -- Up-to-date: /home/knn/USB_test/install/usb_v1/include/usb_v1/usb_v1/msg
[4.952s] -- Up-to-date: /home/knn/USB_test/install/usb_v1/include/usb_v1/usb_v1/msg/rosidl_typesupport_fastrtps_cpp__visibility_control.h
[4.952s] -- Up-to-date: /home/knn/USB_test/install/usb_v1/include/usb_v1/usb_v1/msg/detail
[4.952s] -- Up-to-date: /home/knn/USB_test/install/usb_v1/include/usb_v1/usb_v1/msg/detail/dds_fastrtps
[4.952s] -- Up-to-date: /home/knn/USB_test/install/usb_v1/include/usb_v1/usb_v1/msg/detail/joy__rosidl_typesupport_fastrtps_cpp.hpp
[4.952s] -- Up-to-date: /home/knn/USB_test/install/usb_v1/lib/libusb_v1__rosidl_typesupport_fastrtps_cpp.so
[4.952s] -- Up-to-date: /home/knn/USB_test/install/usb_v1/include/usb_v1/usb_v1
[4.952s] -- Up-to-date: /home/knn/USB_test/install/usb_v1/include/usb_v1/usb_v1/msg
[4.952s] -- Up-to-date: /home/knn/USB_test/install/usb_v1/include/usb_v1/usb_v1/msg/rosidl_typesupport_introspection_c__visibility_control.h
[4.952s] -- Up-to-date: /home/knn/USB_test/install/usb_v1/include/usb_v1/usb_v1/msg/detail
[4.952s] -- Up-to-date: /home/knn/USB_test/install/usb_v1/include/usb_v1/usb_v1/msg/detail/joy__type_support.c
[4.952s] -- Up-to-date: /home/knn/USB_test/install/usb_v1/include/usb_v1/usb_v1/msg/detail/joy__rosidl_typesupport_introspection_c.h
[4.952s] -- Up-to-date: /home/knn/USB_test/install/usb_v1/lib/libusb_v1__rosidl_typesupport_introspection_c.so
[4.952s] -- Up-to-date: /home/knn/USB_test/install/usb_v1/lib/libusb_v1__rosidl_typesupport_c.so
[4.952s] -- Up-to-date: /home/knn/USB_test/install/usb_v1/include/usb_v1/usb_v1
[4.952s] -- Up-to-date: /home/knn/USB_test/install/usb_v1/include/usb_v1/usb_v1/msg
[4.952s] -- Up-to-date: /home/knn/USB_test/install/usb_v1/include/usb_v1/usb_v1/msg/detail
[4.953s] -- Up-to-date: /home/knn/USB_test/install/usb_v1/include/usb_v1/usb_v1/msg/detail/joy__type_support.cpp
[4.953s] -- Up-to-date: /home/knn/USB_test/install/usb_v1/include/usb_v1/usb_v1/msg/detail/joy__rosidl_typesupport_introspection_cpp.hpp
[4.953s] -- Up-to-date: /home/knn/USB_test/install/usb_v1/lib/libusb_v1__rosidl_typesupport_introspection_cpp.so
[4.953s] -- Up-to-date: /home/knn/USB_test/install/usb_v1/lib/libusb_v1__rosidl_typesupport_cpp.so
[4.953s] -- Up-to-date: /home/knn/USB_test/install/usb_v1/share/usb_v1/environment/pythonpath.sh
[4.953s] -- Up-to-date: /home/knn/USB_test/install/usb_v1/share/usb_v1/environment/pythonpath.dsv
[4.953s] -- Up-to-date: /home/knn/USB_test/install/usb_v1/local/lib/python3.10/dist-packages/usb_v1-0.0.0-py3.10.egg-info
[4.953s] -- Installing: /home/knn/USB_test/install/usb_v1/local/lib/python3.10/dist-packages/usb_v1-0.0.0-py3.10.egg-info/top_level.txt
[4.953s] -- Installing: /home/knn/USB_test/install/usb_v1/local/lib/python3.10/dist-packages/usb_v1-0.0.0-py3.10.egg-info/dependency_links.txt
[4.953s] -- Installing: /home/knn/USB_test/install/usb_v1/local/lib/python3.10/dist-packages/usb_v1-0.0.0-py3.10.egg-info/SOURCES.txt
[4.953s] -- Installing: /home/knn/USB_test/install/usb_v1/local/lib/python3.10/dist-packages/usb_v1-0.0.0-py3.10.egg-info/PKG-INFO
[4.953s] -- Up-to-date: /home/knn/USB_test/install/usb_v1/local/lib/python3.10/dist-packages/usb_v1
[4.953s] -- Up-to-date: /home/knn/USB_test/install/usb_v1/local/lib/python3.10/dist-packages/usb_v1/usb_v1_s__rosidl_typesupport_c.cpython-310-x86_64-linux-gnu.so
[4.953s] -- Up-to-date: /home/knn/USB_test/install/usb_v1/local/lib/python3.10/dist-packages/usb_v1/msg
[4.953s] -- Up-to-date: /home/knn/USB_test/install/usb_v1/local/lib/python3.10/dist-packages/usb_v1/msg/_joy.py
[4.953s] -- Up-to-date: /home/knn/USB_test/install/usb_v1/local/lib/python3.10/dist-packages/usb_v1/msg/_joy_s.c
[4.953s] -- Up-to-date: /home/knn/USB_test/install/usb_v1/local/lib/python3.10/dist-packages/usb_v1/msg/__init__.py
[4.953s] -- Up-to-date: /home/knn/USB_test/install/usb_v1/local/lib/python3.10/dist-packages/usb_v1/_usb_v1_s.ep.rosidl_typesupport_fastrtps_c.c
[4.953s] -- Up-to-date: /home/knn/USB_test/install/usb_v1/local/lib/python3.10/dist-packages/usb_v1/_usb_v1_s.ep.rosidl_typesupport_introspection_c.c
[4.953s] -- Up-to-date: /home/knn/USB_test/install/usb_v1/local/lib/python3.10/dist-packages/usb_v1/usb_v1_s__rosidl_typesupport_introspection_c.cpython-310-x86_64-linux-gnu.so
[4.953s] -- Up-to-date: /home/knn/USB_test/install/usb_v1/local/lib/python3.10/dist-packages/usb_v1/usb_v1_s__rosidl_typesupport_fastrtps_c.cpython-310-x86_64-linux-gnu.so
[4.953s] -- Up-to-date: /home/knn/USB_test/install/usb_v1/local/lib/python3.10/dist-packages/usb_v1/__init__.py
[4.953s] -- Up-to-date: /home/knn/USB_test/install/usb_v1/local/lib/python3.10/dist-packages/usb_v1/_usb_v1_s.ep.rosidl_typesupport_c.c
[4.953s] -- Up-to-date: /home/knn/USB_test/install/usb_v1/local/lib/python3.10/dist-packages/usb_v1/libusb_v1__rosidl_generator_py.so
[4.977s] Listing '/home/knn/USB_test/install/usb_v1/local/lib/python3.10/dist-packages/usb_v1'...
[4.977s] Listing '/home/knn/USB_test/install/usb_v1/local/lib/python3.10/dist-packages/usb_v1/msg'...
[4.980s] -- Up-to-date: /home/knn/USB_test/install/usb_v1/local/lib/python3.10/dist-packages/usb_v1/usb_v1_s__rosidl_typesupport_fastrtps_c.cpython-310-x86_64-linux-gnu.so
[4.980s] -- Up-to-date: /home/knn/USB_test/install/usb_v1/local/lib/python3.10/dist-packages/usb_v1/usb_v1_s__rosidl_typesupport_introspection_c.cpython-310-x86_64-linux-gnu.so
[4.980s] -- Up-to-date: /home/knn/USB_test/install/usb_v1/local/lib/python3.10/dist-packages/usb_v1/usb_v1_s__rosidl_typesupport_c.cpython-310-x86_64-linux-gnu.so
[4.980s] -- Up-to-date: /home/knn/USB_test/install/usb_v1/lib/libusb_v1__rosidl_generator_py.so
[4.980s] -- Up-to-date: /home/knn/USB_test/install/usb_v1/share/usb_v1/msg/Joy.idl
[4.980s] -- Up-to-date: /home/knn/USB_test/install/usb_v1/share/usb_v1/msg/Joy.msg
[4.981s] -- Up-to-date: /home/knn/USB_test/install/usb_v1/share/ament_index/resource_index/package_run_dependencies/usb_v1
[4.981s] -- Up-to-date: /home/knn/USB_test/install/usb_v1/share/ament_index/resource_index/parent_prefix_path/usb_v1
[4.981s] -- Up-to-date: /home/knn/USB_test/install/usb_v1/share/usb_v1/environment/ament_prefix_path.sh
[4.981s] -- Up-to-date: /home/knn/USB_test/install/usb_v1/share/usb_v1/environment/ament_prefix_path.dsv
[4.981s] -- Up-to-date: /home/knn/USB_test/install/usb_v1/share/usb_v1/environment/path.sh
[4.981s] -- Up-to-date: /home/knn/USB_test/install/usb_v1/share/usb_v1/environment/path.dsv
[4.981s] -- Up-to-date: /home/knn/USB_test/install/usb_v1/share/usb_v1/local_setup.bash
[4.981s] -- Up-to-date: /home/knn/USB_test/install/usb_v1/share/usb_v1/local_setup.sh
[4.981s] -- Up-to-date: /home/knn/USB_test/install/usb_v1/share/usb_v1/local_setup.zsh
[4.981s] -- Up-to-date: /home/knn/USB_test/install/usb_v1/share/usb_v1/local_setup.dsv
[4.981s] -- Installing: /home/knn/USB_test/install/usb_v1/share/usb_v1/package.dsv
[4.982s] -- Up-to-date: /home/knn/USB_test/install/usb_v1/share/ament_index/resource_index/packages/usb_v1
[4.982s] -- Up-to-date: /home/knn/USB_test/install/usb_v1/share/usb_v1/cmake/export_usb_v1__rosidl_generator_cExport.cmake
[4.982s] -- Up-to-date: /home/knn/USB_test/install/usb_v1/share/usb_v1/cmake/export_usb_v1__rosidl_generator_cExport-noconfig.cmake
[4.982s] -- Up-to-date: /home/knn/USB_test/install/usb_v1/share/usb_v1/cmake/export_usb_v1__rosidl_typesupport_fastrtps_cExport.cmake
[4.982s] -- Up-to-date: /home/knn/USB_test/install/usb_v1/share/usb_v1/cmake/export_usb_v1__rosidl_typesupport_fastrtps_cExport-noconfig.cmake
[4.982s] -- Up-to-date: /home/knn/USB_test/install/usb_v1/share/usb_v1/cmake/export_usb_v1__rosidl_generator_cppExport.cmake
[4.982s] -- Up-to-date: /home/knn/USB_test/install/usb_v1/share/usb_v1/cmake/export_usb_v1__rosidl_typesupport_fastrtps_cppExport.cmake
[4.982s] -- Up-to-date: /home/knn/USB_test/install/usb_v1/share/usb_v1/cmake/export_usb_v1__rosidl_typesupport_fastrtps_cppExport-noconfig.cmake
[4.982s] -- Up-to-date: /home/knn/USB_test/install/usb_v1/share/usb_v1/cmake/usb_v1__rosidl_typesupport_introspection_cExport.cmake
[4.982s] -- Up-to-date: /home/knn/USB_test/install/usb_v1/share/usb_v1/cmake/usb_v1__rosidl_typesupport_introspection_cExport-noconfig.cmake
[4.982s] -- Up-to-date: /home/knn/USB_test/install/usb_v1/share/usb_v1/cmake/usb_v1__rosidl_typesupport_cExport.cmake
[4.982s] -- Up-to-date: /home/knn/USB_test/install/usb_v1/share/usb_v1/cmake/usb_v1__rosidl_typesupport_cExport-noconfig.cmake
[4.982s] -- Up-to-date: /home/knn/USB_test/install/usb_v1/share/usb_v1/cmake/usb_v1__rosidl_typesupport_introspection_cppExport.cmake
[4.982s] -- Up-to-date: /home/knn/USB_test/install/usb_v1/share/usb_v1/cmake/usb_v1__rosidl_typesupport_introspection_cppExport-noconfig.cmake
[4.983s] -- Up-to-date: /home/knn/USB_test/install/usb_v1/share/usb_v1/cmake/usb_v1__rosidl_typesupport_cppExport.cmake
[4.983s] -- Up-to-date: /home/knn/USB_test/install/usb_v1/share/usb_v1/cmake/usb_v1__rosidl_typesupport_cppExport-noconfig.cmake
[4.983s] -- Up-to-date: /home/knn/USB_test/install/usb_v1/share/usb_v1/cmake/export_usb_v1__rosidl_generator_pyExport.cmake
[4.983s] -- Up-to-date: /home/knn/USB_test/install/usb_v1/share/usb_v1/cmake/export_usb_v1__rosidl_generator_pyExport-noconfig.cmake
[4.983s] -- Up-to-date: /home/knn/USB_test/install/usb_v1/share/usb_v1/cmake/rosidl_cmake-extras.cmake
[4.983s] -- Up-to-date: /home/knn/USB_test/install/usb_v1/share/usb_v1/cmake/ament_cmake_export_dependencies-extras.cmake
[4.983s] -- Up-to-date: /home/knn/USB_test/install/usb_v1/share/usb_v1/cmake/ament_cmake_export_include_directories-extras.cmake
[4.983s] -- Up-to-date: /home/knn/USB_test/install/usb_v1/share/usb_v1/cmake/ament_cmake_export_libraries-extras.cmake
[4.983s] -- Up-to-date: /home/knn/USB_test/install/usb_v1/share/usb_v1/cmake/ament_cmake_export_targets-extras.cmake
[4.983s] -- Up-to-date: /home/knn/USB_test/install/usb_v1/share/usb_v1/cmake/rosidl_cmake_export_typesupport_targets-extras.cmake
[4.983s] -- Up-to-date: /home/knn/USB_test/install/usb_v1/share/usb_v1/cmake/rosidl_cmake_export_typesupport_libraries-extras.cmake
[4.983s] -- Up-to-date: /home/knn/USB_test/install/usb_v1/share/usb_v1/cmake/usb_v1Config.cmake
[4.983s] -- Up-to-date: /home/knn/USB_test/install/usb_v1/share/usb_v1/cmake/usb_v1Config-version.cmake
[4.983s] -- Up-to-date: /home/knn/USB_test/install/usb_v1/share/usb_v1/package.xml
[4.985s] Invoked command in '/home/knn/USB_test/build/usb_v1' returned '0': CMAKE_PREFIX_PATH=/home/knn/USB_test/install/serial:/home/knn/USB_test/install/usb_v1:/home/knn/abu2025_ws/install/ust_05ln_ros2:/home/knn/abu2025_ws/install/irob_maneuv3r:/home/knn/abu2025_ws/install/irob_launcher:/home/knn/abu2025_ws/install/irob_interface:/home/knn/abu2025_ws/install/irob_controller:/home/knn/abu2025_ws/install/irob_msgs:/home/knn/abu2025_ws/install/abu2025_ros2:/opt/ros/humble /usr/bin/cmake --install /home/knn/USB_test/build/usb_v1
