[0.068s] DEBUG:colcon:Command line arguments: ['/usr/bin/colcon', 'build']
[0.068s] DEBUG:colcon:Parsed command line arguments: Namespace(log_base=None, log_level=None, verb_name='build', build_base='build', install_base='install', merge_install=False, symlink_install=False, test_result_base=None, continue_on_error=False, executor='parallel', parallel_workers=12, event_handlers=None, ignore_user_meta=False, metas=['./colcon.meta'], base_paths=['.'], packages_ignore=None, packages_ignore_regex=None, paths=None, packages_up_to=None, packages_up_to_regex=None, packages_above=None, packages_above_and_dependencies=None, packages_above_depth=None, packages_select_by_dep=None, packages_skip_by_dep=None, packages_skip_up_to=None, packages_select_build_failed=False, packages_skip_build_finished=False, packages_select_test_failures=False, packages_skip_test_passed=False, packages_select=None, packages_skip=None, packages_select_regex=None, packages_skip_regex=None, packages_start=None, packages_end=None, allow_overriding=[], cmake_args=None, cmake_target=None, cmake_target_skip_unavailable=False, cmake_clean_cache=False, cmake_clean_first=False, cmake_force_configure=False, ament_cmake_args=None, catkin_cmake_args=None, catkin_skip_building_tests=False, mixin_files=None, mixin=None, verb_parser=<colcon_mixin.mixin.mixin_argument.MixinArgumentDecorator object at 0x76a99eed2260>, verb_extension=<colcon_core.verb.build.BuildVerb object at 0x76a99eed1c90>, main=<bound method BuildVerb.main of <colcon_core.verb.build.BuildVerb object at 0x76a99eed1c90>>, mixin_verb=('build',))
[0.156s] Level 1:colcon.colcon_core.package_discovery:discover_packages(colcon_meta) check parameters
[0.156s] Level 1:colcon.colcon_core.package_discovery:discover_packages(recursive) check parameters
[0.156s] Level 1:colcon.colcon_core.package_discovery:discover_packages(ignore) check parameters
[0.156s] Level 1:colcon.colcon_core.package_discovery:discover_packages(path) check parameters
[0.156s] Level 1:colcon.colcon_core.package_discovery:discover_packages(colcon_meta) discover
[0.156s] Level 1:colcon.colcon_core.package_discovery:discover_packages(recursive) discover
[0.156s] INFO:colcon.colcon_core.package_discovery:Crawling recursively for packages in '/home/knn/USB_test'
[0.156s] Level 1:colcon.colcon_core.package_identification:_identify(.) by extensions ['ignore', 'ignore_ament_install']
[0.156s] Level 1:colcon.colcon_core.package_identification:_identify(.) by extension 'ignore'
[0.156s] Level 1:colcon.colcon_core.package_identification:_identify(.) by extension 'ignore_ament_install'
[0.156s] Level 1:colcon.colcon_core.package_identification:_identify(.) by extensions ['colcon_pkg']
[0.156s] Level 1:colcon.colcon_core.package_identification:_identify(.) by extension 'colcon_pkg'
[0.156s] Level 1:colcon.colcon_core.package_identification:_identify(.) by extensions ['colcon_meta']
[0.156s] Level 1:colcon.colcon_core.package_identification:_identify(.) by extension 'colcon_meta'
[0.156s] Level 1:colcon.colcon_core.package_identification:_identify(.) by extensions ['ros']
[0.156s] Level 1:colcon.colcon_core.package_identification:_identify(.) by extension 'ros'
[0.162s] Level 1:colcon.colcon_core.package_identification:_identify(.) by extensions ['cmake', 'python']
[0.162s] Level 1:colcon.colcon_core.package_identification:_identify(.) by extension 'cmake'
[0.162s] Level 1:colcon.colcon_core.package_identification:_identify(.) by extension 'python'
[0.162s] Level 1:colcon.colcon_core.package_identification:_identify(.) by extensions ['python_setup_py']
[0.162s] Level 1:colcon.colcon_core.package_identification:_identify(.) by extension 'python_setup_py'
[0.162s] Level 1:colcon.colcon_core.package_identification:_identify(build) by extensions ['ignore', 'ignore_ament_install']
[0.163s] Level 1:colcon.colcon_core.package_identification:_identify(build) by extension 'ignore'
[0.163s] Level 1:colcon.colcon_core.package_identification:_identify(build) ignored
[0.163s] Level 1:colcon.colcon_core.package_identification:_identify(install) by extensions ['ignore', 'ignore_ament_install']
[0.163s] Level 1:colcon.colcon_core.package_identification:_identify(install) by extension 'ignore'
[0.163s] Level 1:colcon.colcon_core.package_identification:_identify(install) ignored
[0.163s] Level 1:colcon.colcon_core.package_identification:_identify(launch) by extensions ['ignore', 'ignore_ament_install']
[0.163s] Level 1:colcon.colcon_core.package_identification:_identify(launch) by extension 'ignore'
[0.163s] Level 1:colcon.colcon_core.package_identification:_identify(launch) by extension 'ignore_ament_install'
[0.163s] Level 1:colcon.colcon_core.package_identification:_identify(launch) by extensions ['colcon_pkg']
[0.163s] Level 1:colcon.colcon_core.package_identification:_identify(launch) by extension 'colcon_pkg'
[0.163s] Level 1:colcon.colcon_core.package_identification:_identify(launch) by extensions ['colcon_meta']
[0.163s] Level 1:colcon.colcon_core.package_identification:_identify(launch) by extension 'colcon_meta'
[0.163s] Level 1:colcon.colcon_core.package_identification:_identify(launch) by extensions ['ros']
[0.163s] Level 1:colcon.colcon_core.package_identification:_identify(launch) by extension 'ros'
[0.163s] Level 1:colcon.colcon_core.package_identification:_identify(launch) by extensions ['cmake', 'python']
[0.163s] Level 1:colcon.colcon_core.package_identification:_identify(launch) by extension 'cmake'
[0.163s] Level 1:colcon.colcon_core.package_identification:_identify(launch) by extension 'python'
[0.163s] Level 1:colcon.colcon_core.package_identification:_identify(launch) by extensions ['python_setup_py']
[0.163s] Level 1:colcon.colcon_core.package_identification:_identify(launch) by extension 'python_setup_py'
[0.163s] Level 1:colcon.colcon_core.package_identification:_identify(launch/__pycache__) by extensions ['ignore', 'ignore_ament_install']
[0.163s] Level 1:colcon.colcon_core.package_identification:_identify(launch/__pycache__) by extension 'ignore'
[0.163s] Level 1:colcon.colcon_core.package_identification:_identify(launch/__pycache__) by extension 'ignore_ament_install'
[0.163s] Level 1:colcon.colcon_core.package_identification:_identify(launch/__pycache__) by extensions ['colcon_pkg']
[0.163s] Level 1:colcon.colcon_core.package_identification:_identify(launch/__pycache__) by extension 'colcon_pkg'
[0.163s] Level 1:colcon.colcon_core.package_identification:_identify(launch/__pycache__) by extensions ['colcon_meta']
[0.163s] Level 1:colcon.colcon_core.package_identification:_identify(launch/__pycache__) by extension 'colcon_meta'
[0.163s] Level 1:colcon.colcon_core.package_identification:_identify(launch/__pycache__) by extensions ['ros']
[0.163s] Level 1:colcon.colcon_core.package_identification:_identify(launch/__pycache__) by extension 'ros'
[0.163s] Level 1:colcon.colcon_core.package_identification:_identify(launch/__pycache__) by extensions ['cmake', 'python']
[0.163s] Level 1:colcon.colcon_core.package_identification:_identify(launch/__pycache__) by extension 'cmake'
[0.163s] Level 1:colcon.colcon_core.package_identification:_identify(launch/__pycache__) by extension 'python'
[0.163s] Level 1:colcon.colcon_core.package_identification:_identify(launch/__pycache__) by extensions ['python_setup_py']
[0.163s] Level 1:colcon.colcon_core.package_identification:_identify(launch/__pycache__) by extension 'python_setup_py'
[0.163s] Level 1:colcon.colcon_core.package_identification:_identify(launch/build) by extensions ['ignore', 'ignore_ament_install']
[0.163s] Level 1:colcon.colcon_core.package_identification:_identify(launch/build) by extension 'ignore'
[0.163s] Level 1:colcon.colcon_core.package_identification:_identify(launch/build) ignored
[0.163s] Level 1:colcon.colcon_core.package_identification:_identify(launch/install) by extensions ['ignore', 'ignore_ament_install']
[0.163s] Level 1:colcon.colcon_core.package_identification:_identify(launch/install) by extension 'ignore'
[0.163s] Level 1:colcon.colcon_core.package_identification:_identify(launch/install) ignored
[0.164s] Level 1:colcon.colcon_core.package_identification:_identify(launch/log) by extensions ['ignore', 'ignore_ament_install']
[0.164s] Level 1:colcon.colcon_core.package_identification:_identify(launch/log) by extension 'ignore'
[0.164s] Level 1:colcon.colcon_core.package_identification:_identify(launch/log) ignored
[0.164s] Level 1:colcon.colcon_core.package_identification:_identify(log) by extensions ['ignore', 'ignore_ament_install']
[0.164s] Level 1:colcon.colcon_core.package_identification:_identify(log) by extension 'ignore'
[0.164s] Level 1:colcon.colcon_core.package_identification:_identify(log) ignored
[0.164s] Level 1:colcon.colcon_core.package_identification:_identify(src) by extensions ['ignore', 'ignore_ament_install']
[0.164s] Level 1:colcon.colcon_core.package_identification:_identify(src) by extension 'ignore'
[0.164s] Level 1:colcon.colcon_core.package_identification:_identify(src) by extension 'ignore_ament_install'
[0.164s] Level 1:colcon.colcon_core.package_identification:_identify(src) by extensions ['colcon_pkg']
[0.164s] Level 1:colcon.colcon_core.package_identification:_identify(src) by extension 'colcon_pkg'
[0.164s] Level 1:colcon.colcon_core.package_identification:_identify(src) by extensions ['colcon_meta']
[0.164s] Level 1:colcon.colcon_core.package_identification:_identify(src) by extension 'colcon_meta'
[0.164s] Level 1:colcon.colcon_core.package_identification:_identify(src) by extensions ['ros']
[0.164s] Level 1:colcon.colcon_core.package_identification:_identify(src) by extension 'ros'
[0.164s] Level 1:colcon.colcon_core.package_identification:_identify(src) by extensions ['cmake', 'python']
[0.164s] Level 1:colcon.colcon_core.package_identification:_identify(src) by extension 'cmake'
[0.164s] Level 1:colcon.colcon_core.package_identification:_identify(src) by extension 'python'
[0.164s] Level 1:colcon.colcon_core.package_identification:_identify(src) by extensions ['python_setup_py']
[0.164s] Level 1:colcon.colcon_core.package_identification:_identify(src) by extension 'python_setup_py'
[0.164s] Level 1:colcon.colcon_core.package_identification:_identify(src/serial) by extensions ['ignore', 'ignore_ament_install']
[0.164s] Level 1:colcon.colcon_core.package_identification:_identify(src/serial) by extension 'ignore'
[0.164s] Level 1:colcon.colcon_core.package_identification:_identify(src/serial) by extension 'ignore_ament_install'
[0.164s] Level 1:colcon.colcon_core.package_identification:_identify(src/serial) by extensions ['colcon_pkg']
[0.164s] Level 1:colcon.colcon_core.package_identification:_identify(src/serial) by extension 'colcon_pkg'
[0.164s] Level 1:colcon.colcon_core.package_identification:_identify(src/serial) by extensions ['colcon_meta']
[0.164s] Level 1:colcon.colcon_core.package_identification:_identify(src/serial) by extension 'colcon_meta'
[0.164s] Level 1:colcon.colcon_core.package_identification:_identify(src/serial) by extensions ['ros']
[0.164s] Level 1:colcon.colcon_core.package_identification:_identify(src/serial) by extension 'ros'
[0.166s] DEBUG:colcon.colcon_core.package_identification:Package 'src/serial' with type 'ros.ament_cmake' and name 'serial'
[0.166s] Level 1:colcon.colcon_core.package_identification:_identify(src/usb_v1) by extensions ['ignore', 'ignore_ament_install']
[0.166s] Level 1:colcon.colcon_core.package_identification:_identify(src/usb_v1) by extension 'ignore'
[0.166s] Level 1:colcon.colcon_core.package_identification:_identify(src/usb_v1) by extension 'ignore_ament_install'
[0.166s] Level 1:colcon.colcon_core.package_identification:_identify(src/usb_v1) by extensions ['colcon_pkg']
[0.166s] Level 1:colcon.colcon_core.package_identification:_identify(src/usb_v1) by extension 'colcon_pkg'
[0.166s] Level 1:colcon.colcon_core.package_identification:_identify(src/usb_v1) by extensions ['colcon_meta']
[0.166s] Level 1:colcon.colcon_core.package_identification:_identify(src/usb_v1) by extension 'colcon_meta'
[0.166s] Level 1:colcon.colcon_core.package_identification:_identify(src/usb_v1) by extensions ['ros']
[0.166s] Level 1:colcon.colcon_core.package_identification:_identify(src/usb_v1) by extension 'ros'
[0.166s] DEBUG:colcon.colcon_core.package_identification:Package 'src/usb_v1' with type 'ros.ament_cmake' and name 'usb_v1'
[0.166s] Level 1:colcon.colcon_core.package_discovery:discover_packages(recursive) using defaults
[0.167s] Level 1:colcon.colcon_core.package_discovery:discover_packages(ignore) discover
[0.167s] Level 1:colcon.colcon_core.package_discovery:discover_packages(ignore) using defaults
[0.167s] Level 1:colcon.colcon_core.package_discovery:discover_packages(path) discover
[0.167s] Level 1:colcon.colcon_core.package_discovery:discover_packages(path) using defaults
[0.185s] Level 1:colcon.colcon_core.package_discovery:discover_packages(prefix_path) check parameters
[0.185s] Level 1:colcon.colcon_core.package_discovery:discover_packages(prefix_path) discover
[0.186s] DEBUG:colcon.colcon_installed_package_information.package_discovery:Found 7 installed packages in /home/knn/abu2025_ws/install
[0.186s] DEBUG:colcon.colcon_installed_package_information.package_discovery:Found 327 installed packages in /opt/ros/humble
[0.187s] Level 1:colcon.colcon_core.package_discovery:discover_packages(prefix_path) using defaults
[0.209s] Level 5:colcon.colcon_core.verb:set package 'serial' build argument 'cmake_args' from command line to 'None'
[0.209s] Level 5:colcon.colcon_core.verb:set package 'serial' build argument 'cmake_target' from command line to 'None'
[0.209s] Level 5:colcon.colcon_core.verb:set package 'serial' build argument 'cmake_target_skip_unavailable' from command line to 'False'
[0.209s] Level 5:colcon.colcon_core.verb:set package 'serial' build argument 'cmake_clean_cache' from command line to 'False'
[0.209s] Level 5:colcon.colcon_core.verb:set package 'serial' build argument 'cmake_clean_first' from command line to 'False'
[0.209s] Level 5:colcon.colcon_core.verb:set package 'serial' build argument 'cmake_force_configure' from command line to 'False'
[0.209s] Level 5:colcon.colcon_core.verb:set package 'serial' build argument 'ament_cmake_args' from command line to 'None'
[0.209s] Level 5:colcon.colcon_core.verb:set package 'serial' build argument 'catkin_cmake_args' from command line to 'None'
[0.209s] Level 5:colcon.colcon_core.verb:set package 'serial' build argument 'catkin_skip_building_tests' from command line to 'False'
[0.209s] DEBUG:colcon.colcon_core.verb:Building package 'serial' with the following arguments: {'ament_cmake_args': None, 'build_base': '/home/knn/USB_test/build/serial', 'catkin_cmake_args': None, 'catkin_skip_building_tests': False, 'cmake_args': None, 'cmake_clean_cache': False, 'cmake_clean_first': False, 'cmake_force_configure': False, 'cmake_target': None, 'cmake_target_skip_unavailable': False, 'install_base': '/home/knn/USB_test/install/serial', 'merge_install': False, 'path': '/home/knn/USB_test/src/serial', 'symlink_install': False, 'test_result_base': None}
[0.209s] Level 5:colcon.colcon_core.verb:set package 'usb_v1' build argument 'cmake_args' from command line to 'None'
[0.209s] Level 5:colcon.colcon_core.verb:set package 'usb_v1' build argument 'cmake_target' from command line to 'None'
[0.209s] Level 5:colcon.colcon_core.verb:set package 'usb_v1' build argument 'cmake_target_skip_unavailable' from command line to 'False'
[0.209s] Level 5:colcon.colcon_core.verb:set package 'usb_v1' build argument 'cmake_clean_cache' from command line to 'False'
[0.209s] Level 5:colcon.colcon_core.verb:set package 'usb_v1' build argument 'cmake_clean_first' from command line to 'False'
[0.209s] Level 5:colcon.colcon_core.verb:set package 'usb_v1' build argument 'cmake_force_configure' from command line to 'False'
[0.209s] Level 5:colcon.colcon_core.verb:set package 'usb_v1' build argument 'ament_cmake_args' from command line to 'None'
[0.209s] Level 5:colcon.colcon_core.verb:set package 'usb_v1' build argument 'catkin_cmake_args' from command line to 'None'
[0.209s] Level 5:colcon.colcon_core.verb:set package 'usb_v1' build argument 'catkin_skip_building_tests' from command line to 'False'
[0.209s] DEBUG:colcon.colcon_core.verb:Building package 'usb_v1' with the following arguments: {'ament_cmake_args': None, 'build_base': '/home/knn/USB_test/build/usb_v1', 'catkin_cmake_args': None, 'catkin_skip_building_tests': False, 'cmake_args': None, 'cmake_clean_cache': False, 'cmake_clean_first': False, 'cmake_force_configure': False, 'cmake_target': None, 'cmake_target_skip_unavailable': False, 'install_base': '/home/knn/USB_test/install/usb_v1', 'merge_install': False, 'path': '/home/knn/USB_test/src/usb_v1', 'symlink_install': False, 'test_result_base': None}
[0.210s] INFO:colcon.colcon_core.executor:Executing jobs using 'parallel' executor
[0.210s] DEBUG:colcon.colcon_parallel_executor.executor.parallel:run_until_complete
[0.210s] INFO:colcon.colcon_ros.task.ament_cmake.build:Building ROS package in '/home/knn/USB_test/src/serial' with build type 'ament_cmake'
[0.210s] INFO:colcon.colcon_cmake.task.cmake.build:Building CMake package in '/home/knn/USB_test/src/serial'
[0.212s] INFO:colcon.colcon_core.plugin_system:Skipping extension 'colcon_core.shell.bat': Not used on non-Windows systems
[0.212s] INFO:colcon.colcon_core.shell:Skip shell extension 'powershell' for command environment: Not usable outside of PowerShell
[0.212s] DEBUG:colcon.colcon_core.shell:Skip shell extension 'dsv' for command environment
[0.220s] DEBUG:colcon.colcon_core.event_handler.log_command:Invoking command in '/home/knn/USB_test/build/serial': CMAKE_PREFIX_PATH=${CMAKE_PREFIX_PATH}:/opt/ros/humble /usr/bin/cmake --build /home/knn/USB_test/build/serial -- -j12 -l12
[0.303s] DEBUG:colcon.colcon_core.event_handler.log_command:Invoked command in '/home/knn/USB_test/build/serial' returned '0': CMAKE_PREFIX_PATH=${CMAKE_PREFIX_PATH}:/opt/ros/humble /usr/bin/cmake --build /home/knn/USB_test/build/serial -- -j12 -l12
[0.315s] DEBUG:colcon.colcon_core.event_handler.log_command:Invoking command in '/home/knn/USB_test/build/serial': CMAKE_PREFIX_PATH=${CMAKE_PREFIX_PATH}:/opt/ros/humble /usr/bin/cmake --install /home/knn/USB_test/build/serial
[0.326s] Level 1:colcon.colcon_core.environment:create_environment_scripts_only(serial)
[0.327s] DEBUG:colcon.colcon_core.event_handler.log_command:Invoked command in '/home/knn/USB_test/build/serial' returned '0': CMAKE_PREFIX_PATH=${CMAKE_PREFIX_PATH}:/opt/ros/humble /usr/bin/cmake --install /home/knn/USB_test/build/serial
[0.329s] Level 1:colcon.colcon_core.environment:checking '/home/knn/USB_test/install/serial' for CMake module files
[0.330s] Level 1:colcon.colcon_core.environment:checking '/home/knn/USB_test/install/serial' for CMake config files
[0.330s] Level 1:colcon.colcon_core.shell:create_environment_hook('serial', 'cmake_prefix_path')
[0.331s] INFO:colcon.colcon_core.shell:Creating environment hook '/home/knn/USB_test/install/serial/share/serial/hook/cmake_prefix_path.ps1'
[0.332s] INFO:colcon.colcon_core.shell:Creating environment descriptor '/home/knn/USB_test/install/serial/share/serial/hook/cmake_prefix_path.dsv'
[0.333s] INFO:colcon.colcon_core.shell:Creating environment hook '/home/knn/USB_test/install/serial/share/serial/hook/cmake_prefix_path.sh'
[0.334s] Level 1:colcon.colcon_core.environment:checking '/home/knn/USB_test/install/serial/lib'
[0.334s] Level 1:colcon.colcon_core.environment:checking '/home/knn/USB_test/install/serial/bin'
[0.334s] Level 1:colcon.colcon_core.environment:checking '/home/knn/USB_test/install/serial/lib/pkgconfig/serial.pc'
[0.334s] Level 1:colcon.colcon_core.environment:checking '/home/knn/USB_test/install/serial/lib/python3.10/site-packages'
[0.335s] Level 1:colcon.colcon_core.environment:checking '/home/knn/USB_test/install/serial/bin'
[0.335s] INFO:colcon.colcon_core.shell:Creating package script '/home/knn/USB_test/install/serial/share/serial/package.ps1'
[0.335s] INFO:colcon.colcon_core.shell:Creating package descriptor '/home/knn/USB_test/install/serial/share/serial/package.dsv'
[0.336s] INFO:colcon.colcon_core.shell:Creating package script '/home/knn/USB_test/install/serial/share/serial/package.sh'
[0.336s] INFO:colcon.colcon_core.shell:Creating package script '/home/knn/USB_test/install/serial/share/serial/package.bash'
[0.337s] INFO:colcon.colcon_core.shell:Creating package script '/home/knn/USB_test/install/serial/share/serial/package.zsh'
[0.337s] Level 1:colcon.colcon_core.environment:create_file_with_runtime_dependencies(/home/knn/USB_test/install/serial/share/colcon-core/packages/serial)
[0.337s] Level 1:colcon.colcon_core.environment:create_environment_scripts_only(serial)
[0.338s] Level 1:colcon.colcon_core.environment:checking '/home/knn/USB_test/install/serial' for CMake module files
[0.338s] Level 1:colcon.colcon_core.environment:checking '/home/knn/USB_test/install/serial' for CMake config files
[0.338s] Level 1:colcon.colcon_core.shell:create_environment_hook('serial', 'cmake_prefix_path')
[0.338s] INFO:colcon.colcon_core.shell:Creating environment hook '/home/knn/USB_test/install/serial/share/serial/hook/cmake_prefix_path.ps1'
[0.339s] INFO:colcon.colcon_core.shell:Creating environment descriptor '/home/knn/USB_test/install/serial/share/serial/hook/cmake_prefix_path.dsv'
[0.339s] INFO:colcon.colcon_core.shell:Creating environment hook '/home/knn/USB_test/install/serial/share/serial/hook/cmake_prefix_path.sh'
[0.339s] Level 1:colcon.colcon_core.environment:checking '/home/knn/USB_test/install/serial/lib'
[0.339s] Level 1:colcon.colcon_core.environment:checking '/home/knn/USB_test/install/serial/bin'
[0.339s] Level 1:colcon.colcon_core.environment:checking '/home/knn/USB_test/install/serial/lib/pkgconfig/serial.pc'
[0.339s] Level 1:colcon.colcon_core.environment:checking '/home/knn/USB_test/install/serial/lib/python3.10/site-packages'
[0.340s] Level 1:colcon.colcon_core.environment:checking '/home/knn/USB_test/install/serial/bin'
[0.340s] INFO:colcon.colcon_core.shell:Creating package script '/home/knn/USB_test/install/serial/share/serial/package.ps1'
[0.340s] INFO:colcon.colcon_core.shell:Creating package descriptor '/home/knn/USB_test/install/serial/share/serial/package.dsv'
[0.340s] INFO:colcon.colcon_core.shell:Creating package script '/home/knn/USB_test/install/serial/share/serial/package.sh'
[0.341s] INFO:colcon.colcon_core.shell:Creating package script '/home/knn/USB_test/install/serial/share/serial/package.bash'
[0.341s] INFO:colcon.colcon_core.shell:Creating package script '/home/knn/USB_test/install/serial/share/serial/package.zsh'
[0.341s] Level 1:colcon.colcon_core.environment:create_file_with_runtime_dependencies(/home/knn/USB_test/install/serial/share/colcon-core/packages/serial)
[0.341s] INFO:colcon.colcon_ros.task.ament_cmake.build:Building ROS package in '/home/knn/USB_test/src/usb_v1' with build type 'ament_cmake'
[0.341s] INFO:colcon.colcon_cmake.task.cmake.build:Building CMake package in '/home/knn/USB_test/src/usb_v1'
[0.342s] INFO:colcon.colcon_core.shell:Skip shell extension 'powershell' for command environment: Not usable outside of PowerShell
[0.342s] DEBUG:colcon.colcon_core.shell:Skip shell extension 'dsv' for command environment
[0.352s] DEBUG:colcon.colcon_core.event_handler.log_command:Invoking command in '/home/knn/USB_test/build/usb_v1': AMENT_PREFIX_PATH=/home/knn/USB_test/install/serial:${AMENT_PREFIX_PATH} CMAKE_PREFIX_PATH=/home/knn/USB_test/install/serial:/home/knn/abu2025_ws/install/ust_05ln_ros2:/home/knn/abu2025_ws/install/irob_maneuv3r:/home/knn/abu2025_ws/install/irob_launcher:/home/knn/abu2025_ws/install/irob_interface:/home/knn/abu2025_ws/install/irob_controller:/home/knn/abu2025_ws/install/irob_msgs:/home/knn/abu2025_ws/install/abu2025_ros2:/opt/ros/humble LD_LIBRARY_PATH=/home/knn/USB_test/install/serial/lib:${LD_LIBRARY_PATH} /usr/bin/cmake --build /home/knn/USB_test/build/usb_v1 -- -j12 -l12
[0.630s] DEBUG:colcon.colcon_core.event_handler.log_command:Invoked command in '/home/knn/USB_test/build/usb_v1' returned '0': AMENT_PREFIX_PATH=/home/knn/USB_test/install/serial:${AMENT_PREFIX_PATH} CMAKE_PREFIX_PATH=/home/knn/USB_test/install/serial:/home/knn/abu2025_ws/install/ust_05ln_ros2:/home/knn/abu2025_ws/install/irob_maneuv3r:/home/knn/abu2025_ws/install/irob_launcher:/home/knn/abu2025_ws/install/irob_interface:/home/knn/abu2025_ws/install/irob_controller:/home/knn/abu2025_ws/install/irob_msgs:/home/knn/abu2025_ws/install/abu2025_ros2:/opt/ros/humble LD_LIBRARY_PATH=/home/knn/USB_test/install/serial/lib:${LD_LIBRARY_PATH} /usr/bin/cmake --build /home/knn/USB_test/build/usb_v1 -- -j12 -l12
[0.631s] DEBUG:colcon.colcon_core.event_handler.log_command:Invoking command in '/home/knn/USB_test/build/usb_v1': AMENT_PREFIX_PATH=/home/knn/USB_test/install/serial:${AMENT_PREFIX_PATH} CMAKE_PREFIX_PATH=/home/knn/USB_test/install/serial:/home/knn/abu2025_ws/install/ust_05ln_ros2:/home/knn/abu2025_ws/install/irob_maneuv3r:/home/knn/abu2025_ws/install/irob_launcher:/home/knn/abu2025_ws/install/irob_interface:/home/knn/abu2025_ws/install/irob_controller:/home/knn/abu2025_ws/install/irob_msgs:/home/knn/abu2025_ws/install/abu2025_ros2:/opt/ros/humble LD_LIBRARY_PATH=/home/knn/USB_test/install/serial/lib:${LD_LIBRARY_PATH} /usr/bin/cmake --install /home/knn/USB_test/build/usb_v1
[0.669s] Level 1:colcon.colcon_core.environment:create_environment_scripts_only(usb_v1)
[0.669s] DEBUG:colcon.colcon_core.event_handler.log_command:Invoked command in '/home/knn/USB_test/build/usb_v1' returned '0': AMENT_PREFIX_PATH=/home/knn/USB_test/install/serial:${AMENT_PREFIX_PATH} CMAKE_PREFIX_PATH=/home/knn/USB_test/install/serial:/home/knn/abu2025_ws/install/ust_05ln_ros2:/home/knn/abu2025_ws/install/irob_maneuv3r:/home/knn/abu2025_ws/install/irob_launcher:/home/knn/abu2025_ws/install/irob_interface:/home/knn/abu2025_ws/install/irob_controller:/home/knn/abu2025_ws/install/irob_msgs:/home/knn/abu2025_ws/install/abu2025_ros2:/opt/ros/humble LD_LIBRARY_PATH=/home/knn/USB_test/install/serial/lib:${LD_LIBRARY_PATH} /usr/bin/cmake --install /home/knn/USB_test/build/usb_v1
[0.670s] Level 1:colcon.colcon_core.environment:checking '/home/knn/USB_test/install/usb_v1' for CMake module files
[0.671s] Level 1:colcon.colcon_core.environment:checking '/home/knn/USB_test/install/usb_v1' for CMake config files
[0.671s] Level 1:colcon.colcon_core.shell:create_environment_hook('usb_v1', 'cmake_prefix_path')
[0.671s] INFO:colcon.colcon_core.shell:Creating environment hook '/home/knn/USB_test/install/usb_v1/share/usb_v1/hook/cmake_prefix_path.ps1'
[0.672s] INFO:colcon.colcon_core.shell:Creating environment descriptor '/home/knn/USB_test/install/usb_v1/share/usb_v1/hook/cmake_prefix_path.dsv'
[0.672s] INFO:colcon.colcon_core.shell:Creating environment hook '/home/knn/USB_test/install/usb_v1/share/usb_v1/hook/cmake_prefix_path.sh'
[0.673s] Level 1:colcon.colcon_core.environment:checking '/home/knn/USB_test/install/usb_v1/lib'
[0.673s] Level 1:colcon.colcon_core.shell:create_environment_hook('usb_v1', 'ld_library_path_lib')
[0.673s] INFO:colcon.colcon_core.shell:Creating environment hook '/home/knn/USB_test/install/usb_v1/share/usb_v1/hook/ld_library_path_lib.ps1'
[0.673s] INFO:colcon.colcon_core.shell:Creating environment descriptor '/home/knn/USB_test/install/usb_v1/share/usb_v1/hook/ld_library_path_lib.dsv'
[0.674s] INFO:colcon.colcon_core.shell:Creating environment hook '/home/knn/USB_test/install/usb_v1/share/usb_v1/hook/ld_library_path_lib.sh'
[0.674s] Level 1:colcon.colcon_core.environment:checking '/home/knn/USB_test/install/usb_v1/bin'
[0.674s] Level 1:colcon.colcon_core.environment:checking '/home/knn/USB_test/install/usb_v1/lib/pkgconfig/usb_v1.pc'
[0.674s] Level 1:colcon.colcon_core.environment:checking '/home/knn/USB_test/install/usb_v1/lib/python3.10/site-packages'
[0.675s] Level 1:colcon.colcon_core.environment:checking '/home/knn/USB_test/install/usb_v1/bin'
[0.675s] INFO:colcon.colcon_core.shell:Creating package script '/home/knn/USB_test/install/usb_v1/share/usb_v1/package.ps1'
[0.675s] INFO:colcon.colcon_core.shell:Creating package descriptor '/home/knn/USB_test/install/usb_v1/share/usb_v1/package.dsv'
[0.676s] INFO:colcon.colcon_core.shell:Creating package script '/home/knn/USB_test/install/usb_v1/share/usb_v1/package.sh'
[0.676s] INFO:colcon.colcon_core.shell:Creating package script '/home/knn/USB_test/install/usb_v1/share/usb_v1/package.bash'
[0.677s] INFO:colcon.colcon_core.shell:Creating package script '/home/knn/USB_test/install/usb_v1/share/usb_v1/package.zsh'
[0.677s] Level 1:colcon.colcon_core.environment:create_file_with_runtime_dependencies(/home/knn/USB_test/install/usb_v1/share/colcon-core/packages/usb_v1)
[0.677s] Level 1:colcon.colcon_core.environment:create_environment_scripts_only(usb_v1)
[0.678s] Level 1:colcon.colcon_core.environment:checking '/home/knn/USB_test/install/usb_v1' for CMake module files
[0.678s] Level 1:colcon.colcon_core.environment:checking '/home/knn/USB_test/install/usb_v1' for CMake config files
[0.678s] Level 1:colcon.colcon_core.shell:create_environment_hook('usb_v1', 'cmake_prefix_path')
[0.678s] INFO:colcon.colcon_core.shell:Creating environment hook '/home/knn/USB_test/install/usb_v1/share/usb_v1/hook/cmake_prefix_path.ps1'
[0.678s] INFO:colcon.colcon_core.shell:Creating environment descriptor '/home/knn/USB_test/install/usb_v1/share/usb_v1/hook/cmake_prefix_path.dsv'
[0.679s] INFO:colcon.colcon_core.shell:Creating environment hook '/home/knn/USB_test/install/usb_v1/share/usb_v1/hook/cmake_prefix_path.sh'
[0.679s] Level 1:colcon.colcon_core.environment:checking '/home/knn/USB_test/install/usb_v1/lib'
[0.679s] Level 1:colcon.colcon_core.shell:create_environment_hook('usb_v1', 'ld_library_path_lib')
[0.679s] INFO:colcon.colcon_core.shell:Creating environment hook '/home/knn/USB_test/install/usb_v1/share/usb_v1/hook/ld_library_path_lib.ps1'
[0.679s] INFO:colcon.colcon_core.shell:Creating environment descriptor '/home/knn/USB_test/install/usb_v1/share/usb_v1/hook/ld_library_path_lib.dsv'
[0.680s] INFO:colcon.colcon_core.shell:Creating environment hook '/home/knn/USB_test/install/usb_v1/share/usb_v1/hook/ld_library_path_lib.sh'
[0.680s] Level 1:colcon.colcon_core.environment:checking '/home/knn/USB_test/install/usb_v1/bin'
[0.680s] Level 1:colcon.colcon_core.environment:checking '/home/knn/USB_test/install/usb_v1/lib/pkgconfig/usb_v1.pc'
[0.680s] Level 1:colcon.colcon_core.environment:checking '/home/knn/USB_test/install/usb_v1/lib/python3.10/site-packages'
[0.680s] Level 1:colcon.colcon_core.environment:checking '/home/knn/USB_test/install/usb_v1/bin'
[0.680s] INFO:colcon.colcon_core.shell:Creating package script '/home/knn/USB_test/install/usb_v1/share/usb_v1/package.ps1'
[0.680s] INFO:colcon.colcon_core.shell:Creating package descriptor '/home/knn/USB_test/install/usb_v1/share/usb_v1/package.dsv'
[0.681s] INFO:colcon.colcon_core.shell:Creating package script '/home/knn/USB_test/install/usb_v1/share/usb_v1/package.sh'
[0.681s] INFO:colcon.colcon_core.shell:Creating package script '/home/knn/USB_test/install/usb_v1/share/usb_v1/package.bash'
[0.681s] INFO:colcon.colcon_core.shell:Creating package script '/home/knn/USB_test/install/usb_v1/share/usb_v1/package.zsh'
[0.682s] Level 1:colcon.colcon_core.environment:create_file_with_runtime_dependencies(/home/knn/USB_test/install/usb_v1/share/colcon-core/packages/usb_v1)
[0.682s] DEBUG:colcon.colcon_parallel_executor.executor.parallel:closing loop
[0.682s] DEBUG:colcon.colcon_parallel_executor.executor.parallel:loop closed
[0.682s] DEBUG:colcon.colcon_parallel_executor.executor.parallel:run_until_complete finished with '0'
[0.682s] DEBUG:colcon.colcon_core.event_reactor:joining thread
[0.685s] INFO:colcon.colcon_core.plugin_system:Skipping extension 'colcon_notification.desktop_notification.terminal_notifier': Not used on non-Darwin systems
[0.685s] INFO:colcon.colcon_core.plugin_system:Skipping extension 'colcon_notification.desktop_notification.win32': Not used on non-Windows systems
[0.685s] INFO:colcon.colcon_notification.desktop_notification:Sending desktop notification using 'notify2'
[0.694s] DEBUG:colcon.colcon_core.event_reactor:joined thread
[0.695s] INFO:colcon.colcon_core.shell:Creating prefix script '/home/knn/USB_test/install/local_setup.ps1'
[0.695s] INFO:colcon.colcon_core.shell:Creating prefix util module '/home/knn/USB_test/install/_local_setup_util_ps1.py'
[0.696s] INFO:colcon.colcon_core.shell:Creating prefix chain script '/home/knn/USB_test/install/setup.ps1'
[0.697s] INFO:colcon.colcon_core.shell:Creating prefix script '/home/knn/USB_test/install/local_setup.sh'
[0.697s] INFO:colcon.colcon_core.shell:Creating prefix util module '/home/knn/USB_test/install/_local_setup_util_sh.py'
[0.697s] INFO:colcon.colcon_core.shell:Creating prefix chain script '/home/knn/USB_test/install/setup.sh'
[0.699s] INFO:colcon.colcon_core.shell:Creating prefix script '/home/knn/USB_test/install/local_setup.bash'
[0.699s] INFO:colcon.colcon_core.shell:Creating prefix chain script '/home/knn/USB_test/install/setup.bash'
[0.700s] INFO:colcon.colcon_core.shell:Creating prefix script '/home/knn/USB_test/install/local_setup.zsh'
[0.700s] INFO:colcon.colcon_core.shell:Creating prefix chain script '/home/knn/USB_test/install/setup.zsh'
