[0.008s] Invoking command in '/home/knn/USB_test/build/serial': CMAKE_PREFIX_PATH=${CMAKE_PREFIX_PATH}:/opt/ros/humble /usr/bin/cmake /home/knn/USB_test/src/serial -DCMAKE_INSTALL_PREFIX=/home/knn/USB_test/install/serial
[0.060s] -- The C compiler identification is GNU 11.4.0
[0.104s] -- The CXX compiler identification is GNU 11.4.0
[0.109s] -- Detecting C compiler ABI info
[0.166s] -- Detecting C compiler ABI info - done
[0.173s] -- Check for working C compiler: /usr/bin/cc - skipped
[0.173s] -- Detecting C compile features
[0.173s] -- Detecting C compile features - done
[0.175s] -- Detecting CXX compiler ABI info
[0.239s] -- Detecting CXX compiler ABI info - done
[0.244s] -- Check for working CXX compiler: /usr/bin/c++ - skipped
[0.244s] -- Detecting CXX compile features
[0.244s] -- Detecting CXX compile features - done
[0.246s] -- Found ament_cmake: 1.3.11 (/opt/ros/humble/share/ament_cmake/cmake)
[0.362s] -- Found Python3: /usr/bin/python3 (found version "3.10.12") found components: Interpreter 
[0.464s] -- Configuring done
[0.467s] -- Generating done
[0.468s] -- Build files have been written to: /home/knn/USB_test/build/serial
[0.474s] Invoked command in '/home/knn/USB_test/build/serial' returned '0': CMAKE_PREFIX_PATH=${CMAKE_PREFIX_PATH}:/opt/ros/humble /usr/bin/cmake /home/knn/USB_test/src/serial -DCMAKE_INSTALL_PREFIX=/home/knn/USB_test/install/serial
[0.474s] Invoking command in '/home/knn/USB_test/build/serial': CMAKE_PREFIX_PATH=${CMAKE_PREFIX_PATH}:/opt/ros/humble /usr/bin/cmake --build /home/knn/USB_test/build/serial -- -j12 -l12
[0.512s] [ 16%] [32mBuilding CXX object CMakeFiles/serial.dir/src/impl/unix.cc.o[0m
[0.512s] [ 33%] [32mBuilding CXX object CMakeFiles/serial.dir/src/serial.cc.o[0m
[0.512s] [ 50%] [32mBuilding CXX object CMakeFiles/serial.dir/src/impl/list_ports/list_ports_linux.cc.o[0m
[0.890s] [ 66%] [32m[1mLinking CXX static library libserial.a[0m
[0.920s] [ 66%] Built target serial
[0.940s] [ 83%] [32mBuilding CXX object CMakeFiles/serial_example.dir/examples/serial_example.cc.o[0m
[1.124s] [100%] [32m[1mLinking CXX executable serial_example[0m
[1.180s] [100%] Built target serial_example
[1.190s] Invoked command in '/home/knn/USB_test/build/serial' returned '0': CMAKE_PREFIX_PATH=${CMAKE_PREFIX_PATH}:/opt/ros/humble /usr/bin/cmake --build /home/knn/USB_test/build/serial -- -j12 -l12
[1.199s] Invoking command in '/home/knn/USB_test/build/serial': CMAKE_PREFIX_PATH=${CMAKE_PREFIX_PATH}:/opt/ros/humble /usr/bin/cmake --install /home/knn/USB_test/build/serial
[1.205s] -- Install configuration: ""
[1.205s] -- Installing: /home/knn/USB_test/install/serial/lib/libserial.a
[1.205s] -- Installing: /home/knn/USB_test/install/serial/include/serial
[1.205s] -- Installing: /home/knn/USB_test/install/serial/include/serial/v8stdint.h
[1.205s] -- Installing: /home/knn/USB_test/install/serial/include/serial/serial.h
[1.205s] -- Installing: /home/knn/USB_test/install/serial/include/serial/impl
[1.205s] -- Installing: /home/knn/USB_test/install/serial/include/serial/impl/win.h
[1.206s] -- Installing: /home/knn/USB_test/install/serial/include/serial/impl/unix.h
[1.206s] -- Installing: /home/knn/USB_test/install/serial/lib/serial/serial_example
[1.206s] -- Installing: /home/knn/USB_test/install/serial/share/serial/environment/library_path.sh
[1.206s] -- Installing: /home/knn/USB_test/install/serial/share/serial/environment/library_path.dsv
[1.206s] -- Installing: /home/knn/USB_test/install/serial/share/ament_index/resource_index/package_run_dependencies/serial
[1.206s] -- Installing: /home/knn/USB_test/install/serial/share/ament_index/resource_index/parent_prefix_path/serial
[1.206s] -- Installing: /home/knn/USB_test/install/serial/share/serial/environment/ament_prefix_path.sh
[1.206s] -- Installing: /home/knn/USB_test/install/serial/share/serial/environment/ament_prefix_path.dsv
[1.207s] -- Installing: /home/knn/USB_test/install/serial/share/serial/environment/path.sh
[1.207s] -- Installing: /home/knn/USB_test/install/serial/share/serial/environment/path.dsv
[1.207s] -- Installing: /home/knn/USB_test/install/serial/share/serial/local_setup.bash
[1.207s] -- Installing: /home/knn/USB_test/install/serial/share/serial/local_setup.sh
[1.207s] -- Installing: /home/knn/USB_test/install/serial/share/serial/local_setup.zsh
[1.207s] -- Installing: /home/knn/USB_test/install/serial/share/serial/local_setup.dsv
[1.207s] -- Installing: /home/knn/USB_test/install/serial/share/serial/package.dsv
[1.207s] -- Installing: /home/knn/USB_test/install/serial/share/ament_index/resource_index/packages/serial
[1.207s] -- Installing: /home/knn/USB_test/install/serial/share/serial/cmake/ament_cmake_export_include_directories-extras.cmake
[1.207s] -- Installing: /home/knn/USB_test/install/serial/share/serial/cmake/ament_cmake_export_libraries-extras.cmake
[1.208s] -- Installing: /home/knn/USB_test/install/serial/share/serial/cmake/serialConfig.cmake
[1.208s] -- Installing: /home/knn/USB_test/install/serial/share/serial/cmake/serialConfig-version.cmake
[1.209s] -- Installing: /home/knn/USB_test/install/serial/share/serial/package.xml
[1.209s] Invoked command in '/home/knn/USB_test/build/serial' returned '0': CMAKE_PREFIX_PATH=${CMAKE_PREFIX_PATH}:/opt/ros/humble /usr/bin/cmake --install /home/knn/USB_test/build/serial
