[0.010s] Invoking command in '/home/knn/USB_test/build/usb_v1': AMENT_PREFIX_PATH=/home/knn/USB_test/install/serial:${AMENT_PREFIX_PATH} CMAKE_PREFIX_PATH=/home/knn/USB_test/install/serial:/home/knn/abu2025_ws/install/ust_05ln_ros2:/home/knn/abu2025_ws/install/irob_maneuv3r:/home/knn/abu2025_ws/install/irob_launcher:/home/knn/abu2025_ws/install/irob_interface:/home/knn/abu2025_ws/install/irob_controller:/home/knn/abu2025_ws/install/irob_msgs:/home/knn/abu2025_ws/install/abu2025_ros2:/opt/ros/humble LD_LIBRARY_PATH=/home/knn/USB_test/install/serial/lib:${LD_LIBRARY_PATH} /usr/bin/cmake --build /home/knn/USB_test/build/usb_v1 -- -j12 -l12
[0.071s] [35m[1mConsolidate compiler generated dependencies of target listener[0m
[0.076s] [  2%] Built target usb_v1__cpp
[0.085s] [ 11%] Built target usb_v1__rosidl_generator_c
[0.093s] [ 17%] Built target talker
[0.097s] [ 17%] Built target ament_cmake_python_copy_usb_v1
[0.098s] [ 20%] [32mBuilding CXX object CMakeFiles/listener.dir/src/Print_Data.cpp.o[0m
[0.109s] [ 28%] Built target usb_v1__rosidl_typesupport_cpp
[0.110s] [ 37%] Built target usb_v1__rosidl_typesupport_c
[0.111s] [ 45%] Built target usb_v1__rosidl_typesupport_fastrtps_c
[0.112s] [ 54%] Built target usb_v1__rosidl_typesupport_introspection_cpp
[0.112s] [ 62%] Built target usb_v1__rosidl_typesupport_fastrtps_cpp
[0.116s] [ 71%] Built target usb_v1__rosidl_typesupport_introspection_c
[0.137s] [ 71%] Built target usb_v1
[0.158s] [ 74%] Built target usb_v1__py
[0.182s] [ 80%] Built target usb_v1__rosidl_generator_py
[0.206s] [ 85%] Built target usb_v1__rosidl_typesupport_c__pyext
[0.208s] [ 97%] Built target usb_v1__rosidl_typesupport_fastrtps_c__pyext
[0.208s] [ 97%] Built target usb_v1__rosidl_typesupport_introspection_c__pyext
[0.270s] running egg_info
[0.271s] writing usb_v1.egg-info/PKG-INFO
[0.271s] writing dependency_links to usb_v1.egg-info/dependency_links.txt
[0.271s] writing top-level names to usb_v1.egg-info/top_level.txt
[0.274s] reading manifest file 'usb_v1.egg-info/SOURCES.txt'
[0.275s] writing manifest file 'usb_v1.egg-info/SOURCES.txt'
[0.299s] [ 97%] Built target ament_cmake_python_build_usb_v1_egg
[4.701s] [100%] [32m[1mLinking CXX executable listener[0m
[4.959s] [100%] Built target listener
[4.969s] Invoked command in '/home/knn/USB_test/build/usb_v1' returned '0': AMENT_PREFIX_PATH=/home/knn/USB_test/install/serial:${AMENT_PREFIX_PATH} CMAKE_PREFIX_PATH=/home/knn/USB_test/install/serial:/home/knn/abu2025_ws/install/ust_05ln_ros2:/home/knn/abu2025_ws/install/irob_maneuv3r:/home/knn/abu2025_ws/install/irob_launcher:/home/knn/abu2025_ws/install/irob_interface:/home/knn/abu2025_ws/install/irob_controller:/home/knn/abu2025_ws/install/irob_msgs:/home/knn/abu2025_ws/install/abu2025_ros2:/opt/ros/humble LD_LIBRARY_PATH=/home/knn/USB_test/install/serial/lib:${LD_LIBRARY_PATH} /usr/bin/cmake --build /home/knn/USB_test/build/usb_v1 -- -j12 -l12
[4.971s] Invoking command in '/home/knn/USB_test/build/usb_v1': AMENT_PREFIX_PATH=/home/knn/USB_test/install/serial:${AMENT_PREFIX_PATH} CMAKE_PREFIX_PATH=/home/knn/USB_test/install/serial:/home/knn/abu2025_ws/install/ust_05ln_ros2:/home/knn/abu2025_ws/install/irob_maneuv3r:/home/knn/abu2025_ws/install/irob_launcher:/home/knn/abu2025_ws/install/irob_interface:/home/knn/abu2025_ws/install/irob_controller:/home/knn/abu2025_ws/install/irob_msgs:/home/knn/abu2025_ws/install/abu2025_ros2:/opt/ros/humble LD_LIBRARY_PATH=/home/knn/USB_test/install/serial/lib:${LD_LIBRARY_PATH} /usr/bin/cmake --install /home/knn/USB_test/build/usb_v1
[4.978s] -- Install configuration: ""
[4.978s] -- Up-to-date: /home/knn/USB_test/install/usb_v1/lib/usb_v1/talker
[4.979s] -- Installing: /home/knn/USB_test/install/usb_v1/lib/usb_v1/listener
[4.981s] -- Set runtime path of "/home/knn/USB_test/install/usb_v1/lib/usb_v1/listener" to ""
[4.981s] -- Up-to-date: /home/knn/USB_test/install/usb_v1/share/ament_index/resource_index/rosidl_interfaces/usb_v1
[4.981s] -- Up-to-date: /home/knn/USB_test/install/usb_v1/include/usb_v1/usb_v1
[4.981s] -- Up-to-date: /home/knn/USB_test/install/usb_v1/include/usb_v1/usb_v1/msg
[4.981s] -- Up-to-date: /home/knn/USB_test/install/usb_v1/include/usb_v1/usb_v1/msg/joy.h
[4.981s] -- Up-to-date: /home/knn/USB_test/install/usb_v1/include/usb_v1/usb_v1/msg/rosidl_generator_c__visibility_control.h
[4.982s] -- Up-to-date: /home/knn/USB_test/install/usb_v1/include/usb_v1/usb_v1/msg/detail
[4.982s] -- Up-to-date: /home/knn/USB_test/install/usb_v1/include/usb_v1/usb_v1/msg/detail/joy__functions.h
[4.982s] -- Up-to-date: /home/knn/USB_test/install/usb_v1/include/usb_v1/usb_v1/msg/detail/joy__type_support.h
[4.982s] -- Up-to-date: /home/knn/USB_test/install/usb_v1/include/usb_v1/usb_v1/msg/detail/joy__functions.c
[4.982s] -- Up-to-date: /home/knn/USB_test/install/usb_v1/include/usb_v1/usb_v1/msg/detail/joy__struct.h
[4.982s] -- Up-to-date: /home/knn/USB_test/install/usb_v1/share/usb_v1/environment/library_path.sh
[4.982s] -- Up-to-date: /home/knn/USB_test/install/usb_v1/share/usb_v1/environment/library_path.dsv
[4.982s] -- Up-to-date: /home/knn/USB_test/install/usb_v1/lib/libusb_v1__rosidl_generator_c.so
[4.982s] -- Up-to-date: /home/knn/USB_test/install/usb_v1/include/usb_v1/usb_v1
[4.982s] -- Up-to-date: /home/knn/USB_test/install/usb_v1/include/usb_v1/usb_v1/msg
[4.982s] -- Up-to-date: /home/knn/USB_test/install/usb_v1/include/usb_v1/usb_v1/msg/rosidl_typesupport_fastrtps_c__visibility_control.h
[4.982s] -- Up-to-date: /home/knn/USB_test/install/usb_v1/include/usb_v1/usb_v1/msg/detail
[4.982s] -- Up-to-date: /home/knn/USB_test/install/usb_v1/include/usb_v1/usb_v1/msg/detail/joy__rosidl_typesupport_fastrtps_c.h
[4.983s] -- Up-to-date: /home/knn/USB_test/install/usb_v1/lib/libusb_v1__rosidl_typesupport_fastrtps_c.so
[4.983s] -- Up-to-date: /home/knn/USB_test/install/usb_v1/include/usb_v1/usb_v1
[4.983s] -- Up-to-date: /home/knn/USB_test/install/usb_v1/include/usb_v1/usb_v1/msg
[4.983s] -- Up-to-date: /home/knn/USB_test/install/usb_v1/include/usb_v1/usb_v1/msg/rosidl_generator_cpp__visibility_control.hpp
[4.983s] -- Up-to-date: /home/knn/USB_test/install/usb_v1/include/usb_v1/usb_v1/msg/joy.hpp
[4.983s] -- Up-to-date: /home/knn/USB_test/install/usb_v1/include/usb_v1/usb_v1/msg/detail
[4.983s] -- Up-to-date: /home/knn/USB_test/install/usb_v1/include/usb_v1/usb_v1/msg/detail/joy__traits.hpp
[4.983s] -- Up-to-date: /home/knn/USB_test/install/usb_v1/include/usb_v1/usb_v1/msg/detail/joy__type_support.hpp
[4.983s] -- Up-to-date: /home/knn/USB_test/install/usb_v1/include/usb_v1/usb_v1/msg/detail/joy__struct.hpp
[4.983s] -- Up-to-date: /home/knn/USB_test/install/usb_v1/include/usb_v1/usb_v1/msg/detail/joy__builder.hpp
[4.983s] -- Up-to-date: /home/knn/USB_test/install/usb_v1/include/usb_v1/usb_v1
[4.984s] -- Up-to-date: /home/knn/USB_test/install/usb_v1/include/usb_v1/usb_v1/msg
[4.984s] -- Up-to-date: /home/knn/USB_test/install/usb_v1/include/usb_v1/usb_v1/msg/rosidl_typesupport_fastrtps_cpp__visibility_control.h
[4.984s] -- Up-to-date: /home/knn/USB_test/install/usb_v1/include/usb_v1/usb_v1/msg/detail
[4.984s] -- Up-to-date: /home/knn/USB_test/install/usb_v1/include/usb_v1/usb_v1/msg/detail/dds_fastrtps
[4.984s] -- Up-to-date: /home/knn/USB_test/install/usb_v1/include/usb_v1/usb_v1/msg/detail/joy__rosidl_typesupport_fastrtps_cpp.hpp
[4.984s] -- Up-to-date: /home/knn/USB_test/install/usb_v1/lib/libusb_v1__rosidl_typesupport_fastrtps_cpp.so
[4.984s] -- Up-to-date: /home/knn/USB_test/install/usb_v1/include/usb_v1/usb_v1
[4.984s] -- Up-to-date: /home/knn/USB_test/install/usb_v1/include/usb_v1/usb_v1/msg
[4.984s] -- Up-to-date: /home/knn/USB_test/install/usb_v1/include/usb_v1/usb_v1/msg/rosidl_typesupport_introspection_c__visibility_control.h
[4.984s] -- Up-to-date: /home/knn/USB_test/install/usb_v1/include/usb_v1/usb_v1/msg/detail
[4.984s] -- Up-to-date: /home/knn/USB_test/install/usb_v1/include/usb_v1/usb_v1/msg/detail/joy__type_support.c
[4.984s] -- Up-to-date: /home/knn/USB_test/install/usb_v1/include/usb_v1/usb_v1/msg/detail/joy__rosidl_typesupport_introspection_c.h
[4.984s] -- Up-to-date: /home/knn/USB_test/install/usb_v1/lib/libusb_v1__rosidl_typesupport_introspection_c.so
[4.985s] -- Up-to-date: /home/knn/USB_test/install/usb_v1/lib/libusb_v1__rosidl_typesupport_c.so
[4.985s] -- Up-to-date: /home/knn/USB_test/install/usb_v1/include/usb_v1/usb_v1
[4.985s] -- Up-to-date: /home/knn/USB_test/install/usb_v1/include/usb_v1/usb_v1/msg
[4.985s] -- Up-to-date: /home/knn/USB_test/install/usb_v1/include/usb_v1/usb_v1/msg/detail
[4.985s] -- Up-to-date: /home/knn/USB_test/install/usb_v1/include/usb_v1/usb_v1/msg/detail/joy__type_support.cpp
[4.985s] -- Up-to-date: /home/knn/USB_test/install/usb_v1/include/usb_v1/usb_v1/msg/detail/joy__rosidl_typesupport_introspection_cpp.hpp
[4.985s] -- Up-to-date: /home/knn/USB_test/install/usb_v1/lib/libusb_v1__rosidl_typesupport_introspection_cpp.so
[4.985s] -- Up-to-date: /home/knn/USB_test/install/usb_v1/lib/libusb_v1__rosidl_typesupport_cpp.so
[4.985s] -- Up-to-date: /home/knn/USB_test/install/usb_v1/share/usb_v1/environment/pythonpath.sh
[4.985s] -- Up-to-date: /home/knn/USB_test/install/usb_v1/share/usb_v1/environment/pythonpath.dsv
[4.985s] -- Up-to-date: /home/knn/USB_test/install/usb_v1/local/lib/python3.10/dist-packages/usb_v1-0.0.0-py3.10.egg-info
[4.985s] -- Installing: /home/knn/USB_test/install/usb_v1/local/lib/python3.10/dist-packages/usb_v1-0.0.0-py3.10.egg-info/top_level.txt
[4.986s] -- Installing: /home/knn/USB_test/install/usb_v1/local/lib/python3.10/dist-packages/usb_v1-0.0.0-py3.10.egg-info/dependency_links.txt
[4.986s] -- Installing: /home/knn/USB_test/install/usb_v1/local/lib/python3.10/dist-packages/usb_v1-0.0.0-py3.10.egg-info/SOURCES.txt
[4.986s] -- Installing: /home/knn/USB_test/install/usb_v1/local/lib/python3.10/dist-packages/usb_v1-0.0.0-py3.10.egg-info/PKG-INFO
[4.986s] -- Up-to-date: /home/knn/USB_test/install/usb_v1/local/lib/python3.10/dist-packages/usb_v1
[4.986s] -- Up-to-date: /home/knn/USB_test/install/usb_v1/local/lib/python3.10/dist-packages/usb_v1/usb_v1_s__rosidl_typesupport_c.cpython-310-x86_64-linux-gnu.so
[4.986s] -- Up-to-date: /home/knn/USB_test/install/usb_v1/local/lib/python3.10/dist-packages/usb_v1/msg
[4.986s] -- Up-to-date: /home/knn/USB_test/install/usb_v1/local/lib/python3.10/dist-packages/usb_v1/msg/_joy.py
[4.986s] -- Up-to-date: /home/knn/USB_test/install/usb_v1/local/lib/python3.10/dist-packages/usb_v1/msg/_joy_s.c
[4.986s] -- Up-to-date: /home/knn/USB_test/install/usb_v1/local/lib/python3.10/dist-packages/usb_v1/msg/__init__.py
[4.986s] -- Up-to-date: /home/knn/USB_test/install/usb_v1/local/lib/python3.10/dist-packages/usb_v1/_usb_v1_s.ep.rosidl_typesupport_fastrtps_c.c
[4.986s] -- Up-to-date: /home/knn/USB_test/install/usb_v1/local/lib/python3.10/dist-packages/usb_v1/_usb_v1_s.ep.rosidl_typesupport_introspection_c.c
[4.986s] -- Up-to-date: /home/knn/USB_test/install/usb_v1/local/lib/python3.10/dist-packages/usb_v1/usb_v1_s__rosidl_typesupport_introspection_c.cpython-310-x86_64-linux-gnu.so
[4.986s] -- Up-to-date: /home/knn/USB_test/install/usb_v1/local/lib/python3.10/dist-packages/usb_v1/usb_v1_s__rosidl_typesupport_fastrtps_c.cpython-310-x86_64-linux-gnu.so
[4.986s] -- Up-to-date: /home/knn/USB_test/install/usb_v1/local/lib/python3.10/dist-packages/usb_v1/__init__.py
[4.986s] -- Up-to-date: /home/knn/USB_test/install/usb_v1/local/lib/python3.10/dist-packages/usb_v1/_usb_v1_s.ep.rosidl_typesupport_c.c
[4.986s] -- Up-to-date: /home/knn/USB_test/install/usb_v1/local/lib/python3.10/dist-packages/usb_v1/libusb_v1__rosidl_generator_py.so
[5.008s] Listing '/home/knn/USB_test/install/usb_v1/local/lib/python3.10/dist-packages/usb_v1'...
[5.008s] Listing '/home/knn/USB_test/install/usb_v1/local/lib/python3.10/dist-packages/usb_v1/msg'...
[5.012s] -- Up-to-date: /home/knn/USB_test/install/usb_v1/local/lib/python3.10/dist-packages/usb_v1/usb_v1_s__rosidl_typesupport_fastrtps_c.cpython-310-x86_64-linux-gnu.so
[5.012s] -- Up-to-date: /home/knn/USB_test/install/usb_v1/local/lib/python3.10/dist-packages/usb_v1/usb_v1_s__rosidl_typesupport_introspection_c.cpython-310-x86_64-linux-gnu.so
[5.012s] -- Up-to-date: /home/knn/USB_test/install/usb_v1/local/lib/python3.10/dist-packages/usb_v1/usb_v1_s__rosidl_typesupport_c.cpython-310-x86_64-linux-gnu.so
[5.012s] -- Up-to-date: /home/knn/USB_test/install/usb_v1/lib/libusb_v1__rosidl_generator_py.so
[5.013s] -- Up-to-date: /home/knn/USB_test/install/usb_v1/share/usb_v1/msg/Joy.idl
[5.013s] -- Up-to-date: /home/knn/USB_test/install/usb_v1/share/usb_v1/msg/Joy.msg
[5.013s] -- Up-to-date: /home/knn/USB_test/install/usb_v1/share/ament_index/resource_index/package_run_dependencies/usb_v1
[5.013s] -- Up-to-date: /home/knn/USB_test/install/usb_v1/share/ament_index/resource_index/parent_prefix_path/usb_v1
[5.013s] -- Up-to-date: /home/knn/USB_test/install/usb_v1/share/usb_v1/environment/ament_prefix_path.sh
[5.013s] -- Up-to-date: /home/knn/USB_test/install/usb_v1/share/usb_v1/environment/ament_prefix_path.dsv
[5.013s] -- Up-to-date: /home/knn/USB_test/install/usb_v1/share/usb_v1/environment/path.sh
[5.013s] -- Up-to-date: /home/knn/USB_test/install/usb_v1/share/usb_v1/environment/path.dsv
[5.013s] -- Up-to-date: /home/knn/USB_test/install/usb_v1/share/usb_v1/local_setup.bash
[5.013s] -- Up-to-date: /home/knn/USB_test/install/usb_v1/share/usb_v1/local_setup.sh
[5.013s] -- Up-to-date: /home/knn/USB_test/install/usb_v1/share/usb_v1/local_setup.zsh
[5.013s] -- Up-to-date: /home/knn/USB_test/install/usb_v1/share/usb_v1/local_setup.dsv
[5.013s] -- Installing: /home/knn/USB_test/install/usb_v1/share/usb_v1/package.dsv
[5.013s] -- Up-to-date: /home/knn/USB_test/install/usb_v1/share/ament_index/resource_index/packages/usb_v1
[5.014s] -- Up-to-date: /home/knn/USB_test/install/usb_v1/share/usb_v1/cmake/export_usb_v1__rosidl_generator_cExport.cmake
[5.014s] -- Up-to-date: /home/knn/USB_test/install/usb_v1/share/usb_v1/cmake/export_usb_v1__rosidl_generator_cExport-noconfig.cmake
[5.014s] -- Up-to-date: /home/knn/USB_test/install/usb_v1/share/usb_v1/cmake/export_usb_v1__rosidl_typesupport_fastrtps_cExport.cmake
[5.014s] -- Up-to-date: /home/knn/USB_test/install/usb_v1/share/usb_v1/cmake/export_usb_v1__rosidl_typesupport_fastrtps_cExport-noconfig.cmake
[5.014s] -- Up-to-date: /home/knn/USB_test/install/usb_v1/share/usb_v1/cmake/export_usb_v1__rosidl_generator_cppExport.cmake
[5.014s] -- Up-to-date: /home/knn/USB_test/install/usb_v1/share/usb_v1/cmake/export_usb_v1__rosidl_typesupport_fastrtps_cppExport.cmake
[5.014s] -- Up-to-date: /home/knn/USB_test/install/usb_v1/share/usb_v1/cmake/export_usb_v1__rosidl_typesupport_fastrtps_cppExport-noconfig.cmake
[5.014s] -- Up-to-date: /home/knn/USB_test/install/usb_v1/share/usb_v1/cmake/usb_v1__rosidl_typesupport_introspection_cExport.cmake
[5.015s] -- Up-to-date: /home/knn/USB_test/install/usb_v1/share/usb_v1/cmake/usb_v1__rosidl_typesupport_introspection_cExport-noconfig.cmake
[5.015s] -- Up-to-date: /home/knn/USB_test/install/usb_v1/share/usb_v1/cmake/usb_v1__rosidl_typesupport_cExport.cmake
[5.015s] -- Up-to-date: /home/knn/USB_test/install/usb_v1/share/usb_v1/cmake/usb_v1__rosidl_typesupport_cExport-noconfig.cmake
[5.015s] -- Up-to-date: /home/knn/USB_test/install/usb_v1/share/usb_v1/cmake/usb_v1__rosidl_typesupport_introspection_cppExport.cmake
[5.015s] -- Up-to-date: /home/knn/USB_test/install/usb_v1/share/usb_v1/cmake/usb_v1__rosidl_typesupport_introspection_cppExport-noconfig.cmake
[5.015s] -- Up-to-date: /home/knn/USB_test/install/usb_v1/share/usb_v1/cmake/usb_v1__rosidl_typesupport_cppExport.cmake
[5.015s] -- Up-to-date: /home/knn/USB_test/install/usb_v1/share/usb_v1/cmake/usb_v1__rosidl_typesupport_cppExport-noconfig.cmake
[5.015s] -- Up-to-date: /home/knn/USB_test/install/usb_v1/share/usb_v1/cmake/export_usb_v1__rosidl_generator_pyExport.cmake
[5.015s] -- Up-to-date: /home/knn/USB_test/install/usb_v1/share/usb_v1/cmake/export_usb_v1__rosidl_generator_pyExport-noconfig.cmake
[5.015s] -- Up-to-date: /home/knn/USB_test/install/usb_v1/share/usb_v1/cmake/rosidl_cmake-extras.cmake
[5.015s] -- Up-to-date: /home/knn/USB_test/install/usb_v1/share/usb_v1/cmake/ament_cmake_export_dependencies-extras.cmake
[5.015s] -- Up-to-date: /home/knn/USB_test/install/usb_v1/share/usb_v1/cmake/ament_cmake_export_include_directories-extras.cmake
[5.015s] -- Up-to-date: /home/knn/USB_test/install/usb_v1/share/usb_v1/cmake/ament_cmake_export_libraries-extras.cmake
[5.015s] -- Up-to-date: /home/knn/USB_test/install/usb_v1/share/usb_v1/cmake/ament_cmake_export_targets-extras.cmake
[5.016s] -- Up-to-date: /home/knn/USB_test/install/usb_v1/share/usb_v1/cmake/rosidl_cmake_export_typesupport_targets-extras.cmake
[5.016s] -- Up-to-date: /home/knn/USB_test/install/usb_v1/share/usb_v1/cmake/rosidl_cmake_export_typesupport_libraries-extras.cmake
[5.016s] -- Up-to-date: /home/knn/USB_test/install/usb_v1/share/usb_v1/cmake/usb_v1Config.cmake
[5.016s] -- Up-to-date: /home/knn/USB_test/install/usb_v1/share/usb_v1/cmake/usb_v1Config-version.cmake
[5.016s] -- Up-to-date: /home/knn/USB_test/install/usb_v1/share/usb_v1/package.xml
[5.017s] Invoked command in '/home/knn/USB_test/build/usb_v1' returned '0': AMENT_PREFIX_PATH=/home/knn/USB_test/install/serial:${AMENT_PREFIX_PATH} CMAKE_PREFIX_PATH=/home/knn/USB_test/install/serial:/home/knn/abu2025_ws/install/ust_05ln_ros2:/home/knn/abu2025_ws/install/irob_maneuv3r:/home/knn/abu2025_ws/install/irob_launcher:/home/knn/abu2025_ws/install/irob_interface:/home/knn/abu2025_ws/install/irob_controller:/home/knn/abu2025_ws/install/irob_msgs:/home/knn/abu2025_ws/install/abu2025_ros2:/opt/ros/humble LD_LIBRARY_PATH=/home/knn/USB_test/install/serial/lib:${LD_LIBRARY_PATH} /usr/bin/cmake --install /home/knn/USB_test/build/usb_v1
