[0.014s] Invoking command in '/home/knn/USB_test/build/serial': CMAKE_PREFIX_PATH=${CMAKE_PREFIX_PATH}:/opt/ros/humble /usr/bin/cmake --build /home/knn/USB_test/build/serial -- -j12 -l12
[0.062s] [ 66%] Built target serial
[0.082s] [100%] Built target serial_example
[0.091s] Invoked command in '/home/knn/USB_test/build/serial' returned '0': CMAKE_PREFIX_PATH=${CMAKE_PREFIX_PATH}:/opt/ros/humble /usr/bin/cmake --build /home/knn/USB_test/build/serial -- -j12 -l12
[0.101s] Invoking command in '/home/knn/USB_test/build/serial': CMAKE_PREFIX_PATH=${CMAKE_PREFIX_PATH}:/opt/ros/humble /usr/bin/cmake --install /home/knn/USB_test/build/serial
[0.106s] -- Install configuration: ""
[0.107s] -- Up-to-date: /home/knn/USB_test/install/serial/lib/libserial.a
[0.107s] -- Up-to-date: /home/knn/USB_test/install/serial/include/serial
[0.107s] -- Up-to-date: /home/knn/USB_test/install/serial/include/serial/v8stdint.h
[0.107s] -- Up-to-date: /home/knn/USB_test/install/serial/include/serial/serial.h
[0.107s] -- Up-to-date: /home/knn/USB_test/install/serial/include/serial/impl
[0.107s] -- Up-to-date: /home/knn/USB_test/install/serial/include/serial/impl/win.h
[0.107s] -- Up-to-date: /home/knn/USB_test/install/serial/include/serial/impl/unix.h
[0.107s] -- Up-to-date: /home/knn/USB_test/install/serial/lib/serial/serial_example
[0.107s] -- Up-to-date: /home/knn/USB_test/install/serial/share/serial/environment/library_path.sh
[0.107s] -- Up-to-date: /home/knn/USB_test/install/serial/share/serial/environment/library_path.dsv
[0.108s] -- Up-to-date: /home/knn/USB_test/install/serial/share/ament_index/resource_index/package_run_dependencies/serial
[0.108s] -- Up-to-date: /home/knn/USB_test/install/serial/share/ament_index/resource_index/parent_prefix_path/serial
[0.108s] -- Up-to-date: /home/knn/USB_test/install/serial/share/serial/environment/ament_prefix_path.sh
[0.108s] -- Up-to-date: /home/knn/USB_test/install/serial/share/serial/environment/ament_prefix_path.dsv
[0.108s] -- Up-to-date: /home/knn/USB_test/install/serial/share/serial/environment/path.sh
[0.108s] -- Up-to-date: /home/knn/USB_test/install/serial/share/serial/environment/path.dsv
[0.108s] -- Up-to-date: /home/knn/USB_test/install/serial/share/serial/local_setup.bash
[0.108s] -- Up-to-date: /home/knn/USB_test/install/serial/share/serial/local_setup.sh
[0.108s] -- Up-to-date: /home/knn/USB_test/install/serial/share/serial/local_setup.zsh
[0.108s] -- Up-to-date: /home/knn/USB_test/install/serial/share/serial/local_setup.dsv
[0.108s] -- Installing: /home/knn/USB_test/install/serial/share/serial/package.dsv
[0.109s] -- Up-to-date: /home/knn/USB_test/install/serial/share/ament_index/resource_index/packages/serial
[0.109s] -- Up-to-date: /home/knn/USB_test/install/serial/share/serial/cmake/ament_cmake_export_include_directories-extras.cmake
[0.109s] -- Up-to-date: /home/knn/USB_test/install/serial/share/serial/cmake/ament_cmake_export_libraries-extras.cmake
[0.109s] -- Up-to-date: /home/knn/USB_test/install/serial/share/serial/cmake/serialConfig.cmake
[0.109s] -- Up-to-date: /home/knn/USB_test/install/serial/share/serial/cmake/serialConfig-version.cmake
[0.109s] -- Up-to-date: /home/knn/USB_test/install/serial/share/serial/package.xml
[0.110s] Invoked command in '/home/knn/USB_test/build/serial' returned '0': CMAKE_PREFIX_PATH=${CMAKE_PREFIX_PATH}:/opt/ros/humble /usr/bin/cmake --install /home/knn/USB_test/build/serial
