-- Found ament_cmake: 1.3.11 (/opt/ros/humble/share/ament_cmake/cmake)
-- Found rclcpp: 16.0.11 (/opt/ros/humble/share/rclcpp/cmake)
-- Found rosidl_generator_c: 3.1.6 (/opt/ros/humble/share/rosidl_generator_c/cmake)
-- Found rosidl_adapter: 3.1.6 (/opt/ros/humble/share/rosidl_adapter/cmake)
-- Found rosidl_generator_cpp: 3.1.6 (/opt/ros/humble/share/rosidl_generator_cpp/cmake)
-- Using all available rosidl_typesupport_c: rosidl_typesupport_fastrtps_c;rosidl_typesupport_introspection_c
-- Using all available rosidl_typesupport_cpp: rosidl_typesupport_fastrtps_cpp;rosidl_typesupport_introspection_cpp
-- Found rmw_implementation_cmake: 6.1.2 (/opt/ros/humble/share/rmw_implementation_cmake/cmake)
-- Found rmw_fastrtps_cpp: 6.2.7 (/opt/ros/humble/share/rmw_fastrtps_cpp/cmake)
-- Using RMW implementation 'rmw_fastrtps_cpp' as default
-- Found serial: 1.2.0 (/home/knn/USB_test/install/serial/share/serial/cmake)
-- Found usb_v1: 0.0.0 (/home/knn/USB_test/install/usb_v1/share/usb_v1/cmake)
-- Found rosidl_default_generators: 1.2.0 (/opt/ros/humble/share/rosidl_default_generators/cmake)
-- Found ament_cmake_ros: 0.10.0 (/opt/ros/humble/share/ament_cmake_ros/cmake)
-- Using all available rosidl_typesupport_c: rosidl_typesupport_fastrtps_c;rosidl_typesupport_introspection_c
-- Using all available rosidl_typesupport_cpp: rosidl_typesupport_fastrtps_cpp;rosidl_typesupport_introspection_cpp
-- Found python_cmake_module: 0.10.0 (/opt/ros/humble/share/python_cmake_module/cmake)
-- Using PYTHON_EXECUTABLE: /usr/bin/python3
-- Using PYTHON_INCLUDE_DIRS: /usr/include/python3.10
-- Using PYTHON_LIBRARIES: /usr/lib/x86_64-linux-gnu/libpython3.10.so
-- Configuring done
-- Generating done
-- Build files have been written to: /home/knn/USB_test/build/usb_v1
[35m[1mConsolidate compiler generated dependencies of target listener[0m
[  2%] [34m[1mGenerating C code for ROS interfaces[0m
[35m[1mConsolidate compiler generated dependencies of target talker[0m
[  5%] [32mBuilding CXX object CMakeFiles/listener.dir/src/Print_Data.cpp.o[0m
[  8%] [34m[1mGenerating C++ code for ROS interfaces[0m
[ 11%] [32mBuilding CXX object CMakeFiles/talker.dir/src/USB_esp.cpp.o[0m
[ 11%] Built target ament_cmake_python_copy_usb_v1
[ 11%] Built target usb_v1__cpp
[ 14%] [34m[1mGenerating C++ type support for eProsima Fast-RTPS[0m
[ 17%] [34m[1mGenerating C++ type support dispatch for ROS interfaces[0m
[ 20%] [34m[1mGenerating C++ introspection for ROS interfaces[0m
running egg_info
writing usb_v1.egg-info/PKG-INFO
[35m[1mConsolidate compiler generated dependencies of target usb_v1__rosidl_generator_c[0m
writing dependency_links to usb_v1.egg-info/dependency_links.txt
writing top-level names to usb_v1.egg-info/top_level.txt
reading manifest file 'usb_v1.egg-info/SOURCES.txt'
writing manifest file 'usb_v1.egg-info/SOURCES.txt'
[ 22%] [32mBuilding C object CMakeFiles/usb_v1__rosidl_generator_c.dir/rosidl_generator_c/usb_v1/msg/detail/joy__functions.c.o[0m
[ 22%] Built target ament_cmake_python_build_usb_v1_egg
[ 25%] [32m[1mLinking C shared library libusb_v1__rosidl_generator_c.so[0m
[ 25%] Built target usb_v1__rosidl_generator_c
[ 31%] [34m[1mGenerating C introspection for ROS interfaces[0m
[ 31%] [34m[1mGenerating C type support for eProsima Fast-RTPS[0m
[ 34%] [34m[1mGenerating C type support dispatch for ROS interfaces[0m
[35m[1mConsolidate compiler generated dependencies of target usb_v1__rosidl_typesupport_fastrtps_cpp[0m
[ 37%] [32mBuilding CXX object CMakeFiles/usb_v1__rosidl_typesupport_fastrtps_cpp.dir/rosidl_typesupport_fastrtps_cpp/usb_v1/msg/detail/dds_fastrtps/joy__type_support.cpp.o[0m
[35m[1mConsolidate compiler generated dependencies of target usb_v1__rosidl_typesupport_cpp[0m
[ 40%] [32mBuilding CXX object CMakeFiles/usb_v1__rosidl_typesupport_cpp.dir/rosidl_typesupport_cpp/usb_v1/msg/joy__type_support.cpp.o[0m
[35m[1mConsolidate compiler generated dependencies of target usb_v1__rosidl_typesupport_introspection_cpp[0m
[ 42%] [32mBuilding CXX object CMakeFiles/usb_v1__rosidl_typesupport_introspection_cpp.dir/rosidl_typesupport_introspection_cpp/usb_v1/msg/detail/joy__type_support.cpp.o[0m
[35m[1mConsolidate compiler generated dependencies of target usb_v1__rosidl_typesupport_c[0m
[ 45%] [32mBuilding CXX object CMakeFiles/usb_v1__rosidl_typesupport_c.dir/rosidl_typesupport_c/usb_v1/msg/joy__type_support.cpp.o[0m
[35m[1mConsolidate compiler generated dependencies of target usb_v1__rosidl_typesupport_introspection_c[0m
[35m[1mConsolidate compiler generated dependencies of target usb_v1__rosidl_typesupport_fastrtps_c[0m
[ 48%] [32mBuilding C object CMakeFiles/usb_v1__rosidl_typesupport_introspection_c.dir/rosidl_typesupport_introspection_c/usb_v1/msg/detail/joy__type_support.c.o[0m
[ 51%] [32m[1mLinking CXX shared library libusb_v1__rosidl_typesupport_fastrtps_cpp.so[0m
[ 54%] [32mBuilding CXX object CMakeFiles/usb_v1__rosidl_typesupport_fastrtps_c.dir/rosidl_typesupport_fastrtps_c/usb_v1/msg/detail/joy__type_support_c.cpp.o[0m
[ 57%] [32m[1mLinking CXX shared library libusb_v1__rosidl_typesupport_c.so[0m
[ 60%] [32m[1mLinking C shared library libusb_v1__rosidl_typesupport_introspection_c.so[0m
[ 62%] [32m[1mLinking CXX shared library libusb_v1__rosidl_typesupport_cpp.so[0m
[ 62%] Built target usb_v1__rosidl_typesupport_c
[ 62%] Built target usb_v1__rosidl_typesupport_introspection_c
[ 62%] Built target usb_v1__rosidl_typesupport_fastrtps_cpp
[ 62%] Built target usb_v1__rosidl_typesupport_cpp
[ 65%] [32m[1mLinking CXX shared library libusb_v1__rosidl_typesupport_introspection_cpp.so[0m
[ 65%] Built target usb_v1__rosidl_typesupport_introspection_cpp
[ 68%] [32m[1mLinking CXX shared library libusb_v1__rosidl_typesupport_fastrtps_c.so[0m
[ 68%] Built target usb_v1__rosidl_typesupport_fastrtps_c
[ 68%] Built target usb_v1
[ 71%] [34m[1mGenerating Python code for ROS interfaces[0m
[ 71%] Built target usb_v1__py
[35m[1mConsolidate compiler generated dependencies of target usb_v1__rosidl_generator_py[0m
[ 74%] [32mBuilding C object CMakeFiles/usb_v1__rosidl_generator_py.dir/rosidl_generator_py/usb_v1/msg/_joy_s.c.o[0m
[ 77%] [32m[1mLinking C shared library rosidl_generator_py/usb_v1/libusb_v1__rosidl_generator_py.so[0m
[ 77%] Built target usb_v1__rosidl_generator_py
[35m[1mConsolidate compiler generated dependencies of target usb_v1__rosidl_typesupport_introspection_c__pyext[0m
[35m[1mConsolidate compiler generated dependencies of target usb_v1__rosidl_typesupport_fastrtps_c__pyext[0m
[35m[1mConsolidate compiler generated dependencies of target usb_v1__rosidl_typesupport_c__pyext[0m
[ 85%] [32mBuilding C object CMakeFiles/usb_v1__rosidl_typesupport_fastrtps_c__pyext.dir/rosidl_generator_py/usb_v1/_usb_v1_s.ep.rosidl_typesupport_fastrtps_c.c.o[0m
[ 85%] [32mBuilding C object CMakeFiles/usb_v1__rosidl_typesupport_introspection_c__pyext.dir/rosidl_generator_py/usb_v1/_usb_v1_s.ep.rosidl_typesupport_introspection_c.c.o[0m
[ 85%] [32mBuilding C object CMakeFiles/usb_v1__rosidl_typesupport_c__pyext.dir/rosidl_generator_py/usb_v1/_usb_v1_s.ep.rosidl_typesupport_c.c.o[0m
[ 88%] [32m[1mLinking C shared library rosidl_generator_py/usb_v1/usb_v1_s__rosidl_typesupport_c.cpython-310-x86_64-linux-gnu.so[0m
[ 94%] [32m[1mLinking C shared library rosidl_generator_py/usb_v1/usb_v1_s__rosidl_typesupport_introspection_c.cpython-310-x86_64-linux-gnu.so[0m
[ 94%] [32m[1mLinking C shared library rosidl_generator_py/usb_v1/usb_v1_s__rosidl_typesupport_fastrtps_c.cpython-310-x86_64-linux-gnu.so[0m
[ 94%] Built target usb_v1__rosidl_typesupport_fastrtps_c__pyext
[ 94%] Built target usb_v1__rosidl_typesupport_c__pyext
[ 94%] Built target usb_v1__rosidl_typesupport_introspection_c__pyext
