[0.009s] Invoking command in '/home/knn/USB_test/build/usb_v1': AMENT_PREFIX_PATH=/home/knn/USB_test/install/serial:${AMENT_PREFIX_PATH} CMAKE_PREFIX_PATH=/home/knn/USB_test/install/serial:/home/knn/abu2025_ws/install/ust_05ln_ros2:/home/knn/abu2025_ws/install/irob_maneuv3r:/home/knn/abu2025_ws/install/irob_launcher:/home/knn/abu2025_ws/install/irob_interface:/home/knn/abu2025_ws/install/irob_controller:/home/knn/abu2025_ws/install/irob_msgs:/home/knn/abu2025_ws/install/abu2025_ros2:/opt/ros/humble LD_LIBRARY_PATH=/home/knn/USB_test/install/serial/lib:${LD_LIBRARY_PATH} /usr/bin/cmake /home/knn/USB_test/src/usb_v1 -DCMAKE_INSTALL_PREFIX=/home/knn/USB_test/install/usb_v1
[0.017s] -- Found ament_cmake: 1.3.11 (/opt/ros/humble/share/ament_cmake/cmake)
[0.106s] -- Found rclcpp: 16.0.11 (/opt/ros/humble/share/rclcpp/cmake)
[0.126s] -- Found rosidl_generator_c: 3.1.6 (/opt/ros/humble/share/rosidl_generator_c/cmake)
[0.127s] -- Found rosidl_adapter: 3.1.6 (/opt/ros/humble/share/rosidl_adapter/cmake)
[0.131s] -- Found rosidl_generator_cpp: 3.1.6 (/opt/ros/humble/share/rosidl_generator_cpp/cmake)
[0.136s] -- Using all available rosidl_typesupport_c: rosidl_typesupport_fastrtps_c;rosidl_typesupport_introspection_c
[0.143s] -- Using all available rosidl_typesupport_cpp: rosidl_typesupport_fastrtps_cpp;rosidl_typesupport_introspection_cpp
[0.161s] -- Found rmw_implementation_cmake: 6.1.2 (/opt/ros/humble/share/rmw_implementation_cmake/cmake)
[0.162s] -- Found rmw_fastrtps_cpp: 6.2.7 (/opt/ros/humble/share/rmw_fastrtps_cpp/cmake)
[0.226s] -- Using RMW implementation 'rmw_fastrtps_cpp' as default
[0.254s] -- Found serial: 1.2.0 (/home/knn/USB_test/install/serial/share/serial/cmake)
[0.254s] -- Found geometry_msgs: 4.2.4 (/opt/ros/humble/share/geometry_msgs/cmake)
[0.262s] -- Found rosidl_default_generators: 1.2.0 (/opt/ros/humble/share/rosidl_default_generators/cmake)
[0.457s] -- Found ament_cmake_ros: 0.10.0 (/opt/ros/humble/share/ament_cmake_ros/cmake)
[0.746s] -- Using all available rosidl_typesupport_c: rosidl_typesupport_fastrtps_c;rosidl_typesupport_introspection_c
[0.857s] -- Using all available rosidl_typesupport_cpp: rosidl_typesupport_fastrtps_cpp;rosidl_typesupport_introspection_cpp
[0.874s] -- Found python_cmake_module: 0.10.0 (/opt/ros/humble/share/python_cmake_module/cmake)
[0.891s] -- Using PYTHON_EXECUTABLE: /usr/bin/python3
[0.892s] -- Using PYTHON_INCLUDE_DIRS: /usr/include/python3.10
[0.892s] -- Using PYTHON_LIBRARIES: /usr/lib/x86_64-linux-gnu/libpython3.10.so
[0.915s] -- Configuring done
[0.933s] -- Generating done
[0.939s] -- Build files have been written to: /home/knn/USB_test/build/usb_v1
[0.945s] Invoked command in '/home/knn/USB_test/build/usb_v1' returned '0': AMENT_PREFIX_PATH=/home/knn/USB_test/install/serial:${AMENT_PREFIX_PATH} CMAKE_PREFIX_PATH=/home/knn/USB_test/install/serial:/home/knn/abu2025_ws/install/ust_05ln_ros2:/home/knn/abu2025_ws/install/irob_maneuv3r:/home/knn/abu2025_ws/install/irob_launcher:/home/knn/abu2025_ws/install/irob_interface:/home/knn/abu2025_ws/install/irob_controller:/home/knn/abu2025_ws/install/irob_msgs:/home/knn/abu2025_ws/install/abu2025_ros2:/opt/ros/humble LD_LIBRARY_PATH=/home/knn/USB_test/install/serial/lib:${LD_LIBRARY_PATH} /usr/bin/cmake /home/knn/USB_test/src/usb_v1 -DCMAKE_INSTALL_PREFIX=/home/knn/USB_test/install/usb_v1
[0.946s] Invoking command in '/home/knn/USB_test/build/usb_v1': AMENT_PREFIX_PATH=/home/knn/USB_test/install/serial:${AMENT_PREFIX_PATH} CMAKE_PREFIX_PATH=/home/knn/USB_test/install/serial:/home/knn/abu2025_ws/install/ust_05ln_ros2:/home/knn/abu2025_ws/install/irob_maneuv3r:/home/knn/abu2025_ws/install/irob_launcher:/home/knn/abu2025_ws/install/irob_interface:/home/knn/abu2025_ws/install/irob_controller:/home/knn/abu2025_ws/install/irob_msgs:/home/knn/abu2025_ws/install/abu2025_ros2:/opt/ros/humble LD_LIBRARY_PATH=/home/knn/USB_test/install/serial/lib:${LD_LIBRARY_PATH} /usr/bin/cmake --build /home/knn/USB_test/build/usb_v1 -- -j12 -l12
[0.979s] [  3%] [34m[1mGenerating C code for ROS interfaces[0m
[0.992s] [  6%] [34m[1mGenerating C++ code for ROS interfaces[0m
[0.998s] [  6%] Built target ament_cmake_python_copy_usb_v1
[1.173s] running egg_info
[1.174s] creating usb_v1.egg-info
[1.174s] writing usb_v1.egg-info/PKG-INFO
[1.174s] writing dependency_links to usb_v1.egg-info/dependency_links.txt
[1.174s] writing top-level names to usb_v1.egg-info/top_level.txt
[1.175s] writing manifest file 'usb_v1.egg-info/SOURCES.txt'
[1.176s] reading manifest file 'usb_v1.egg-info/SOURCES.txt'
[1.176s] writing manifest file 'usb_v1.egg-info/SOURCES.txt'
[1.178s] [  9%] [32mBuilding C object CMakeFiles/usb_v1__rosidl_generator_c.dir/rosidl_generator_c/usb_v1/msg/detail/joy__functions.c.o[0m
[1.201s] [  9%] Built target ament_cmake_python_build_usb_v1_egg
[1.223s] [ 12%] [32m[1mLinking C shared library libusb_v1__rosidl_generator_c.so[0m
[1.234s] [ 12%] Built target usb_v1__cpp
[1.243s] [ 16%] [34m[1mGenerating C++ introspection for ROS interfaces[0m
[1.244s] [ 19%] [34m[1mGenerating C++ type support dispatch for ROS interfaces[0m
[1.245s] [ 22%] [34m[1mGenerating C++ type support for eProsima Fast-RTPS[0m
[1.261s] [ 22%] Built target usb_v1__rosidl_generator_c
[1.274s] [ 29%] [34m[1mGenerating C type support for eProsima Fast-RTPS[0m
[1.274s] [ 29%] [34m[1mGenerating C introspection for ROS interfaces[0m
[1.275s] [ 32%] [34m[1mGenerating C type support dispatch for ROS interfaces[0m
[1.445s] [ 35%] [32mBuilding CXX object CMakeFiles/usb_v1__rosidl_typesupport_cpp.dir/rosidl_typesupport_cpp/usb_v1/msg/joy__type_support.cpp.o[0m
[1.456s] [ 38%] [32mBuilding CXX object CMakeFiles/usb_v1__rosidl_typesupport_introspection_cpp.dir/rosidl_typesupport_introspection_cpp/usb_v1/msg/detail/joy__type_support.cpp.o[0m
[1.542s] [ 41%] [32mBuilding C object CMakeFiles/usb_v1__rosidl_typesupport_introspection_c.dir/rosidl_typesupport_introspection_c/usb_v1/msg/detail/joy__type_support.c.o[0m
[1.566s] [ 45%] [32mBuilding CXX object CMakeFiles/usb_v1__rosidl_typesupport_fastrtps_cpp.dir/rosidl_typesupport_fastrtps_cpp/usb_v1/msg/detail/dds_fastrtps/joy__type_support.cpp.o[0m
[1.567s] [ 48%] [32mBuilding CXX object CMakeFiles/usb_v1__rosidl_typesupport_c.dir/rosidl_typesupport_c/usb_v1/msg/joy__type_support.cpp.o[0m
[1.585s] [ 51%] [32m[1mLinking C shared library libusb_v1__rosidl_typesupport_introspection_c.so[0m
[1.603s] [ 54%] [32mBuilding CXX object CMakeFiles/usb_v1__rosidl_typesupport_fastrtps_c.dir/rosidl_typesupport_fastrtps_c/usb_v1/msg/detail/joy__type_support_c.cpp.o[0m
[1.605s] [ 58%] [32m[1mLinking CXX shared library libusb_v1__rosidl_typesupport_c.so[0m
[1.627s] [ 58%] Built target usb_v1__rosidl_typesupport_introspection_c
[1.649s] [ 58%] Built target usb_v1__rosidl_typesupport_c
[1.662s] [ 61%] [32m[1mLinking CXX shared library libusb_v1__rosidl_typesupport_cpp.so[0m
[1.701s] [ 61%] Built target usb_v1__rosidl_typesupport_cpp
[1.796s] [ 64%] [32m[1mLinking CXX shared library libusb_v1__rosidl_typesupport_introspection_cpp.so[0m
[1.862s] [ 67%] [32m[1mLinking CXX shared library libusb_v1__rosidl_typesupport_fastrtps_cpp.so[0m
[1.863s] [ 67%] Built target usb_v1__rosidl_typesupport_introspection_cpp
[1.921s] [ 67%] Built target usb_v1__rosidl_typesupport_fastrtps_cpp
[1.941s] [ 70%] [32m[1mLinking CXX shared library libusb_v1__rosidl_typesupport_fastrtps_c.so[0m
[1.995s] [ 70%] Built target usb_v1__rosidl_typesupport_fastrtps_c
[2.011s] [ 70%] Built target usb_v1
[2.031s] [ 74%] [34m[1mGenerating Python code for ROS interfaces[0m
[2.226s] [ 74%] Built target usb_v1__py
[2.245s] [ 77%] [32mBuilding C object CMakeFiles/usb_v1__rosidl_generator_py.dir/rosidl_generator_py/usb_v1/msg/_joy_s.c.o[0m
[2.311s] [ 80%] [32m[1mLinking C shared library rosidl_generator_py/usb_v1/libusb_v1__rosidl_generator_py.so[0m
[2.347s] [ 80%] Built target usb_v1__rosidl_generator_py
[2.366s] [ 87%] [32mBuilding C object CMakeFiles/usb_v1__rosidl_typesupport_c__pyext.dir/rosidl_generator_py/usb_v1/_usb_v1_s.ep.rosidl_typesupport_c.c.o[0m
[2.366s] [ 87%] [32mBuilding C object CMakeFiles/usb_v1__rosidl_typesupport_introspection_c__pyext.dir/rosidl_generator_py/usb_v1/_usb_v1_s.ep.rosidl_typesupport_introspection_c.c.o[0m
[2.369s] [ 90%] [32mBuilding C object CMakeFiles/usb_v1__rosidl_typesupport_fastrtps_c__pyext.dir/rosidl_generator_py/usb_v1/_usb_v1_s.ep.rosidl_typesupport_fastrtps_c.c.o[0m
[2.436s] [ 93%] [32m[1mLinking C shared library rosidl_generator_py/usb_v1/usb_v1_s__rosidl_typesupport_c.cpython-310-x86_64-linux-gnu.so[0m
[2.439s] [ 96%] [32m[1mLinking C shared library rosidl_generator_py/usb_v1/usb_v1_s__rosidl_typesupport_fastrtps_c.cpython-310-x86_64-linux-gnu.so[0m
[2.466s] [100%] [32m[1mLinking C shared library rosidl_generator_py/usb_v1/usb_v1_s__rosidl_typesupport_introspection_c.cpython-310-x86_64-linux-gnu.so[0m
[2.473s] [100%] Built target usb_v1__rosidl_typesupport_fastrtps_c__pyext
[2.473s] [100%] Built target usb_v1__rosidl_typesupport_c__pyext
[2.497s] [100%] Built target usb_v1__rosidl_typesupport_introspection_c__pyext
[2.508s] Invoked command in '/home/knn/USB_test/build/usb_v1' returned '0': AMENT_PREFIX_PATH=/home/knn/USB_test/install/serial:${AMENT_PREFIX_PATH} CMAKE_PREFIX_PATH=/home/knn/USB_test/install/serial:/home/knn/abu2025_ws/install/ust_05ln_ros2:/home/knn/abu2025_ws/install/irob_maneuv3r:/home/knn/abu2025_ws/install/irob_launcher:/home/knn/abu2025_ws/install/irob_interface:/home/knn/abu2025_ws/install/irob_controller:/home/knn/abu2025_ws/install/irob_msgs:/home/knn/abu2025_ws/install/abu2025_ros2:/opt/ros/humble LD_LIBRARY_PATH=/home/knn/USB_test/install/serial/lib:${LD_LIBRARY_PATH} /usr/bin/cmake --build /home/knn/USB_test/build/usb_v1 -- -j12 -l12
[2.510s] Invoking command in '/home/knn/USB_test/build/usb_v1': AMENT_PREFIX_PATH=/home/knn/USB_test/install/serial:${AMENT_PREFIX_PATH} CMAKE_PREFIX_PATH=/home/knn/USB_test/install/serial:/home/knn/abu2025_ws/install/ust_05ln_ros2:/home/knn/abu2025_ws/install/irob_maneuv3r:/home/knn/abu2025_ws/install/irob_launcher:/home/knn/abu2025_ws/install/irob_interface:/home/knn/abu2025_ws/install/irob_controller:/home/knn/abu2025_ws/install/irob_msgs:/home/knn/abu2025_ws/install/abu2025_ros2:/opt/ros/humble LD_LIBRARY_PATH=/home/knn/USB_test/install/serial/lib:${LD_LIBRARY_PATH} /usr/bin/cmake --install /home/knn/USB_test/build/usb_v1
[2.516s] -- Install configuration: ""
[2.516s] -- Installing: /home/knn/USB_test/install/usb_v1/share/ament_index/resource_index/rosidl_interfaces/usb_v1
[2.516s] -- Installing: /home/knn/USB_test/install/usb_v1/include/usb_v1/usb_v1
[2.516s] -- Installing: /home/knn/USB_test/install/usb_v1/include/usb_v1/usb_v1/msg
[2.516s] -- Installing: /home/knn/USB_test/install/usb_v1/include/usb_v1/usb_v1/msg/joy.h
[2.516s] -- Installing: /home/knn/USB_test/install/usb_v1/include/usb_v1/usb_v1/msg/rosidl_generator_c__visibility_control.h
[2.516s] -- Installing: /home/knn/USB_test/install/usb_v1/include/usb_v1/usb_v1/msg/detail
[2.517s] -- Installing: /home/knn/USB_test/install/usb_v1/include/usb_v1/usb_v1/msg/detail/joy__functions.h
[2.517s] -- Installing: /home/knn/USB_test/install/usb_v1/include/usb_v1/usb_v1/msg/detail/joy__type_support.h
[2.517s] -- Installing: /home/knn/USB_test/install/usb_v1/include/usb_v1/usb_v1/msg/detail/joy__functions.c
[2.517s] -- Installing: /home/knn/USB_test/install/usb_v1/include/usb_v1/usb_v1/msg/detail/joy__struct.h
[2.517s] -- Installing: /home/knn/USB_test/install/usb_v1/share/usb_v1/environment/library_path.sh
[2.517s] -- Installing: /home/knn/USB_test/install/usb_v1/share/usb_v1/environment/library_path.dsv
[2.517s] -- Installing: /home/knn/USB_test/install/usb_v1/lib/libusb_v1__rosidl_generator_c.so
[2.517s] -- Set runtime path of "/home/knn/USB_test/install/usb_v1/lib/libusb_v1__rosidl_generator_c.so" to ""
[2.517s] -- Up-to-date: /home/knn/USB_test/install/usb_v1/include/usb_v1/usb_v1
[2.518s] -- Up-to-date: /home/knn/USB_test/install/usb_v1/include/usb_v1/usb_v1/msg
[2.518s] -- Installing: /home/knn/USB_test/install/usb_v1/include/usb_v1/usb_v1/msg/rosidl_typesupport_fastrtps_c__visibility_control.h
[2.518s] -- Up-to-date: /home/knn/USB_test/install/usb_v1/include/usb_v1/usb_v1/msg/detail
[2.518s] -- Installing: /home/knn/USB_test/install/usb_v1/include/usb_v1/usb_v1/msg/detail/joy__rosidl_typesupport_fastrtps_c.h
[2.518s] -- Installing: /home/knn/USB_test/install/usb_v1/lib/libusb_v1__rosidl_typesupport_fastrtps_c.so
[2.518s] -- Set runtime path of "/home/knn/USB_test/install/usb_v1/lib/libusb_v1__rosidl_typesupport_fastrtps_c.so" to ""
[2.519s] -- Up-to-date: /home/knn/USB_test/install/usb_v1/include/usb_v1/usb_v1
[2.519s] -- Up-to-date: /home/knn/USB_test/install/usb_v1/include/usb_v1/usb_v1/msg
[2.519s] -- Installing: /home/knn/USB_test/install/usb_v1/include/usb_v1/usb_v1/msg/rosidl_generator_cpp__visibility_control.hpp
[2.519s] -- Installing: /home/knn/USB_test/install/usb_v1/include/usb_v1/usb_v1/msg/joy.hpp
[2.519s] -- Up-to-date: /home/knn/USB_test/install/usb_v1/include/usb_v1/usb_v1/msg/detail
[2.519s] -- Installing: /home/knn/USB_test/install/usb_v1/include/usb_v1/usb_v1/msg/detail/joy__traits.hpp
[2.519s] -- Installing: /home/knn/USB_test/install/usb_v1/include/usb_v1/usb_v1/msg/detail/joy__type_support.hpp
[2.519s] -- Installing: /home/knn/USB_test/install/usb_v1/include/usb_v1/usb_v1/msg/detail/joy__struct.hpp
[2.520s] -- Installing: /home/knn/USB_test/install/usb_v1/include/usb_v1/usb_v1/msg/detail/joy__builder.hpp
[2.520s] -- Up-to-date: /home/knn/USB_test/install/usb_v1/include/usb_v1/usb_v1
[2.520s] -- Up-to-date: /home/knn/USB_test/install/usb_v1/include/usb_v1/usb_v1/msg
[2.520s] -- Installing: /home/knn/USB_test/install/usb_v1/include/usb_v1/usb_v1/msg/rosidl_typesupport_fastrtps_cpp__visibility_control.h
[2.520s] -- Up-to-date: /home/knn/USB_test/install/usb_v1/include/usb_v1/usb_v1/msg/detail
[2.520s] -- Installing: /home/knn/USB_test/install/usb_v1/include/usb_v1/usb_v1/msg/detail/dds_fastrtps
[2.520s] -- Installing: /home/knn/USB_test/install/usb_v1/include/usb_v1/usb_v1/msg/detail/joy__rosidl_typesupport_fastrtps_cpp.hpp
[2.520s] -- Installing: /home/knn/USB_test/install/usb_v1/lib/libusb_v1__rosidl_typesupport_fastrtps_cpp.so
[2.520s] -- Set runtime path of "/home/knn/USB_test/install/usb_v1/lib/libusb_v1__rosidl_typesupport_fastrtps_cpp.so" to ""
[2.521s] -- Up-to-date: /home/knn/USB_test/install/usb_v1/include/usb_v1/usb_v1
[2.521s] -- Up-to-date: /home/knn/USB_test/install/usb_v1/include/usb_v1/usb_v1/msg
[2.521s] -- Installing: /home/knn/USB_test/install/usb_v1/include/usb_v1/usb_v1/msg/rosidl_typesupport_introspection_c__visibility_control.h
[2.521s] -- Up-to-date: /home/knn/USB_test/install/usb_v1/include/usb_v1/usb_v1/msg/detail
[2.521s] -- Installing: /home/knn/USB_test/install/usb_v1/include/usb_v1/usb_v1/msg/detail/joy__type_support.c
[2.521s] -- Installing: /home/knn/USB_test/install/usb_v1/include/usb_v1/usb_v1/msg/detail/joy__rosidl_typesupport_introspection_c.h
[2.521s] -- Installing: /home/knn/USB_test/install/usb_v1/lib/libusb_v1__rosidl_typesupport_introspection_c.so
[2.521s] -- Set runtime path of "/home/knn/USB_test/install/usb_v1/lib/libusb_v1__rosidl_typesupport_introspection_c.so" to ""
[2.521s] -- Installing: /home/knn/USB_test/install/usb_v1/lib/libusb_v1__rosidl_typesupport_c.so
[2.521s] -- Set runtime path of "/home/knn/USB_test/install/usb_v1/lib/libusb_v1__rosidl_typesupport_c.so" to ""
[2.522s] -- Up-to-date: /home/knn/USB_test/install/usb_v1/include/usb_v1/usb_v1
[2.522s] -- Up-to-date: /home/knn/USB_test/install/usb_v1/include/usb_v1/usb_v1/msg
[2.522s] -- Up-to-date: /home/knn/USB_test/install/usb_v1/include/usb_v1/usb_v1/msg/detail
[2.522s] -- Installing: /home/knn/USB_test/install/usb_v1/include/usb_v1/usb_v1/msg/detail/joy__type_support.cpp
[2.522s] -- Installing: /home/knn/USB_test/install/usb_v1/include/usb_v1/usb_v1/msg/detail/joy__rosidl_typesupport_introspection_cpp.hpp
[2.522s] -- Installing: /home/knn/USB_test/install/usb_v1/lib/libusb_v1__rosidl_typesupport_introspection_cpp.so
[2.522s] -- Set runtime path of "/home/knn/USB_test/install/usb_v1/lib/libusb_v1__rosidl_typesupport_introspection_cpp.so" to ""
[2.522s] -- Installing: /home/knn/USB_test/install/usb_v1/lib/libusb_v1__rosidl_typesupport_cpp.so
[2.522s] -- Set runtime path of "/home/knn/USB_test/install/usb_v1/lib/libusb_v1__rosidl_typesupport_cpp.so" to ""
[2.522s] -- Installing: /home/knn/USB_test/install/usb_v1/share/usb_v1/environment/pythonpath.sh
[2.522s] -- Installing: /home/knn/USB_test/install/usb_v1/share/usb_v1/environment/pythonpath.dsv
[2.523s] -- Installing: /home/knn/USB_test/install/usb_v1/local/lib/python3.10/dist-packages/usb_v1-0.0.0-py3.10.egg-info
[2.523s] -- Installing: /home/knn/USB_test/install/usb_v1/local/lib/python3.10/dist-packages/usb_v1-0.0.0-py3.10.egg-info/top_level.txt
[2.523s] -- Installing: /home/knn/USB_test/install/usb_v1/local/lib/python3.10/dist-packages/usb_v1-0.0.0-py3.10.egg-info/dependency_links.txt
[2.523s] -- Installing: /home/knn/USB_test/install/usb_v1/local/lib/python3.10/dist-packages/usb_v1-0.0.0-py3.10.egg-info/SOURCES.txt
[2.523s] -- Installing: /home/knn/USB_test/install/usb_v1/local/lib/python3.10/dist-packages/usb_v1-0.0.0-py3.10.egg-info/PKG-INFO
[2.523s] -- Installing: /home/knn/USB_test/install/usb_v1/local/lib/python3.10/dist-packages/usb_v1
[2.523s] -- Installing: /home/knn/USB_test/install/usb_v1/local/lib/python3.10/dist-packages/usb_v1/usb_v1_s__rosidl_typesupport_c.cpython-310-x86_64-linux-gnu.so
[2.523s] -- Installing: /home/knn/USB_test/install/usb_v1/local/lib/python3.10/dist-packages/usb_v1/msg
[2.523s] -- Installing: /home/knn/USB_test/install/usb_v1/local/lib/python3.10/dist-packages/usb_v1/msg/_joy.py
[2.523s] -- Installing: /home/knn/USB_test/install/usb_v1/local/lib/python3.10/dist-packages/usb_v1/msg/_joy_s.c
[2.523s] -- Installing: /home/knn/USB_test/install/usb_v1/local/lib/python3.10/dist-packages/usb_v1/msg/__init__.py
[2.523s] -- Installing: /home/knn/USB_test/install/usb_v1/local/lib/python3.10/dist-packages/usb_v1/_usb_v1_s.ep.rosidl_typesupport_fastrtps_c.c
[2.523s] -- Installing: /home/knn/USB_test/install/usb_v1/local/lib/python3.10/dist-packages/usb_v1/_usb_v1_s.ep.rosidl_typesupport_introspection_c.c
[2.523s] -- Installing: /home/knn/USB_test/install/usb_v1/local/lib/python3.10/dist-packages/usb_v1/usb_v1_s__rosidl_typesupport_introspection_c.cpython-310-x86_64-linux-gnu.so
[2.524s] -- Installing: /home/knn/USB_test/install/usb_v1/local/lib/python3.10/dist-packages/usb_v1/usb_v1_s__rosidl_typesupport_fastrtps_c.cpython-310-x86_64-linux-gnu.so
[2.524s] -- Installing: /home/knn/USB_test/install/usb_v1/local/lib/python3.10/dist-packages/usb_v1/__init__.py
[2.524s] -- Installing: /home/knn/USB_test/install/usb_v1/local/lib/python3.10/dist-packages/usb_v1/_usb_v1_s.ep.rosidl_typesupport_c.c
[2.524s] -- Installing: /home/knn/USB_test/install/usb_v1/local/lib/python3.10/dist-packages/usb_v1/libusb_v1__rosidl_generator_py.so
[2.544s] Listing '/home/knn/USB_test/install/usb_v1/local/lib/python3.10/dist-packages/usb_v1'...
[2.545s] Compiling '/home/knn/USB_test/install/usb_v1/local/lib/python3.10/dist-packages/usb_v1/__init__.py'...
[2.545s] Listing '/home/knn/USB_test/install/usb_v1/local/lib/python3.10/dist-packages/usb_v1/msg'...
[2.545s] Compiling '/home/knn/USB_test/install/usb_v1/local/lib/python3.10/dist-packages/usb_v1/msg/__init__.py'...
[2.545s] Compiling '/home/knn/USB_test/install/usb_v1/local/lib/python3.10/dist-packages/usb_v1/msg/_joy.py'...
[2.548s] -- Installing: /home/knn/USB_test/install/usb_v1/local/lib/python3.10/dist-packages/usb_v1/usb_v1_s__rosidl_typesupport_fastrtps_c.cpython-310-x86_64-linux-gnu.so
[2.548s] -- Set runtime path of "/home/knn/USB_test/install/usb_v1/local/lib/python3.10/dist-packages/usb_v1/usb_v1_s__rosidl_typesupport_fastrtps_c.cpython-310-x86_64-linux-gnu.so" to ""
[2.548s] -- Installing: /home/knn/USB_test/install/usb_v1/local/lib/python3.10/dist-packages/usb_v1/usb_v1_s__rosidl_typesupport_introspection_c.cpython-310-x86_64-linux-gnu.so
[2.548s] -- Set runtime path of "/home/knn/USB_test/install/usb_v1/local/lib/python3.10/dist-packages/usb_v1/usb_v1_s__rosidl_typesupport_introspection_c.cpython-310-x86_64-linux-gnu.so" to ""
[2.548s] -- Installing: /home/knn/USB_test/install/usb_v1/local/lib/python3.10/dist-packages/usb_v1/usb_v1_s__rosidl_typesupport_c.cpython-310-x86_64-linux-gnu.so
[2.548s] -- Set runtime path of "/home/knn/USB_test/install/usb_v1/local/lib/python3.10/dist-packages/usb_v1/usb_v1_s__rosidl_typesupport_c.cpython-310-x86_64-linux-gnu.so" to ""
[2.549s] -- Installing: /home/knn/USB_test/install/usb_v1/lib/libusb_v1__rosidl_generator_py.so
[2.549s] -- Set runtime path of "/home/knn/USB_test/install/usb_v1/lib/libusb_v1__rosidl_generator_py.so" to ""
[2.549s] -- Installing: /home/knn/USB_test/install/usb_v1/share/usb_v1/msg/Joy.idl
[2.549s] -- Installing: /home/knn/USB_test/install/usb_v1/share/usb_v1/msg/Joy.msg
[2.549s] -- Installing: /home/knn/USB_test/install/usb_v1/share/ament_index/resource_index/package_run_dependencies/usb_v1
[2.549s] -- Installing: /home/knn/USB_test/install/usb_v1/share/ament_index/resource_index/parent_prefix_path/usb_v1
[2.549s] -- Installing: /home/knn/USB_test/install/usb_v1/share/usb_v1/environment/ament_prefix_path.sh
[2.550s] -- Installing: /home/knn/USB_test/install/usb_v1/share/usb_v1/environment/ament_prefix_path.dsv
[2.550s] -- Installing: /home/knn/USB_test/install/usb_v1/share/usb_v1/environment/path.sh
[2.550s] -- Installing: /home/knn/USB_test/install/usb_v1/share/usb_v1/environment/path.dsv
[2.550s] -- Installing: /home/knn/USB_test/install/usb_v1/share/usb_v1/local_setup.bash
[2.550s] -- Installing: /home/knn/USB_test/install/usb_v1/share/usb_v1/local_setup.sh
[2.550s] -- Installing: /home/knn/USB_test/install/usb_v1/share/usb_v1/local_setup.zsh
[2.550s] -- Installing: /home/knn/USB_test/install/usb_v1/share/usb_v1/local_setup.dsv
[2.550s] -- Installing: /home/knn/USB_test/install/usb_v1/share/usb_v1/package.dsv
[2.550s] -- Installing: /home/knn/USB_test/install/usb_v1/share/ament_index/resource_index/packages/usb_v1
[2.550s] -- Installing: /home/knn/USB_test/install/usb_v1/share/usb_v1/cmake/export_usb_v1__rosidl_generator_cExport.cmake
[2.550s] -- Installing: /home/knn/USB_test/install/usb_v1/share/usb_v1/cmake/export_usb_v1__rosidl_generator_cExport-noconfig.cmake
[2.551s] -- Installing: /home/knn/USB_test/install/usb_v1/share/usb_v1/cmake/export_usb_v1__rosidl_typesupport_fastrtps_cExport.cmake
[2.551s] -- Installing: /home/knn/USB_test/install/usb_v1/share/usb_v1/cmake/export_usb_v1__rosidl_typesupport_fastrtps_cExport-noconfig.cmake
[2.551s] -- Installing: /home/knn/USB_test/install/usb_v1/share/usb_v1/cmake/export_usb_v1__rosidl_generator_cppExport.cmake
[2.551s] -- Installing: /home/knn/USB_test/install/usb_v1/share/usb_v1/cmake/export_usb_v1__rosidl_typesupport_fastrtps_cppExport.cmake
[2.551s] -- Installing: /home/knn/USB_test/install/usb_v1/share/usb_v1/cmake/export_usb_v1__rosidl_typesupport_fastrtps_cppExport-noconfig.cmake
[2.551s] -- Installing: /home/knn/USB_test/install/usb_v1/share/usb_v1/cmake/usb_v1__rosidl_typesupport_introspection_cExport.cmake
[2.551s] -- Installing: /home/knn/USB_test/install/usb_v1/share/usb_v1/cmake/usb_v1__rosidl_typesupport_introspection_cExport-noconfig.cmake
[2.551s] -- Installing: /home/knn/USB_test/install/usb_v1/share/usb_v1/cmake/usb_v1__rosidl_typesupport_cExport.cmake
[2.551s] -- Installing: /home/knn/USB_test/install/usb_v1/share/usb_v1/cmake/usb_v1__rosidl_typesupport_cExport-noconfig.cmake
[2.551s] -- Installing: /home/knn/USB_test/install/usb_v1/share/usb_v1/cmake/usb_v1__rosidl_typesupport_introspection_cppExport.cmake
[2.551s] -- Installing: /home/knn/USB_test/install/usb_v1/share/usb_v1/cmake/usb_v1__rosidl_typesupport_introspection_cppExport-noconfig.cmake
[2.551s] -- Installing: /home/knn/USB_test/install/usb_v1/share/usb_v1/cmake/usb_v1__rosidl_typesupport_cppExport.cmake
[2.551s] -- Installing: /home/knn/USB_test/install/usb_v1/share/usb_v1/cmake/usb_v1__rosidl_typesupport_cppExport-noconfig.cmake
[2.552s] -- Installing: /home/knn/USB_test/install/usb_v1/share/usb_v1/cmake/export_usb_v1__rosidl_generator_pyExport.cmake
[2.552s] -- Installing: /home/knn/USB_test/install/usb_v1/share/usb_v1/cmake/export_usb_v1__rosidl_generator_pyExport-noconfig.cmake
[2.552s] -- Installing: /home/knn/USB_test/install/usb_v1/share/usb_v1/cmake/rosidl_cmake-extras.cmake
[2.552s] -- Installing: /home/knn/USB_test/install/usb_v1/share/usb_v1/cmake/ament_cmake_export_dependencies-extras.cmake
[2.552s] -- Installing: /home/knn/USB_test/install/usb_v1/share/usb_v1/cmake/ament_cmake_export_include_directories-extras.cmake
[2.552s] -- Installing: /home/knn/USB_test/install/usb_v1/share/usb_v1/cmake/ament_cmake_export_libraries-extras.cmake
[2.552s] -- Installing: /home/knn/USB_test/install/usb_v1/share/usb_v1/cmake/ament_cmake_export_targets-extras.cmake
[2.553s] -- Installing: /home/knn/USB_test/install/usb_v1/share/usb_v1/cmake/rosidl_cmake_export_typesupport_targets-extras.cmake
[2.553s] -- Installing: /home/knn/USB_test/install/usb_v1/share/usb_v1/cmake/rosidl_cmake_export_typesupport_libraries-extras.cmake
[2.553s] -- Installing: /home/knn/USB_test/install/usb_v1/share/usb_v1/cmake/usb_v1Config.cmake
[2.553s] -- Installing: /home/knn/USB_test/install/usb_v1/share/usb_v1/cmake/usb_v1Config-version.cmake
[2.554s] -- Installing: /home/knn/USB_test/install/usb_v1/share/usb_v1/package.xml
[2.554s] Invoked command in '/home/knn/USB_test/build/usb_v1' returned '0': AMENT_PREFIX_PATH=/home/knn/USB_test/install/serial:${AMENT_PREFIX_PATH} CMAKE_PREFIX_PATH=/home/knn/USB_test/install/serial:/home/knn/abu2025_ws/install/ust_05ln_ros2:/home/knn/abu2025_ws/install/irob_maneuv3r:/home/knn/abu2025_ws/install/irob_launcher:/home/knn/abu2025_ws/install/irob_interface:/home/knn/abu2025_ws/install/irob_controller:/home/knn/abu2025_ws/install/irob_msgs:/home/knn/abu2025_ws/install/abu2025_ros2:/opt/ros/humble LD_LIBRARY_PATH=/home/knn/USB_test/install/serial/lib:${LD_LIBRARY_PATH} /usr/bin/cmake --install /home/knn/USB_test/build/usb_v1
