[  2%] [32mBuilding CXX object CMakeFiles/listener.dir/src/Print_Data.cpp.o[0m
[ 11%] Built target usb_v1__cpp
[ 14%] Built target usb_v1__rosidl_generator_c
[ 17%] [32mBuilding CXX object CMakeFiles/talker.dir/src/USB_esp.cpp.o[0m
[ 17%] Built target ament_cmake_python_copy_usb_v1
[ 25%] Built target usb_v1__rosidl_typesupport_introspection_cpp
[ 34%] Built target usb_v1__rosidl_typesupport_cpp
[ 51%] Built target usb_v1__rosidl_typesupport_c
[ 51%] Built target usb_v1__rosidl_typesupport_introspection_c
[ 60%] Built target usb_v1__rosidl_typesupport_fastrtps_cpp
[ 68%] Built target usb_v1__rosidl_typesupport_fastrtps_c
[ 68%] Built target usb_v1
[ 71%] Built target usb_v1__py
[ 77%] Built target usb_v1__rosidl_generator_py
[ 82%] Built target usb_v1__rosidl_typesupport_fastrtps_c__pyext
[ 94%] Built target usb_v1__rosidl_typesupport_introspection_c__pyext
[ 94%] Built target usb_v1__rosidl_typesupport_c__pyext
running egg_info
writing usb_v1.egg-info/PKG-INFO
writing dependency_links to usb_v1.egg-info/dependency_links.txt
writing top-level names to usb_v1.egg-info/top_level.txt
reading manifest file 'usb_v1.egg-info/SOURCES.txt'
writing manifest file 'usb_v1.egg-info/SOURCES.txt'
[ 94%] Built target ament_cmake_python_build_usb_v1_egg
