[0.010s] Invoking command in '/home/knn/USB_test/build/usb_v1': CMAKE_PREFIX_PATH=/home/knn/USB_test/install/serial:/home/knn/USB_test/install/usb_v1:/home/knn/abu2025_ws/install/ust_05ln_ros2:/home/knn/abu2025_ws/install/irob_maneuv3r:/home/knn/abu2025_ws/install/irob_launcher:/home/knn/abu2025_ws/install/irob_interface:/home/knn/abu2025_ws/install/irob_controller:/home/knn/abu2025_ws/install/irob_msgs:/home/knn/abu2025_ws/install/abu2025_ros2:/opt/ros/humble /usr/bin/cmake --build /home/knn/USB_test/build/usb_v1 -- -j12 -l12
[0.050s] [35m[1mConsolidate compiler generated dependencies of target usb_v1__rosidl_generator_c[0m
[0.061s] [  3%] Built target usb_v1__cpp
[0.066s] [ 12%] Built target usb_v1__rosidl_generator_c
[0.069s] [ 12%] Built target ament_cmake_python_copy_usb_v1
[0.073s] [35m[1mConsolidate compiler generated dependencies of target usb_v1__rosidl_typesupport_fastrtps_cpp[0m
[0.079s] [35m[1mConsolidate compiler generated dependencies of target usb_v1__rosidl_typesupport_introspection_cpp[0m
[0.079s] [35m[1mConsolidate compiler generated dependencies of target usb_v1__rosidl_typesupport_cpp[0m
[0.081s] [35m[1mConsolidate compiler generated dependencies of target usb_v1__rosidl_typesupport_fastrtps_c[0m
[0.083s] [35m[1mConsolidate compiler generated dependencies of target usb_v1__rosidl_typesupport_introspection_c[0m
[0.083s] [35m[1mConsolidate compiler generated dependencies of target usb_v1__rosidl_typesupport_c[0m
[0.088s] [ 22%] Built target usb_v1__rosidl_typesupport_fastrtps_cpp
[0.096s] [ 32%] Built target usb_v1__rosidl_typesupport_cpp
[0.096s] [ 41%] Built target usb_v1__rosidl_typesupport_introspection_cpp
[0.099s] [ 51%] Built target usb_v1__rosidl_typesupport_fastrtps_c
[0.100s] [ 61%] Built target usb_v1__rosidl_typesupport_c
[0.100s] [ 70%] Built target usb_v1__rosidl_typesupport_introspection_c
[0.120s] [ 70%] Built target usb_v1
[0.142s] [ 74%] Built target usb_v1__py
[0.152s] [35m[1mConsolidate compiler generated dependencies of target usb_v1__rosidl_generator_py[0m
[0.164s] [ 80%] Built target usb_v1__rosidl_generator_py
[0.175s] [35m[1mConsolidate compiler generated dependencies of target usb_v1__rosidl_typesupport_c__pyext[0m
[0.176s] [35m[1mConsolidate compiler generated dependencies of target usb_v1__rosidl_typesupport_introspection_c__pyext[0m
[0.177s] [35m[1mConsolidate compiler generated dependencies of target usb_v1__rosidl_typesupport_fastrtps_c__pyext[0m
[0.193s] [ 87%] Built target usb_v1__rosidl_typesupport_introspection_c__pyext
[0.193s] [ 96%] Built target usb_v1__rosidl_typesupport_c__pyext
[0.193s] [100%] Built target usb_v1__rosidl_typesupport_fastrtps_c__pyext
[0.263s] running egg_info
[0.264s] writing usb_v1.egg-info/PKG-INFO
[0.264s] writing dependency_links to usb_v1.egg-info/dependency_links.txt
[0.264s] writing top-level names to usb_v1.egg-info/top_level.txt
[0.266s] reading manifest file 'usb_v1.egg-info/SOURCES.txt'
[0.266s] writing manifest file 'usb_v1.egg-info/SOURCES.txt'
[0.288s] [100%] Built target ament_cmake_python_build_usb_v1_egg
[0.298s] Invoked command in '/home/knn/USB_test/build/usb_v1' returned '0': CMAKE_PREFIX_PATH=/home/knn/USB_test/install/serial:/home/knn/USB_test/install/usb_v1:/home/knn/abu2025_ws/install/ust_05ln_ros2:/home/knn/abu2025_ws/install/irob_maneuv3r:/home/knn/abu2025_ws/install/irob_launcher:/home/knn/abu2025_ws/install/irob_interface:/home/knn/abu2025_ws/install/irob_controller:/home/knn/abu2025_ws/install/irob_msgs:/home/knn/abu2025_ws/install/abu2025_ros2:/opt/ros/humble /usr/bin/cmake --build /home/knn/USB_test/build/usb_v1 -- -j12 -l12
[0.300s] Invoking command in '/home/knn/USB_test/build/usb_v1': CMAKE_PREFIX_PATH=/home/knn/USB_test/install/serial:/home/knn/USB_test/install/usb_v1:/home/knn/abu2025_ws/install/ust_05ln_ros2:/home/knn/abu2025_ws/install/irob_maneuv3r:/home/knn/abu2025_ws/install/irob_launcher:/home/knn/abu2025_ws/install/irob_interface:/home/knn/abu2025_ws/install/irob_controller:/home/knn/abu2025_ws/install/irob_msgs:/home/knn/abu2025_ws/install/abu2025_ros2:/opt/ros/humble /usr/bin/cmake --install /home/knn/USB_test/build/usb_v1
[0.308s] -- Install configuration: ""
[0.308s] -- Up-to-date: /home/knn/USB_test/install/usb_v1/share/ament_index/resource_index/rosidl_interfaces/usb_v1
[0.308s] -- Up-to-date: /home/knn/USB_test/install/usb_v1/include/usb_v1/usb_v1
[0.308s] -- Up-to-date: /home/knn/USB_test/install/usb_v1/include/usb_v1/usb_v1/msg
[0.308s] -- Up-to-date: /home/knn/USB_test/install/usb_v1/include/usb_v1/usb_v1/msg/joy.h
[0.308s] -- Up-to-date: /home/knn/USB_test/install/usb_v1/include/usb_v1/usb_v1/msg/rosidl_generator_c__visibility_control.h
[0.308s] -- Up-to-date: /home/knn/USB_test/install/usb_v1/include/usb_v1/usb_v1/msg/detail
[0.308s] -- Up-to-date: /home/knn/USB_test/install/usb_v1/include/usb_v1/usb_v1/msg/detail/joy__functions.h
[0.308s] -- Up-to-date: /home/knn/USB_test/install/usb_v1/include/usb_v1/usb_v1/msg/detail/joy__type_support.h
[0.308s] -- Up-to-date: /home/knn/USB_test/install/usb_v1/include/usb_v1/usb_v1/msg/detail/joy__functions.c
[0.308s] -- Up-to-date: /home/knn/USB_test/install/usb_v1/include/usb_v1/usb_v1/msg/detail/joy__struct.h
[0.308s] -- Up-to-date: /home/knn/USB_test/install/usb_v1/share/usb_v1/environment/library_path.sh
[0.308s] -- Up-to-date: /home/knn/USB_test/install/usb_v1/share/usb_v1/environment/library_path.dsv
[0.308s] -- Up-to-date: /home/knn/USB_test/install/usb_v1/lib/libusb_v1__rosidl_generator_c.so
[0.308s] -- Up-to-date: /home/knn/USB_test/install/usb_v1/include/usb_v1/usb_v1
[0.309s] -- Up-to-date: /home/knn/USB_test/install/usb_v1/include/usb_v1/usb_v1/msg
[0.309s] -- Up-to-date: /home/knn/USB_test/install/usb_v1/include/usb_v1/usb_v1/msg/rosidl_typesupport_fastrtps_c__visibility_control.h
[0.309s] -- Up-to-date: /home/knn/USB_test/install/usb_v1/include/usb_v1/usb_v1/msg/detail
[0.309s] -- Up-to-date: /home/knn/USB_test/install/usb_v1/include/usb_v1/usb_v1/msg/detail/joy__rosidl_typesupport_fastrtps_c.h
[0.309s] -- Up-to-date: /home/knn/USB_test/install/usb_v1/lib/libusb_v1__rosidl_typesupport_fastrtps_c.so
[0.309s] -- Up-to-date: /home/knn/USB_test/install/usb_v1/include/usb_v1/usb_v1
[0.309s] -- Up-to-date: /home/knn/USB_test/install/usb_v1/include/usb_v1/usb_v1/msg
[0.309s] -- Up-to-date: /home/knn/USB_test/install/usb_v1/include/usb_v1/usb_v1/msg/rosidl_generator_cpp__visibility_control.hpp
[0.309s] -- Up-to-date: /home/knn/USB_test/install/usb_v1/include/usb_v1/usb_v1/msg/joy.hpp
[0.309s] -- Up-to-date: /home/knn/USB_test/install/usb_v1/include/usb_v1/usb_v1/msg/detail
[0.309s] -- Up-to-date: /home/knn/USB_test/install/usb_v1/include/usb_v1/usb_v1/msg/detail/joy__traits.hpp
[0.309s] -- Up-to-date: /home/knn/USB_test/install/usb_v1/include/usb_v1/usb_v1/msg/detail/joy__type_support.hpp
[0.309s] -- Up-to-date: /home/knn/USB_test/install/usb_v1/include/usb_v1/usb_v1/msg/detail/joy__struct.hpp
[0.309s] -- Up-to-date: /home/knn/USB_test/install/usb_v1/include/usb_v1/usb_v1/msg/detail/joy__builder.hpp
[0.309s] -- Up-to-date: /home/knn/USB_test/install/usb_v1/include/usb_v1/usb_v1
[0.309s] -- Up-to-date: /home/knn/USB_test/install/usb_v1/include/usb_v1/usb_v1/msg
[0.309s] -- Up-to-date: /home/knn/USB_test/install/usb_v1/include/usb_v1/usb_v1/msg/rosidl_typesupport_fastrtps_cpp__visibility_control.h
[0.310s] -- Up-to-date: /home/knn/USB_test/install/usb_v1/include/usb_v1/usb_v1/msg/detail
[0.310s] -- Up-to-date: /home/knn/USB_test/install/usb_v1/include/usb_v1/usb_v1/msg/detail/dds_fastrtps
[0.310s] -- Up-to-date: /home/knn/USB_test/install/usb_v1/include/usb_v1/usb_v1/msg/detail/joy__rosidl_typesupport_fastrtps_cpp.hpp
[0.310s] -- Up-to-date: /home/knn/USB_test/install/usb_v1/lib/libusb_v1__rosidl_typesupport_fastrtps_cpp.so
[0.310s] -- Up-to-date: /home/knn/USB_test/install/usb_v1/include/usb_v1/usb_v1
[0.310s] -- Up-to-date: /home/knn/USB_test/install/usb_v1/include/usb_v1/usb_v1/msg
[0.310s] -- Up-to-date: /home/knn/USB_test/install/usb_v1/include/usb_v1/usb_v1/msg/rosidl_typesupport_introspection_c__visibility_control.h
[0.310s] -- Up-to-date: /home/knn/USB_test/install/usb_v1/include/usb_v1/usb_v1/msg/detail
[0.310s] -- Up-to-date: /home/knn/USB_test/install/usb_v1/include/usb_v1/usb_v1/msg/detail/joy__type_support.c
[0.310s] -- Up-to-date: /home/knn/USB_test/install/usb_v1/include/usb_v1/usb_v1/msg/detail/joy__rosidl_typesupport_introspection_c.h
[0.310s] -- Up-to-date: /home/knn/USB_test/install/usb_v1/lib/libusb_v1__rosidl_typesupport_introspection_c.so
[0.310s] -- Up-to-date: /home/knn/USB_test/install/usb_v1/lib/libusb_v1__rosidl_typesupport_c.so
[0.310s] -- Up-to-date: /home/knn/USB_test/install/usb_v1/include/usb_v1/usb_v1
[0.310s] -- Up-to-date: /home/knn/USB_test/install/usb_v1/include/usb_v1/usb_v1/msg
[0.311s] -- Up-to-date: /home/knn/USB_test/install/usb_v1/include/usb_v1/usb_v1/msg/detail
[0.311s] -- Up-to-date: /home/knn/USB_test/install/usb_v1/include/usb_v1/usb_v1/msg/detail/joy__type_support.cpp
[0.311s] -- Up-to-date: /home/knn/USB_test/install/usb_v1/include/usb_v1/usb_v1/msg/detail/joy__rosidl_typesupport_introspection_cpp.hpp
[0.311s] -- Up-to-date: /home/knn/USB_test/install/usb_v1/lib/libusb_v1__rosidl_typesupport_introspection_cpp.so
[0.311s] -- Up-to-date: /home/knn/USB_test/install/usb_v1/lib/libusb_v1__rosidl_typesupport_cpp.so
[0.311s] -- Up-to-date: /home/knn/USB_test/install/usb_v1/share/usb_v1/environment/pythonpath.sh
[0.311s] -- Up-to-date: /home/knn/USB_test/install/usb_v1/share/usb_v1/environment/pythonpath.dsv
[0.311s] -- Up-to-date: /home/knn/USB_test/install/usb_v1/local/lib/python3.10/dist-packages/usb_v1-0.0.0-py3.10.egg-info
[0.311s] -- Installing: /home/knn/USB_test/install/usb_v1/local/lib/python3.10/dist-packages/usb_v1-0.0.0-py3.10.egg-info/top_level.txt
[0.311s] -- Installing: /home/knn/USB_test/install/usb_v1/local/lib/python3.10/dist-packages/usb_v1-0.0.0-py3.10.egg-info/dependency_links.txt
[0.311s] -- Installing: /home/knn/USB_test/install/usb_v1/local/lib/python3.10/dist-packages/usb_v1-0.0.0-py3.10.egg-info/SOURCES.txt
[0.311s] -- Installing: /home/knn/USB_test/install/usb_v1/local/lib/python3.10/dist-packages/usb_v1-0.0.0-py3.10.egg-info/PKG-INFO
[0.311s] -- Up-to-date: /home/knn/USB_test/install/usb_v1/local/lib/python3.10/dist-packages/usb_v1
[0.311s] -- Up-to-date: /home/knn/USB_test/install/usb_v1/local/lib/python3.10/dist-packages/usb_v1/usb_v1_s__rosidl_typesupport_c.cpython-310-x86_64-linux-gnu.so
[0.311s] -- Up-to-date: /home/knn/USB_test/install/usb_v1/local/lib/python3.10/dist-packages/usb_v1/msg
[0.311s] -- Up-to-date: /home/knn/USB_test/install/usb_v1/local/lib/python3.10/dist-packages/usb_v1/msg/_joy.py
[0.311s] -- Up-to-date: /home/knn/USB_test/install/usb_v1/local/lib/python3.10/dist-packages/usb_v1/msg/_joy_s.c
[0.311s] -- Up-to-date: /home/knn/USB_test/install/usb_v1/local/lib/python3.10/dist-packages/usb_v1/msg/__init__.py
[0.311s] -- Up-to-date: /home/knn/USB_test/install/usb_v1/local/lib/python3.10/dist-packages/usb_v1/_usb_v1_s.ep.rosidl_typesupport_fastrtps_c.c
[0.311s] -- Up-to-date: /home/knn/USB_test/install/usb_v1/local/lib/python3.10/dist-packages/usb_v1/_usb_v1_s.ep.rosidl_typesupport_introspection_c.c
[0.311s] -- Up-to-date: /home/knn/USB_test/install/usb_v1/local/lib/python3.10/dist-packages/usb_v1/usb_v1_s__rosidl_typesupport_introspection_c.cpython-310-x86_64-linux-gnu.so
[0.312s] -- Up-to-date: /home/knn/USB_test/install/usb_v1/local/lib/python3.10/dist-packages/usb_v1/usb_v1_s__rosidl_typesupport_fastrtps_c.cpython-310-x86_64-linux-gnu.so
[0.312s] -- Up-to-date: /home/knn/USB_test/install/usb_v1/local/lib/python3.10/dist-packages/usb_v1/__init__.py
[0.312s] -- Up-to-date: /home/knn/USB_test/install/usb_v1/local/lib/python3.10/dist-packages/usb_v1/_usb_v1_s.ep.rosidl_typesupport_c.c
[0.312s] -- Up-to-date: /home/knn/USB_test/install/usb_v1/local/lib/python3.10/dist-packages/usb_v1/libusb_v1__rosidl_generator_py.so
[0.343s] Listing '/home/knn/USB_test/install/usb_v1/local/lib/python3.10/dist-packages/usb_v1'...
[0.343s] Listing '/home/knn/USB_test/install/usb_v1/local/lib/python3.10/dist-packages/usb_v1/msg'...
[0.346s] -- Up-to-date: /home/knn/USB_test/install/usb_v1/local/lib/python3.10/dist-packages/usb_v1/usb_v1_s__rosidl_typesupport_fastrtps_c.cpython-310-x86_64-linux-gnu.so
[0.346s] -- Up-to-date: /home/knn/USB_test/install/usb_v1/local/lib/python3.10/dist-packages/usb_v1/usb_v1_s__rosidl_typesupport_introspection_c.cpython-310-x86_64-linux-gnu.so
[0.346s] -- Up-to-date: /home/knn/USB_test/install/usb_v1/local/lib/python3.10/dist-packages/usb_v1/usb_v1_s__rosidl_typesupport_c.cpython-310-x86_64-linux-gnu.so
[0.346s] -- Up-to-date: /home/knn/USB_test/install/usb_v1/lib/libusb_v1__rosidl_generator_py.so
[0.346s] -- Up-to-date: /home/knn/USB_test/install/usb_v1/share/usb_v1/msg/Joy.idl
[0.346s] -- Up-to-date: /home/knn/USB_test/install/usb_v1/share/usb_v1/msg/Joy.msg
[0.347s] -- Up-to-date: /home/knn/USB_test/install/usb_v1/share/ament_index/resource_index/package_run_dependencies/usb_v1
[0.347s] -- Up-to-date: /home/knn/USB_test/install/usb_v1/share/ament_index/resource_index/parent_prefix_path/usb_v1
[0.347s] -- Up-to-date: /home/knn/USB_test/install/usb_v1/share/usb_v1/environment/ament_prefix_path.sh
[0.347s] -- Up-to-date: /home/knn/USB_test/install/usb_v1/share/usb_v1/environment/ament_prefix_path.dsv
[0.347s] -- Up-to-date: /home/knn/USB_test/install/usb_v1/share/usb_v1/environment/path.sh
[0.347s] -- Up-to-date: /home/knn/USB_test/install/usb_v1/share/usb_v1/environment/path.dsv
[0.347s] -- Up-to-date: /home/knn/USB_test/install/usb_v1/share/usb_v1/local_setup.bash
[0.347s] -- Up-to-date: /home/knn/USB_test/install/usb_v1/share/usb_v1/local_setup.sh
[0.347s] -- Up-to-date: /home/knn/USB_test/install/usb_v1/share/usb_v1/local_setup.zsh
[0.347s] -- Up-to-date: /home/knn/USB_test/install/usb_v1/share/usb_v1/local_setup.dsv
[0.347s] -- Installing: /home/knn/USB_test/install/usb_v1/share/usb_v1/package.dsv
[0.347s] -- Up-to-date: /home/knn/USB_test/install/usb_v1/share/ament_index/resource_index/packages/usb_v1
[0.347s] -- Up-to-date: /home/knn/USB_test/install/usb_v1/share/usb_v1/cmake/export_usb_v1__rosidl_generator_cExport.cmake
[0.347s] -- Up-to-date: /home/knn/USB_test/install/usb_v1/share/usb_v1/cmake/export_usb_v1__rosidl_generator_cExport-noconfig.cmake
[0.347s] -- Up-to-date: /home/knn/USB_test/install/usb_v1/share/usb_v1/cmake/export_usb_v1__rosidl_typesupport_fastrtps_cExport.cmake
[0.347s] -- Up-to-date: /home/knn/USB_test/install/usb_v1/share/usb_v1/cmake/export_usb_v1__rosidl_typesupport_fastrtps_cExport-noconfig.cmake
[0.347s] -- Up-to-date: /home/knn/USB_test/install/usb_v1/share/usb_v1/cmake/export_usb_v1__rosidl_generator_cppExport.cmake
[0.347s] -- Up-to-date: /home/knn/USB_test/install/usb_v1/share/usb_v1/cmake/export_usb_v1__rosidl_typesupport_fastrtps_cppExport.cmake
[0.347s] -- Up-to-date: /home/knn/USB_test/install/usb_v1/share/usb_v1/cmake/export_usb_v1__rosidl_typesupport_fastrtps_cppExport-noconfig.cmake
[0.347s] -- Up-to-date: /home/knn/USB_test/install/usb_v1/share/usb_v1/cmake/usb_v1__rosidl_typesupport_introspection_cExport.cmake
[0.347s] -- Up-to-date: /home/knn/USB_test/install/usb_v1/share/usb_v1/cmake/usb_v1__rosidl_typesupport_introspection_cExport-noconfig.cmake
[0.347s] -- Up-to-date: /home/knn/USB_test/install/usb_v1/share/usb_v1/cmake/usb_v1__rosidl_typesupport_cExport.cmake
[0.347s] -- Up-to-date: /home/knn/USB_test/install/usb_v1/share/usb_v1/cmake/usb_v1__rosidl_typesupport_cExport-noconfig.cmake
[0.347s] -- Up-to-date: /home/knn/USB_test/install/usb_v1/share/usb_v1/cmake/usb_v1__rosidl_typesupport_introspection_cppExport.cmake
[0.347s] -- Up-to-date: /home/knn/USB_test/install/usb_v1/share/usb_v1/cmake/usb_v1__rosidl_typesupport_introspection_cppExport-noconfig.cmake
[0.347s] -- Up-to-date: /home/knn/USB_test/install/usb_v1/share/usb_v1/cmake/usb_v1__rosidl_typesupport_cppExport.cmake
[0.347s] -- Up-to-date: /home/knn/USB_test/install/usb_v1/share/usb_v1/cmake/usb_v1__rosidl_typesupport_cppExport-noconfig.cmake
[0.348s] -- Up-to-date: /home/knn/USB_test/install/usb_v1/share/usb_v1/cmake/export_usb_v1__rosidl_generator_pyExport.cmake
[0.348s] -- Up-to-date: /home/knn/USB_test/install/usb_v1/share/usb_v1/cmake/export_usb_v1__rosidl_generator_pyExport-noconfig.cmake
[0.348s] -- Up-to-date: /home/knn/USB_test/install/usb_v1/share/usb_v1/cmake/rosidl_cmake-extras.cmake
[0.348s] -- Up-to-date: /home/knn/USB_test/install/usb_v1/share/usb_v1/cmake/ament_cmake_export_dependencies-extras.cmake
[0.348s] -- Up-to-date: /home/knn/USB_test/install/usb_v1/share/usb_v1/cmake/ament_cmake_export_include_directories-extras.cmake
[0.348s] -- Up-to-date: /home/knn/USB_test/install/usb_v1/share/usb_v1/cmake/ament_cmake_export_libraries-extras.cmake
[0.348s] -- Up-to-date: /home/knn/USB_test/install/usb_v1/share/usb_v1/cmake/ament_cmake_export_targets-extras.cmake
[0.348s] -- Up-to-date: /home/knn/USB_test/install/usb_v1/share/usb_v1/cmake/rosidl_cmake_export_typesupport_targets-extras.cmake
[0.348s] -- Up-to-date: /home/knn/USB_test/install/usb_v1/share/usb_v1/cmake/rosidl_cmake_export_typesupport_libraries-extras.cmake
[0.348s] -- Up-to-date: /home/knn/USB_test/install/usb_v1/share/usb_v1/cmake/usb_v1Config.cmake
[0.348s] -- Up-to-date: /home/knn/USB_test/install/usb_v1/share/usb_v1/cmake/usb_v1Config-version.cmake
[0.348s] -- Up-to-date: /home/knn/USB_test/install/usb_v1/share/usb_v1/package.xml
[0.349s] Invoked command in '/home/knn/USB_test/build/usb_v1' returned '0': CMAKE_PREFIX_PATH=/home/knn/USB_test/install/serial:/home/knn/USB_test/install/usb_v1:/home/knn/abu2025_ws/install/ust_05ln_ros2:/home/knn/abu2025_ws/install/irob_maneuv3r:/home/knn/abu2025_ws/install/irob_launcher:/home/knn/abu2025_ws/install/irob_interface:/home/knn/abu2025_ws/install/irob_controller:/home/knn/abu2025_ws/install/irob_msgs:/home/knn/abu2025_ws/install/abu2025_ros2:/opt/ros/humble /usr/bin/cmake --install /home/knn/USB_test/build/usb_v1
