-- Found ament_cmake: 1.3.11 (/opt/ros/humble/share/ament_cmake/cmake)
-- Found rclcpp: 16.0.11 (/opt/ros/humble/share/rclcpp/cmake)
-- Found rosidl_generator_c: 3.1.6 (/opt/ros/humble/share/rosidl_generator_c/cmake)
-- Found rosidl_adapter: 3.1.6 (/opt/ros/humble/share/rosidl_adapter/cmake)
-- Found rosidl_generator_cpp: 3.1.6 (/opt/ros/humble/share/rosidl_generator_cpp/cmake)
-- Using all available rosidl_typesupport_c: rosidl_typesupport_fastrtps_c;rosidl_typesupport_introspection_c
-- Using all available rosidl_typesupport_cpp: rosidl_typesupport_fastrtps_cpp;rosidl_typesupport_introspection_cpp
-- Found rmw_implementation_cmake: 6.1.2 (/opt/ros/humble/share/rmw_implementation_cmake/cmake)
-- Found rmw_fastrtps_cpp: 6.2.7 (/opt/ros/humble/share/rmw_fastrtps_cpp/cmake)
-- Using RMW implementation 'rmw_fastrtps_cpp' as default
-- Found serial: 1.2.0 (/home/knn/USB_test/install/serial/share/serial/cmake)
-- Found usb_v1: 0.0.0 (/home/knn/USB_test/install/usb_v1/share/usb_v1/cmake)
-- Found rosidl_default_generators: 1.2.0 (/opt/ros/humble/share/rosidl_default_generators/cmake)
-- Found ament_cmake_ros: 0.10.0 (/opt/ros/humble/share/ament_cmake_ros/cmake)
-- Using all available rosidl_typesupport_c: rosidl_typesupport_fastrtps_c;rosidl_typesupport_introspection_c
-- Using all available rosidl_typesupport_cpp: rosidl_typesupport_fastrtps_cpp;rosidl_typesupport_introspection_cpp
-- Found python_cmake_module: 0.10.0 (/opt/ros/humble/share/python_cmake_module/cmake)
-- Using PYTHON_EXECUTABLE: /usr/bin/python3
-- Using PYTHON_INCLUDE_DIRS: /usr/include/python3.10
-- Using PYTHON_LIBRARIES: /usr/lib/x86_64-linux-gnu/libpython3.10.so
-- Configuring done
-- Generating done
-- Build files have been written to: /home/knn/USB_test/build/usb_v1
[35m[1mConsolidate compiler generated dependencies of target usb_v1__rosidl_generator_c[0m
[  9%] Built target usb_v1__rosidl_generator_c
[ 12%] Built target usb_v1__cpp
[ 12%] Built target ament_cmake_python_copy_usb_v1
[35m[1mConsolidate compiler generated dependencies of target usb_v1__rosidl_typesupport_introspection_c[0m
[35m[1mConsolidate compiler generated dependencies of target usb_v1__rosidl_typesupport_fastrtps_c[0m
[35m[1mConsolidate compiler generated dependencies of target usb_v1__rosidl_typesupport_c[0m
[35m[1mConsolidate compiler generated dependencies of target usb_v1__rosidl_typesupport_cpp[0m
[35m[1mConsolidate compiler generated dependencies of target usb_v1__rosidl_typesupport_introspection_cpp[0m
[35m[1mConsolidate compiler generated dependencies of target usb_v1__rosidl_typesupport_fastrtps_cpp[0m
[ 22%] Built target usb_v1__rosidl_typesupport_introspection_c
[ 32%] Built target usb_v1__rosidl_typesupport_cpp
[ 41%] Built target usb_v1__rosidl_typesupport_c
[ 51%] Built target usb_v1__rosidl_typesupport_fastrtps_c
[ 61%] Built target usb_v1__rosidl_typesupport_introspection_cpp
[ 70%] Built target usb_v1__rosidl_typesupport_fastrtps_cpp
[ 70%] Built target usb_v1
[ 74%] Built target usb_v1__py
[35m[1mConsolidate compiler generated dependencies of target usb_v1__rosidl_generator_py[0m
[ 80%] Built target usb_v1__rosidl_generator_py
[35m[1mConsolidate compiler generated dependencies of target usb_v1__rosidl_typesupport_c__pyext[0m
[35m[1mConsolidate compiler generated dependencies of target usb_v1__rosidl_typesupport_fastrtps_c__pyext[0m
[35m[1mConsolidate compiler generated dependencies of target usb_v1__rosidl_typesupport_introspection_c__pyext[0m
[ 87%] Built target usb_v1__rosidl_typesupport_c__pyext
[ 93%] Built target usb_v1__rosidl_typesupport_introspection_c__pyext
[100%] Built target usb_v1__rosidl_typesupport_fastrtps_c__pyext
running egg_info
writing usb_v1.egg-info/PKG-INFO
writing dependency_links to usb_v1.egg-info/dependency_links.txt
writing top-level names to usb_v1.egg-info/top_level.txt
reading manifest file 'usb_v1.egg-info/SOURCES.txt'
writing manifest file 'usb_v1.egg-info/SOURCES.txt'
[100%] Built target ament_cmake_python_build_usb_v1_egg
-- Install configuration: ""
-- Up-to-date: /home/knn/USB_test/install/usb_v1/share/ament_index/resource_index/rosidl_interfaces/usb_v1
-- Up-to-date: /home/knn/USB_test/install/usb_v1/include/usb_v1/usb_v1
-- Up-to-date: /home/knn/USB_test/install/usb_v1/include/usb_v1/usb_v1/msg
-- Installing: /home/knn/USB_test/install/usb_v1/include/usb_v1/usb_v1/msg/joy.h
-- Up-to-date: /home/knn/USB_test/install/usb_v1/include/usb_v1/usb_v1/msg/rosidl_generator_c__visibility_control.h
-- Up-to-date: /home/knn/USB_test/install/usb_v1/include/usb_v1/usb_v1/msg/detail
-- Installing: /home/knn/USB_test/install/usb_v1/include/usb_v1/usb_v1/msg/detail/joy__functions.h
-- Installing: /home/knn/USB_test/install/usb_v1/include/usb_v1/usb_v1/msg/detail/joy__type_support.h
-- Installing: /home/knn/USB_test/install/usb_v1/include/usb_v1/usb_v1/msg/detail/joy__functions.c
-- Installing: /home/knn/USB_test/install/usb_v1/include/usb_v1/usb_v1/msg/detail/joy__struct.h
-- Up-to-date: /home/knn/USB_test/install/usb_v1/share/usb_v1/environment/library_path.sh
-- Installing: /home/knn/USB_test/install/usb_v1/share/usb_v1/environment/library_path.dsv
-- Installing: /home/knn/USB_test/install/usb_v1/lib/libusb_v1__rosidl_generator_c.so
-- Set runtime path of "/home/knn/USB_test/install/usb_v1/lib/libusb_v1__rosidl_generator_c.so" to ""
-- Up-to-date: /home/knn/USB_test/install/usb_v1/include/usb_v1/usb_v1
-- Up-to-date: /home/knn/USB_test/install/usb_v1/include/usb_v1/usb_v1/msg
-- Up-to-date: /home/knn/USB_test/install/usb_v1/include/usb_v1/usb_v1/msg/rosidl_typesupport_fastrtps_c__visibility_control.h
-- Up-to-date: /home/knn/USB_test/install/usb_v1/include/usb_v1/usb_v1/msg/detail
-- Installing: /home/knn/USB_test/install/usb_v1/include/usb_v1/usb_v1/msg/detail/joy__rosidl_typesupport_fastrtps_c.h
-- Installing: /home/knn/USB_test/install/usb_v1/lib/libusb_v1__rosidl_typesupport_fastrtps_c.so
-- Set runtime path of "/home/knn/USB_test/install/usb_v1/lib/libusb_v1__rosidl_typesupport_fastrtps_c.so" to ""
-- Up-to-date: /home/knn/USB_test/install/usb_v1/include/usb_v1/usb_v1
-- Up-to-date: /home/knn/USB_test/install/usb_v1/include/usb_v1/usb_v1/msg
-- Up-to-date: /home/knn/USB_test/install/usb_v1/include/usb_v1/usb_v1/msg/rosidl_generator_cpp__visibility_control.hpp
-- Installing: /home/knn/USB_test/install/usb_v1/include/usb_v1/usb_v1/msg/joy.hpp
-- Up-to-date: /home/knn/USB_test/install/usb_v1/include/usb_v1/usb_v1/msg/detail
-- Installing: /home/knn/USB_test/install/usb_v1/include/usb_v1/usb_v1/msg/detail/joy__traits.hpp
-- Installing: /home/knn/USB_test/install/usb_v1/include/usb_v1/usb_v1/msg/detail/joy__type_support.hpp
-- Installing: /home/knn/USB_test/install/usb_v1/include/usb_v1/usb_v1/msg/detail/joy__struct.hpp
-- Installing: /home/knn/USB_test/install/usb_v1/include/usb_v1/usb_v1/msg/detail/joy__builder.hpp
-- Up-to-date: /home/knn/USB_test/install/usb_v1/include/usb_v1/usb_v1
-- Up-to-date: /home/knn/USB_test/install/usb_v1/include/usb_v1/usb_v1/msg
-- Up-to-date: /home/knn/USB_test/install/usb_v1/include/usb_v1/usb_v1/msg/rosidl_typesupport_fastrtps_cpp__visibility_control.h
-- Up-to-date: /home/knn/USB_test/install/usb_v1/include/usb_v1/usb_v1/msg/detail
-- Up-to-date: /home/knn/USB_test/install/usb_v1/include/usb_v1/usb_v1/msg/detail/dds_fastrtps
-- Installing: /home/knn/USB_test/install/usb_v1/include/usb_v1/usb_v1/msg/detail/joy__rosidl_typesupport_fastrtps_cpp.hpp
-- Installing: /home/knn/USB_test/install/usb_v1/lib/libusb_v1__rosidl_typesupport_fastrtps_cpp.so
-- Set runtime path of "/home/knn/USB_test/install/usb_v1/lib/libusb_v1__rosidl_typesupport_fastrtps_cpp.so" to ""
-- Up-to-date: /home/knn/USB_test/install/usb_v1/include/usb_v1/usb_v1
-- Up-to-date: /home/knn/USB_test/install/usb_v1/include/usb_v1/usb_v1/msg
-- Up-to-date: /home/knn/USB_test/install/usb_v1/include/usb_v1/usb_v1/msg/rosidl_typesupport_introspection_c__visibility_control.h
-- Up-to-date: /home/knn/USB_test/install/usb_v1/include/usb_v1/usb_v1/msg/detail
-- Installing: /home/knn/USB_test/install/usb_v1/include/usb_v1/usb_v1/msg/detail/joy__type_support.c
-- Installing: /home/knn/USB_test/install/usb_v1/include/usb_v1/usb_v1/msg/detail/joy__rosidl_typesupport_introspection_c.h
-- Installing: /home/knn/USB_test/install/usb_v1/lib/libusb_v1__rosidl_typesupport_introspection_c.so
-- Set runtime path of "/home/knn/USB_test/install/usb_v1/lib/libusb_v1__rosidl_typesupport_introspection_c.so" to ""
-- Installing: /home/knn/USB_test/install/usb_v1/lib/libusb_v1__rosidl_typesupport_c.so
-- Set runtime path of "/home/knn/USB_test/install/usb_v1/lib/libusb_v1__rosidl_typesupport_c.so" to ""
-- Up-to-date: /home/knn/USB_test/install/usb_v1/include/usb_v1/usb_v1
-- Up-to-date: /home/knn/USB_test/install/usb_v1/include/usb_v1/usb_v1/msg
-- Up-to-date: /home/knn/USB_test/install/usb_v1/include/usb_v1/usb_v1/msg/detail
-- Installing: /home/knn/USB_test/install/usb_v1/include/usb_v1/usb_v1/msg/detail/joy__type_support.cpp
-- Installing: /home/knn/USB_test/install/usb_v1/include/usb_v1/usb_v1/msg/detail/joy__rosidl_typesupport_introspection_cpp.hpp
-- Installing: /home/knn/USB_test/install/usb_v1/lib/libusb_v1__rosidl_typesupport_introspection_cpp.so
-- Set runtime path of "/home/knn/USB_test/install/usb_v1/lib/libusb_v1__rosidl_typesupport_introspection_cpp.so" to ""
-- Installing: /home/knn/USB_test/install/usb_v1/lib/libusb_v1__rosidl_typesupport_cpp.so
-- Set runtime path of "/home/knn/USB_test/install/usb_v1/lib/libusb_v1__rosidl_typesupport_cpp.so" to ""
-- Up-to-date: /home/knn/USB_test/install/usb_v1/share/usb_v1/environment/pythonpath.sh
-- Installing: /home/knn/USB_test/install/usb_v1/share/usb_v1/environment/pythonpath.dsv
-- Up-to-date: /home/knn/USB_test/install/usb_v1/local/lib/python3.10/dist-packages/usb_v1-0.0.0-py3.10.egg-info
-- Installing: /home/knn/USB_test/install/usb_v1/local/lib/python3.10/dist-packages/usb_v1-0.0.0-py3.10.egg-info/top_level.txt
-- Installing: /home/knn/USB_test/install/usb_v1/local/lib/python3.10/dist-packages/usb_v1-0.0.0-py3.10.egg-info/dependency_links.txt
-- Installing: /home/knn/USB_test/install/usb_v1/local/lib/python3.10/dist-packages/usb_v1-0.0.0-py3.10.egg-info/SOURCES.txt
-- Installing: /home/knn/USB_test/install/usb_v1/local/lib/python3.10/dist-packages/usb_v1-0.0.0-py3.10.egg-info/PKG-INFO
-- Up-to-date: /home/knn/USB_test/install/usb_v1/local/lib/python3.10/dist-packages/usb_v1
-- Installing: /home/knn/USB_test/install/usb_v1/local/lib/python3.10/dist-packages/usb_v1/usb_v1_s__rosidl_typesupport_c.cpython-310-x86_64-linux-gnu.so
-- Up-to-date: /home/knn/USB_test/install/usb_v1/local/lib/python3.10/dist-packages/usb_v1/msg
-- Installing: /home/knn/USB_test/install/usb_v1/local/lib/python3.10/dist-packages/usb_v1/msg/_joy.py
-- Installing: /home/knn/USB_test/install/usb_v1/local/lib/python3.10/dist-packages/usb_v1/msg/_joy_s.c
-- Installing: /home/knn/USB_test/install/usb_v1/local/lib/python3.10/dist-packages/usb_v1/msg/__init__.py
-- Installing: /home/knn/USB_test/install/usb_v1/local/lib/python3.10/dist-packages/usb_v1/_usb_v1_s.ep.rosidl_typesupport_fastrtps_c.c
-- Installing: /home/knn/USB_test/install/usb_v1/local/lib/python3.10/dist-packages/usb_v1/_usb_v1_s.ep.rosidl_typesupport_introspection_c.c
-- Installing: /home/knn/USB_test/install/usb_v1/local/lib/python3.10/dist-packages/usb_v1/usb_v1_s__rosidl_typesupport_introspection_c.cpython-310-x86_64-linux-gnu.so
-- Installing: /home/knn/USB_test/install/usb_v1/local/lib/python3.10/dist-packages/usb_v1/usb_v1_s__rosidl_typesupport_fastrtps_c.cpython-310-x86_64-linux-gnu.so
-- Installing: /home/knn/USB_test/install/usb_v1/local/lib/python3.10/dist-packages/usb_v1/__init__.py
-- Installing: /home/knn/USB_test/install/usb_v1/local/lib/python3.10/dist-packages/usb_v1/_usb_v1_s.ep.rosidl_typesupport_c.c
-- Installing: /home/knn/USB_test/install/usb_v1/local/lib/python3.10/dist-packages/usb_v1/libusb_v1__rosidl_generator_py.so
Listing '/home/knn/USB_test/install/usb_v1/local/lib/python3.10/dist-packages/usb_v1'...
Compiling '/home/knn/USB_test/install/usb_v1/local/lib/python3.10/dist-packages/usb_v1/__init__.py'...
Listing '/home/knn/USB_test/install/usb_v1/local/lib/python3.10/dist-packages/usb_v1/msg'...
Compiling '/home/knn/USB_test/install/usb_v1/local/lib/python3.10/dist-packages/usb_v1/msg/__init__.py'...
Compiling '/home/knn/USB_test/install/usb_v1/local/lib/python3.10/dist-packages/usb_v1/msg/_joy.py'...
-- Installing: /home/knn/USB_test/install/usb_v1/local/lib/python3.10/dist-packages/usb_v1/usb_v1_s__rosidl_typesupport_fastrtps_c.cpython-310-x86_64-linux-gnu.so
-- Set runtime path of "/home/knn/USB_test/install/usb_v1/local/lib/python3.10/dist-packages/usb_v1/usb_v1_s__rosidl_typesupport_fastrtps_c.cpython-310-x86_64-linux-gnu.so" to ""
-- Installing: /home/knn/USB_test/install/usb_v1/local/lib/python3.10/dist-packages/usb_v1/usb_v1_s__rosidl_typesupport_introspection_c.cpython-310-x86_64-linux-gnu.so
-- Set runtime path of "/home/knn/USB_test/install/usb_v1/local/lib/python3.10/dist-packages/usb_v1/usb_v1_s__rosidl_typesupport_introspection_c.cpython-310-x86_64-linux-gnu.so" to ""
-- Installing: /home/knn/USB_test/install/usb_v1/local/lib/python3.10/dist-packages/usb_v1/usb_v1_s__rosidl_typesupport_c.cpython-310-x86_64-linux-gnu.so
-- Set runtime path of "/home/knn/USB_test/install/usb_v1/local/lib/python3.10/dist-packages/usb_v1/usb_v1_s__rosidl_typesupport_c.cpython-310-x86_64-linux-gnu.so" to ""
-- Installing: /home/knn/USB_test/install/usb_v1/lib/libusb_v1__rosidl_generator_py.so
-- Set runtime path of "/home/knn/USB_test/install/usb_v1/lib/libusb_v1__rosidl_generator_py.so" to ""
-- Installing: /home/knn/USB_test/install/usb_v1/share/usb_v1/msg/Joy.idl
-- Installing: /home/knn/USB_test/install/usb_v1/share/usb_v1/msg/Joy.msg
-- Up-to-date: /home/knn/USB_test/install/usb_v1/share/ament_index/resource_index/package_run_dependencies/usb_v1
-- Installing: /home/knn/USB_test/install/usb_v1/share/ament_index/resource_index/parent_prefix_path/usb_v1
-- Up-to-date: /home/knn/USB_test/install/usb_v1/share/usb_v1/environment/ament_prefix_path.sh
-- Installing: /home/knn/USB_test/install/usb_v1/share/usb_v1/environment/ament_prefix_path.dsv
-- Up-to-date: /home/knn/USB_test/install/usb_v1/share/usb_v1/environment/path.sh
-- Installing: /home/knn/USB_test/install/usb_v1/share/usb_v1/environment/path.dsv
-- Up-to-date: /home/knn/USB_test/install/usb_v1/share/usb_v1/local_setup.bash
-- Up-to-date: /home/knn/USB_test/install/usb_v1/share/usb_v1/local_setup.sh
-- Up-to-date: /home/knn/USB_test/install/usb_v1/share/usb_v1/local_setup.zsh
-- Installing: /home/knn/USB_test/install/usb_v1/share/usb_v1/local_setup.dsv
-- Installing: /home/knn/USB_test/install/usb_v1/share/usb_v1/package.dsv
-- Up-to-date: /home/knn/USB_test/install/usb_v1/share/ament_index/resource_index/packages/usb_v1
-- Up-to-date: /home/knn/USB_test/install/usb_v1/share/usb_v1/cmake/export_usb_v1__rosidl_generator_cExport.cmake
-- Up-to-date: /home/knn/USB_test/install/usb_v1/share/usb_v1/cmake/export_usb_v1__rosidl_generator_cExport-noconfig.cmake
-- Up-to-date: /home/knn/USB_test/install/usb_v1/share/usb_v1/cmake/export_usb_v1__rosidl_typesupport_fastrtps_cExport.cmake
-- Up-to-date: /home/knn/USB_test/install/usb_v1/share/usb_v1/cmake/export_usb_v1__rosidl_typesupport_fastrtps_cExport-noconfig.cmake
-- Up-to-date: /home/knn/USB_test/install/usb_v1/share/usb_v1/cmake/export_usb_v1__rosidl_generator_cppExport.cmake
-- Up-to-date: /home/knn/USB_test/install/usb_v1/share/usb_v1/cmake/export_usb_v1__rosidl_typesupport_fastrtps_cppExport.cmake
-- Up-to-date: /home/knn/USB_test/install/usb_v1/share/usb_v1/cmake/export_usb_v1__rosidl_typesupport_fastrtps_cppExport-noconfig.cmake
-- Up-to-date: /home/knn/USB_test/install/usb_v1/share/usb_v1/cmake/usb_v1__rosidl_typesupport_introspection_cExport.cmake
-- Up-to-date: /home/knn/USB_test/install/usb_v1/share/usb_v1/cmake/usb_v1__rosidl_typesupport_introspection_cExport-noconfig.cmake
-- Up-to-date: /home/knn/USB_test/install/usb_v1/share/usb_v1/cmake/usb_v1__rosidl_typesupport_cExport.cmake
-- Up-to-date: /home/knn/USB_test/install/usb_v1/share/usb_v1/cmake/usb_v1__rosidl_typesupport_cExport-noconfig.cmake
-- Up-to-date: /home/knn/USB_test/install/usb_v1/share/usb_v1/cmake/usb_v1__rosidl_typesupport_introspection_cppExport.cmake
-- Up-to-date: /home/knn/USB_test/install/usb_v1/share/usb_v1/cmake/usb_v1__rosidl_typesupport_introspection_cppExport-noconfig.cmake
-- Up-to-date: /home/knn/USB_test/install/usb_v1/share/usb_v1/cmake/usb_v1__rosidl_typesupport_cppExport.cmake
-- Up-to-date: /home/knn/USB_test/install/usb_v1/share/usb_v1/cmake/usb_v1__rosidl_typesupport_cppExport-noconfig.cmake
-- Up-to-date: /home/knn/USB_test/install/usb_v1/share/usb_v1/cmake/export_usb_v1__rosidl_generator_pyExport.cmake
-- Up-to-date: /home/knn/USB_test/install/usb_v1/share/usb_v1/cmake/export_usb_v1__rosidl_generator_pyExport-noconfig.cmake
-- Up-to-date: /home/knn/USB_test/install/usb_v1/share/usb_v1/cmake/rosidl_cmake-extras.cmake
-- Up-to-date: /home/knn/USB_test/install/usb_v1/share/usb_v1/cmake/ament_cmake_export_dependencies-extras.cmake
-- Up-to-date: /home/knn/USB_test/install/usb_v1/share/usb_v1/cmake/ament_cmake_export_include_directories-extras.cmake
-- Up-to-date: /home/knn/USB_test/install/usb_v1/share/usb_v1/cmake/ament_cmake_export_libraries-extras.cmake
-- Up-to-date: /home/knn/USB_test/install/usb_v1/share/usb_v1/cmake/ament_cmake_export_targets-extras.cmake
-- Up-to-date: /home/knn/USB_test/install/usb_v1/share/usb_v1/cmake/rosidl_cmake_export_typesupport_targets-extras.cmake
-- Up-to-date: /home/knn/USB_test/install/usb_v1/share/usb_v1/cmake/rosidl_cmake_export_typesupport_libraries-extras.cmake
-- Up-to-date: /home/knn/USB_test/install/usb_v1/share/usb_v1/cmake/usb_v1Config.cmake
-- Up-to-date: /home/knn/USB_test/install/usb_v1/share/usb_v1/cmake/usb_v1Config-version.cmake
-- Up-to-date: /home/knn/USB_test/install/usb_v1/share/usb_v1/package.xml
