[35m[1mConsolidate compiler generated dependencies of target talker[0m
[35m[1mConsolidate compiler generated dependencies of target listener[0m
[  5%] Built target talker
[  8%] Built target usb_v1__cpp
[ 17%] Built target usb_v1__rosidl_generator_c
[ 20%] Built target ament_cmake_python_copy_usb_v1
[ 20%] [32mBuilding CXX object CMakeFiles/listener.dir/src/Print_Data.cpp.o[0m
[ 28%] Built target usb_v1__rosidl_typesupport_fastrtps_c
[ 37%] Built target usb_v1__rosidl_typesupport_introspection_c
[ 51%] Built target usb_v1__rosidl_typesupport_c
[ 54%] Built target usb_v1__rosidl_typesupport_cpp
[ 62%] Built target usb_v1__rosidl_typesupport_introspection_cpp
[ 71%] Built target usb_v1__rosidl_typesupport_fastrtps_cpp
[ 71%] Built target usb_v1
[ 74%] Built target usb_v1__py
[ 80%] Built target usb_v1__rosidl_generator_py
[ 85%] Built target usb_v1__rosidl_typesupport_introspection_c__pyext
[ 97%] Built target usb_v1__rosidl_typesupport_c__pyext
[ 97%] Built target usb_v1__rosidl_typesupport_fastrtps_c__pyext
running egg_info
writing usb_v1.egg-info/PKG-INFO
writing dependency_links to usb_v1.egg-info/dependency_links.txt
writing top-level names to usb_v1.egg-info/top_level.txt
reading manifest file 'usb_v1.egg-info/SOURCES.txt'
writing manifest file 'usb_v1.egg-info/SOURCES.txt'
[ 97%] Built target ament_cmake_python_build_usb_v1_egg
